---------------------------------------------------------------
[ 2019-06-23T15:58:25+08:00 ] 223.104.146.23 POST dgw.wh68.wanheweb.com/login
[运行时间：0.313226s] [吞吐率：3.19req/s] [内存消耗：3,263.07kb] [文件加载：126]
[ info ] [ CACHE ] INIT File
[ info ] [ BEHAVIOR ] Run cmf\behavior\InitHookBehavior @app_init [ RunTime:0.002365s ]
[ info ] [ LANG ] /home/dagongwang/simplewind/thinkphp/lang/zh-cn.php
[ info ] [ ROUTE ] array (
  'type' => 'module',
  'module' => 
  array (
    0 => 'api',
    1 => 'Login',
    2 => 'login',
  ),
  'convert' => false,
)
[ info ] [ HEADER ] array (
  'x-requested-with' => 'com.tencent.mm',
  'x-forwarded-for-pound' => '223.104.146.23',
  'x-forwarded-for' => '223.104.146.23',
  'user-agent' => 'Mozilla/5.0 (Linux; Android 8.1.0; vivo X20 Build/OPM1.171019.011; wv) AppleWebKit/537.36 (KHTML, like Gecko) Version/4.0 Chrome/66.0.3359.126 MQQBrowser/6.2 TBS/044705 Mobile Safari/537.36 MMWEBID/7035 MicroMessenger/7.0.4.1420(0x2700043C) Process/tools NetType/4G Language/zh_CN',
  'referer' => 'http://wxdgw.wh68.wanheweb.com/?type=1&code=061gMzaZ1zJi9U0DfG9Z1jcMaZ1gMzaw&state=1',
  'origin' => 'http://wxdgw.wh68.wanheweb.com',
  'host' => 'dgw.wh68.wanheweb.com',
  'content-type' => 'application/x-www-form-urlencoded; charset=UTF-8',
  'content-length' => '37',
  'connection' => 'close',
  'accept-language' => 'zh-CN,en-US;q=0.9',
  'accept-encoding' => 'gzip',
  'accept' => 'application/json, text/javascript, */*; q=0.01',
)
[ info ] [ PARAM ] array (
  'code' => '061gMzaZ1zJi9U0DfG9Z1jcMaZ1gMzaw',
)
[ info ] [ LANG ] /home/dagongwang/simplewind/cmf/behavior/../lang/zh-cn.php
[ info ] [ LANG ] /home/dagongwang/public/../app/admin/lang/zh-cn/common.php
[ info ] [ LANG ] /home/dagongwang/public/../app/portal/lang/zh-cn/common.php
[ info ] [ BEHAVIOR ] Run cmf\behavior\LangBehavior @app_begin [ RunTime:0.001148s ]
[ info ] [ BEHAVIOR ] Run cmf\behavior\InitAppHookBehavior @module_init [ RunTime:0.000290s ]
[ info ] [ DB ] INIT mysql
[ info ] [ RUN ] app\api\controller\LoginController->login[ /home/dagongwang/app/api/controller/LoginController.php ]
[ info ] [ LOG ] INIT File
[ sql ] [ DB ] CONNECT:[ UseTime:0.000536s ] mysql:host=127.0.0.1;port=3306;dbname=dgw_wh68_wanhewe;charset=utf8mb4
[ sql ] [ SQL ] SHOW COLUMNS FROM `cherry_account` [ RunTime:0.001329s ]
[ sql ] [ SQL ] SELECT * FROM `cherry_account` WHERE  `openId` = 'ougGT53yDEaxgvGcwSagIfEERscs' LIMIT 1 [ RunTime:0.000578s ]
[ sql ] [ EXPLAIN : array (
  'id' => 1,
  'select_type' => 'SIMPLE',
  'table' => 'cherry_account',
  'type' => 'const',
  'possible_keys' => 'open',
  'key' => 'open',
  'key_len' => '152',
  'ref' => 'const',
  'rows' => 1,
  'extra' => '',
) ]
---------------------------------------------------------------
[ 2019-06-23T15:58:27+08:00 ] 223.104.146.23 OPTIONS dgw.wh68.wanheweb.com/workType/1
[运行时间：0.038093s] [吞吐率：26.25req/s] [内存消耗：2,212.69kb] [文件加载：113]
[ info ] [ CACHE ] INIT File
[ info ] [ BEHAVIOR ] Run cmf\behavior\InitHookBehavior @app_init [ RunTime:0.002516s ]
[ info ] [ LANG ] /home/dagongwang/simplewind/thinkphp/lang/zh-cn.php
[ info ] [ ROUTE ] array (
  'type' => 'module',
  'module' => 
  array (
    0 => 'api',
    1 => 'Work',
    2 => 'getWorkType',
  ),
  'convert' => false,
)
[ info ] [ HEADER ] array (
  'x-requested-with' => 'com.tencent.mm',
  'accept-language' => 'zh-CN,en-US;q=0.9',
  'accept-encoding' => 'gzip, deflate',
  'accept' => '*/*',
  'access-control-request-headers' => 'openid',
  'user-agent' => 'Mozilla/5.0 (Linux; Android 8.1.0; vivo X20 Build/OPM1.171019.011; wv) AppleWebKit/537.36 (KHTML, like Gecko) Version/4.0 Chrome/66.0.3359.126 MQQBrowser/6.2 TBS/044705 Mobile Safari/537.36 MMWEBID/7035 MicroMessenger/7.0.4.1420(0x2700043C) Process/tools NetType/4G Language/zh_CN',
  'origin' => 'http://wxdgw.wh68.wanheweb.com',
  'access-control-request-method' => 'POST',
  'connection' => 'keep-alive',
  'host' => 'dgw.wh68.wanheweb.com',
  'content-type' => '',
  'content-length' => '',
)
[ info ] [ PARAM ] array (
  'auth' => '1',
)
[ info ] [ LANG ] /home/dagongwang/simplewind/cmf/behavior/../lang/zh-cn.php
[ info ] [ LANG ] /home/dagongwang/public/../app/admin/lang/zh-cn/common.php
[ info ] [ LANG ] /home/dagongwang/public/../app/portal/lang/zh-cn/common.php
[ info ] [ BEHAVIOR ] Run cmf\behavior\LangBehavior @app_begin [ RunTime:0.001201s ]
[ info ] [ BEHAVIOR ] Run cmf\behavior\InitAppHookBehavior @module_init [ RunTime:0.000302s ]
[ info ] [ LOG ] INIT File
---------------------------------------------------------------
[ 2019-06-23T15:58:27+08:00 ] 223.104.146.23 OPTIONS dgw.wh68.wanheweb.com/customerMobile
[运行时间：0.037187s] [吞吐率：26.89req/s] [内存消耗：2,211.55kb] [文件加载：113]
[ info ] [ CACHE ] INIT File
[ info ] [ BEHAVIOR ] Run cmf\behavior\InitHookBehavior @app_init [ RunTime:0.002369s ]
[ info ] [ LANG ] /home/dagongwang/simplewind/thinkphp/lang/zh-cn.php
[ info ] [ ROUTE ] array (
  'type' => 'module',
  'module' => 
  array (
    0 => 'api',
    1 => 'Work',
    2 => 'getPlatformMobile',
  ),
  'convert' => false,
)
[ info ] [ HEADER ] array (
  'x-requested-with' => 'com.tencent.mm',
  'accept-language' => 'zh-CN,en-US;q=0.9',
  'accept-encoding' => 'gzip, deflate',
  'accept' => '*/*',
  'access-control-request-headers' => 'openid',
  'user-agent' => 'Mozilla/5.0 (Linux; Android 8.1.0; vivo X20 Build/OPM1.171019.011; wv) AppleWebKit/537.36 (KHTML, like Gecko) Version/4.0 Chrome/66.0.3359.126 MQQBrowser/6.2 TBS/044705 Mobile Safari/537.36 MMWEBID/7035 MicroMessenger/7.0.4.1420(0x2700043C) Process/tools NetType/4G Language/zh_CN',
  'origin' => 'http://wxdgw.wh68.wanheweb.com',
  'access-control-request-method' => 'POST',
  'connection' => 'keep-alive',
  'host' => 'dgw.wh68.wanheweb.com',
  'content-type' => '',
  'content-length' => '',
)
[ info ] [ PARAM ] array (
)
[ info ] [ LANG ] /home/dagongwang/simplewind/cmf/behavior/../lang/zh-cn.php
[ info ] [ LANG ] /home/dagongwang/public/../app/admin/lang/zh-cn/common.php
[ info ] [ LANG ] /home/dagongwang/public/../app/portal/lang/zh-cn/common.php
[ info ] [ BEHAVIOR ] Run cmf\behavior\LangBehavior @app_begin [ RunTime:0.001162s ]
[ info ] [ BEHAVIOR ] Run cmf\behavior\InitAppHookBehavior @module_init [ RunTime:0.000307s ]
[ info ] [ LOG ] INIT File
---------------------------------------------------------------
[ 2019-06-23T15:58:27+08:00 ] 223.104.146.23 POST dgw.wh68.wanheweb.com/workType/1
[运行时间：0.054915s] [吞吐率：18.21req/s] [内存消耗：3,495.08kb] [文件加载：134]
[ info ] [ CACHE ] INIT File
[ info ] [ BEHAVIOR ] Run cmf\behavior\InitHookBehavior @app_init [ RunTime:0.002490s ]
[ info ] [ LANG ] /home/dagongwang/simplewind/thinkphp/lang/zh-cn.php
[ info ] [ ROUTE ] array (
  'type' => 'module',
  'module' => 
  array (
    0 => 'api',
    1 => 'Work',
    2 => 'getWorkType',
  ),
  'convert' => false,
)
[ info ] [ HEADER ] array (
  'x-requested-with' => 'com.tencent.mm',
  'x-forwarded-for-pound' => '223.104.146.23',
  'x-forwarded-for' => '223.104.146.23',
  'user-agent' => 'Mozilla/5.0 (Linux; Android 8.1.0; vivo X20 Build/OPM1.171019.011; wv) AppleWebKit/537.36 (KHTML, like Gecko) Version/4.0 Chrome/66.0.3359.126 MQQBrowser/6.2 TBS/044705 Mobile Safari/537.36 MMWEBID/7035 MicroMessenger/7.0.4.1420(0x2700043C) Process/tools NetType/4G Language/zh_CN',
  'referer' => 'http://wxdgw.wh68.wanheweb.com/html/index.html',
  'origin' => 'http://wxdgw.wh68.wanheweb.com',
  'openid' => 'ougGT53yDEaxgvGcwSagIfEERscs',
  'host' => 'dgw.wh68.wanheweb.com',
  'content-type' => 'application/x-www-form-urlencoded; charset=UTF-8',
  'content-length' => '6',
  'connection' => 'close',
  'accept-language' => 'zh-CN,en-US;q=0.9',
  'accept-encoding' => 'gzip',
  'accept' => 'application/json, text/javascript, */*; q=0.01',
)
[ info ] [ PARAM ] array (
  'auth' => '1',
)
[ info ] [ LANG ] /home/dagongwang/simplewind/cmf/behavior/../lang/zh-cn.php
[ info ] [ LANG ] /home/dagongwang/public/../app/admin/lang/zh-cn/common.php
[ info ] [ LANG ] /home/dagongwang/public/../app/portal/lang/zh-cn/common.php
[ info ] [ BEHAVIOR ] Run cmf\behavior\LangBehavior @app_begin [ RunTime:0.001176s ]
[ info ] [ BEHAVIOR ] Run cmf\behavior\InitAppHookBehavior @module_init [ RunTime:0.000304s ]
[ info ] [ DB ] INIT mysql
[ info ] [ RUN ] app\api\controller\WorkController->getWorkType[ /home/dagongwang/app/api/controller/WorkController.php ]
[ info ] [ LOG ] INIT File
[ sql ] [ DB ] CONNECT:[ UseTime:0.000479s ] mysql:host=127.0.0.1;port=3306;dbname=dgw_wh68_wanhewe;charset=utf8mb4
[ sql ] [ SQL ] SHOW COLUMNS FROM `cherry_type` [ RunTime:0.000985s ]
[ sql ] [ SQL ] SELECT `id`,`name`,`picture` FROM `cherry_type` WHERE  `type` = 1  AND `status` = 1 [ RunTime:0.000337s ]
[ sql ] [ EXPLAIN : array (
  'id' => 1,
  'select_type' => 'SIMPLE',
  'table' => 'cherry_type',
  'type' => 'ref',
  'possible_keys' => 'typestatus',
  'key' => 'typestatus',
  'key_len' => '2',
  'ref' => 'const,const',
  'rows' => 4,
  'extra' => '',
) ]
---------------------------------------------------------------
[ 2019-06-23T15:58:27+08:00 ] 223.104.146.23 POST dgw.wh68.wanheweb.com/customerMobile
[运行时间：0.056074s] [吞吐率：17.83req/s] [内存消耗：3,480.77kb] [文件加载：133]
[ info ] [ CACHE ] INIT File
[ info ] [ BEHAVIOR ] Run cmf\behavior\InitHookBehavior @app_init [ RunTime:0.002490s ]
[ info ] [ LANG ] /home/dagongwang/simplewind/thinkphp/lang/zh-cn.php
[ info ] [ ROUTE ] array (
  'type' => 'module',
  'module' => 
  array (
    0 => 'api',
    1 => 'Work',
    2 => 'getPlatformMobile',
  ),
  'convert' => false,
)
[ info ] [ HEADER ] array (
  'x-requested-with' => 'com.tencent.mm',
  'x-forwarded-for-pound' => '223.104.146.23',
  'x-forwarded-for' => '223.104.146.23',
  'user-agent' => 'Mozilla/5.0 (Linux; Android 8.1.0; vivo X20 Build/OPM1.171019.011; wv) AppleWebKit/537.36 (KHTML, like Gecko) Version/4.0 Chrome/66.0.3359.126 MQQBrowser/6.2 TBS/044705 Mobile Safari/537.36 MMWEBID/7035 MicroMessenger/7.0.4.1420(0x2700043C) Process/tools NetType/4G Language/zh_CN',
  'referer' => 'http://wxdgw.wh68.wanheweb.com/html/index.html',
  'origin' => 'http://wxdgw.wh68.wanheweb.com',
  'openid' => 'ougGT53yDEaxgvGcwSagIfEERscs',
  'host' => 'dgw.wh68.wanheweb.com',
  'content-type' => 'application/x-www-form-urlencoded',
  'content-length' => '0',
  'connection' => 'close',
  'accept-language' => 'zh-CN,en-US;q=0.9',
  'accept-encoding' => 'gzip',
  'accept' => 'application/json, text/javascript, */*; q=0.01',
)
[ info ] [ PARAM ] array (
)
[ info ] [ LANG ] /home/dagongwang/simplewind/cmf/behavior/../lang/zh-cn.php
[ info ] [ LANG ] /home/dagongwang/public/../app/admin/lang/zh-cn/common.php
[ info ] [ LANG ] /home/dagongwang/public/../app/portal/lang/zh-cn/common.php
[ info ] [ BEHAVIOR ] Run cmf\behavior\LangBehavior @app_begin [ RunTime:0.001179s ]
[ info ] [ BEHAVIOR ] Run cmf\behavior\InitAppHookBehavior @module_init [ RunTime:0.000302s ]
[ info ] [ DB ] INIT mysql
[ info ] [ RUN ] app\api\controller\WorkController->getPlatformMobile[ /home/dagongwang/app/api/controller/WorkController.php ]
[ info ] [ LOG ] INIT File
[ sql ] [ DB ] CONNECT:[ UseTime:0.000484s ] mysql:host=127.0.0.1;port=3306;dbname=dgw_wh68_wanhewe;charset=utf8mb4
[ sql ] [ SQL ] SHOW COLUMNS FROM `cherry_config` [ RunTime:0.001162s ]
[ sql ] [ SQL ] SELECT `content` FROM `cherry_config` WHERE  `id` = 1 LIMIT 1 [ RunTime:0.000253s ]
[ sql ] [ EXPLAIN : array (
  'id' => 1,
  'select_type' => 'SIMPLE',
  'table' => 'cherry_config',
  'type' => 'const',
  'possible_keys' => 'PRIMARY',
  'key' => 'PRIMARY',
  'key_len' => '1',
  'ref' => 'const',
  'rows' => 1,
  'extra' => '',
) ]
---------------------------------------------------------------
[ 2019-06-23T15:58:27+08:00 ] 223.104.146.23 OPTIONS dgw.wh68.wanheweb.com/area/%E6%88%90%E9%83%BD%E5%B8%82
[运行时间：0.031510s] [吞吐率：31.74req/s] [内存消耗：2,198.88kb] [文件加载：113]
[ info ] [ CACHE ] INIT File
[ info ] [ BEHAVIOR ] Run cmf\behavior\InitHookBehavior @app_init [ RunTime:0.001861s ]
[ info ] [ LANG ] /home/dagongwang/simplewind/thinkphp/lang/zh-cn.php
[ info ] [ ROUTE ] array (
  'type' => 'module',
  'module' => 
  array (
    0 => 'api',
    1 => 'Address',
    2 => 'getCityId',
  ),
  'convert' => false,
)
[ info ] [ HEADER ] array (
  'x-requested-with' => 'com.tencent.mm',
  'accept-language' => 'zh-CN,en-US;q=0.9',
  'accept-encoding' => 'gzip, deflate',
  'accept' => '*/*',
  'access-control-request-headers' => 'openid',
  'user-agent' => 'Mozilla/5.0 (Linux; Android 8.1.0; vivo X20 Build/OPM1.171019.011; wv) AppleWebKit/537.36 (KHTML, like Gecko) Version/4.0 Chrome/66.0.3359.126 MQQBrowser/6.2 TBS/044705 Mobile Safari/537.36 MMWEBID/7035 MicroMessenger/7.0.4.1420(0x2700043C) Process/tools NetType/4G Language/zh_CN',
  'origin' => 'http://wxdgw.wh68.wanheweb.com',
  'access-control-request-method' => 'POST',
  'connection' => 'keep-alive',
  'host' => 'dgw.wh68.wanheweb.com',
  'content-type' => '',
  'content-length' => '',
)
[ info ] [ PARAM ] array (
  'city' => '成都市',
)
[ info ] [ LANG ] /home/dagongwang/simplewind/cmf/behavior/../lang/zh-cn.php
[ info ] [ LANG ] /home/dagongwang/public/../app/admin/lang/zh-cn/common.php
[ info ] [ LANG ] /home/dagongwang/public/../app/portal/lang/zh-cn/common.php
[ info ] [ BEHAVIOR ] Run cmf\behavior\LangBehavior @app_begin [ RunTime:0.000931s ]
[ info ] [ BEHAVIOR ] Run cmf\behavior\InitAppHookBehavior @module_init [ RunTime:0.000239s ]
[ info ] [ LOG ] INIT File
---------------------------------------------------------------
[ 2019-06-23T15:58:27+08:00 ] 223.104.146.23 OPTIONS dgw.wh68.wanheweb.com/recommendWork
[运行时间：0.037669s] [吞吐率：26.55req/s] [内存消耗：2,211.54kb] [文件加载：113]
[ info ] [ CACHE ] INIT File
[ info ] [ BEHAVIOR ] Run cmf\behavior\InitHookBehavior @app_init [ RunTime:0.002482s ]
[ info ] [ LANG ] /home/dagongwang/simplewind/thinkphp/lang/zh-cn.php
[ info ] [ ROUTE ] array (
  'type' => 'module',
  'module' => 
  array (
    0 => 'api',
    1 => 'Work',
    2 => 'recommendWork',
  ),
  'convert' => false,
)
[ info ] [ HEADER ] array (
  'x-requested-with' => 'com.tencent.mm',
  'accept-language' => 'zh-CN,en-US;q=0.9',
  'accept-encoding' => 'gzip, deflate',
  'accept' => '*/*',
  'access-control-request-headers' => 'openid',
  'user-agent' => 'Mozilla/5.0 (Linux; Android 8.1.0; vivo X20 Build/OPM1.171019.011; wv) AppleWebKit/537.36 (KHTML, like Gecko) Version/4.0 Chrome/66.0.3359.126 MQQBrowser/6.2 TBS/044705 Mobile Safari/537.36 MMWEBID/7035 MicroMessenger/7.0.4.1420(0x2700043C) Process/tools NetType/4G Language/zh_CN',
  'origin' => 'http://wxdgw.wh68.wanheweb.com',
  'access-control-request-method' => 'POST',
  'connection' => 'keep-alive',
  'host' => 'dgw.wh68.wanheweb.com',
  'content-type' => '',
  'content-length' => '',
)
[ info ] [ PARAM ] array (
)
[ info ] [ LANG ] /home/dagongwang/simplewind/cmf/behavior/../lang/zh-cn.php
[ info ] [ LANG ] /home/dagongwang/public/../app/admin/lang/zh-cn/common.php
[ info ] [ LANG ] /home/dagongwang/public/../app/portal/lang/zh-cn/common.php
[ info ] [ BEHAVIOR ] Run cmf\behavior\LangBehavior @app_begin [ RunTime:0.001170s ]
[ info ] [ BEHAVIOR ] Run cmf\behavior\InitAppHookBehavior @module_init [ RunTime:0.000301s ]
[ info ] [ LOG ] INIT File
---------------------------------------------------------------
[ 2019-06-23T15:58:27+08:00 ] 223.104.146.23 OPTIONS dgw.wh68.wanheweb.com/workList
[运行时间：0.032668s] [吞吐率：30.61req/s] [内存消耗：2,211.51kb] [文件加载：113]
[ info ] [ CACHE ] INIT File
[ info ] [ BEHAVIOR ] Run cmf\behavior\InitHookBehavior @app_init [ RunTime:0.002124s ]
[ info ] [ LANG ] /home/dagongwang/simplewind/thinkphp/lang/zh-cn.php
[ info ] [ ROUTE ] array (
  'type' => 'module',
  'module' => 
  array (
    0 => 'api',
    1 => 'Work',
    2 => 'getWork',
  ),
  'convert' => false,
)
[ info ] [ HEADER ] array (
  'x-requested-with' => 'com.tencent.mm',
  'accept-language' => 'zh-CN,en-US;q=0.9',
  'accept-encoding' => 'gzip, deflate',
  'accept' => '*/*',
  'access-control-request-headers' => 'openid',
  'user-agent' => 'Mozilla/5.0 (Linux; Android 8.1.0; vivo X20 Build/OPM1.171019.011; wv) AppleWebKit/537.36 (KHTML, like Gecko) Version/4.0 Chrome/66.0.3359.126 MQQBrowser/6.2 TBS/044705 Mobile Safari/537.36 MMWEBID/7035 MicroMessenger/7.0.4.1420(0x2700043C) Process/tools NetType/4G Language/zh_CN',
  'origin' => 'http://wxdgw.wh68.wanheweb.com',
  'access-control-request-method' => 'POST',
  'connection' => 'keep-alive',
  'host' => 'dgw.wh68.wanheweb.com',
  'content-type' => '',
  'content-length' => '',
)
[ info ] [ PARAM ] array (
)
[ info ] [ LANG ] /home/dagongwang/simplewind/cmf/behavior/../lang/zh-cn.php
[ info ] [ LANG ] /home/dagongwang/public/../app/admin/lang/zh-cn/common.php
[ info ] [ LANG ] /home/dagongwang/public/../app/portal/lang/zh-cn/common.php
[ info ] [ BEHAVIOR ] Run cmf\behavior\LangBehavior @app_begin [ RunTime:0.001058s ]
[ info ] [ BEHAVIOR ] Run cmf\behavior\InitAppHookBehavior @module_init [ RunTime:0.000272s ]
[ info ] [ LOG ] INIT File
---------------------------------------------------------------
[ 2019-06-23T15:58:27+08:00 ] 223.104.146.23 POST dgw.wh68.wanheweb.com/area/%E6%88%90%E9%83%BD%E5%B8%82
[运行时间：0.053450s] [吞吐率：18.71req/s] [内存消耗：3,258.86kb] [文件加载：126]
[ info ] [ CACHE ] INIT File
[ info ] [ BEHAVIOR ] Run cmf\behavior\InitHookBehavior @app_init [ RunTime:0.002597s ]
[ info ] [ LANG ] /home/dagongwang/simplewind/thinkphp/lang/zh-cn.php
[ info ] [ ROUTE ] array (
  'type' => 'module',
  'module' => 
  array (
    0 => 'api',
    1 => 'Address',
    2 => 'getCityId',
  ),
  'convert' => false,
)
[ info ] [ HEADER ] array (
  'x-requested-with' => 'com.tencent.mm',
  'x-forwarded-for-pound' => '223.104.146.23',
  'x-forwarded-for' => '223.104.146.23',
  'user-agent' => 'Mozilla/5.0 (Linux; Android 8.1.0; vivo X20 Build/OPM1.171019.011; wv) AppleWebKit/537.36 (KHTML, like Gecko) Version/4.0 Chrome/66.0.3359.126 MQQBrowser/6.2 TBS/044705 Mobile Safari/537.36 MMWEBID/7035 MicroMessenger/7.0.4.1420(0x2700043C) Process/tools NetType/4G Language/zh_CN',
  'referer' => 'http://wxdgw.wh68.wanheweb.com/html/index.html',
  'origin' => 'http://wxdgw.wh68.wanheweb.com',
  'openid' => 'ougGT53yDEaxgvGcwSagIfEERscs',
  'host' => 'dgw.wh68.wanheweb.com',
  'content-type' => 'application/x-www-form-urlencoded; charset=UTF-8',
  'content-length' => '50',
  'connection' => 'close',
  'accept-language' => 'zh-CN,en-US;q=0.9',
  'accept-encoding' => 'gzip',
  'accept' => 'application/json, text/javascript, */*; q=0.01',
)
[ info ] [ PARAM ] array (
  'city' => '成都市',
)
[ info ] [ LANG ] /home/dagongwang/simplewind/cmf/behavior/../lang/zh-cn.php
[ info ] [ LANG ] /home/dagongwang/public/../app/admin/lang/zh-cn/common.php
[ info ] [ LANG ] /home/dagongwang/public/../app/portal/lang/zh-cn/common.php
[ info ] [ BEHAVIOR ] Run cmf\behavior\LangBehavior @app_begin [ RunTime:0.001183s ]
[ info ] [ BEHAVIOR ] Run cmf\behavior\InitAppHookBehavior @module_init [ RunTime:0.000304s ]
[ info ] [ DB ] INIT mysql
[ info ] [ RUN ] app\api\controller\AddressController->getCityId[ /home/dagongwang/app/api/controller/AddressController.php ]
[ info ] [ LOG ] INIT File
[ sql ] [ DB ] CONNECT:[ UseTime:0.000401s ] mysql:host=127.0.0.1;port=3306;dbname=dgw_wh68_wanhewe;charset=utf8mb4
[ sql ] [ SQL ] SHOW COLUMNS FROM `cherry_address` [ RunTime:0.001089s ]
[ sql ] [ SQL ] SELECT `id` FROM `cherry_address` WHERE  `level` = 2  AND `name` LIKE '%成都市%' LIMIT 1 [ RunTime:0.000329s ]
[ sql ] [ EXPLAIN : array (
  'id' => 1,
  'select_type' => 'SIMPLE',
  'table' => 'cherry_address',
  'type' => 'ref',
  'possible_keys' => 'level',
  'key' => 'level',
  'key_len' => '2',
  'ref' => 'const',
  'rows' => 373,
  'extra' => 'Using where',
) ]
---------------------------------------------------------------
[ 2019-06-23T15:58:27+08:00 ] 223.104.146.23 POST dgw.wh68.wanheweb.com/recommendWork
[运行时间：0.048935s] [吞吐率：20.44req/s] [内存消耗：3,494.96kb] [文件加载：133]
[ info ] [ CACHE ] INIT File
[ info ] [ BEHAVIOR ] Run cmf\behavior\InitHookBehavior @app_init [ RunTime:0.001936s ]
[ info ] [ LANG ] /home/dagongwang/simplewind/thinkphp/lang/zh-cn.php
[ info ] [ ROUTE ] array (
  'type' => 'module',
  'module' => 
  array (
    0 => 'api',
    1 => 'Work',
    2 => 'recommendWork',
  ),
  'convert' => false,
)
[ info ] [ HEADER ] array (
  'x-requested-with' => 'com.tencent.mm',
  'x-forwarded-for-pound' => '223.104.146.23',
  'x-forwarded-for' => '223.104.146.23',
  'user-agent' => 'Mozilla/5.0 (Linux; Android 8.1.0; vivo X20 Build/OPM1.171019.011; wv) AppleWebKit/537.36 (KHTML, like Gecko) Version/4.0 Chrome/66.0.3359.126 MQQBrowser/6.2 TBS/044705 Mobile Safari/537.36 MMWEBID/7035 MicroMessenger/7.0.4.1420(0x2700043C) Process/tools NetType/4G Language/zh_CN',
  'referer' => 'http://wxdgw.wh68.wanheweb.com/html/index.html',
  'origin' => 'http://wxdgw.wh68.wanheweb.com',
  'openid' => 'ougGT53yDEaxgvGcwSagIfEERscs',
  'host' => 'dgw.wh68.wanheweb.com',
  'content-type' => 'application/x-www-form-urlencoded; charset=UTF-8',
  'content-length' => '18',
  'connection' => 'close',
  'accept-language' => 'zh-CN,en-US;q=0.9',
  'accept-encoding' => 'gzip',
  'accept' => 'application/json, text/javascript, */*; q=0.01',
)
[ info ] [ PARAM ] array (
  'city' => '',
  'top' => '1',
  'type' => '8',
)
[ info ] [ LANG ] /home/dagongwang/simplewind/cmf/behavior/../lang/zh-cn.php
[ info ] [ LANG ] /home/dagongwang/public/../app/admin/lang/zh-cn/common.php
[ info ] [ LANG ] /home/dagongwang/public/../app/portal/lang/zh-cn/common.php
[ info ] [ BEHAVIOR ] Run cmf\behavior\LangBehavior @app_begin [ RunTime:0.000962s ]
[ info ] [ BEHAVIOR ] Run cmf\behavior\InitAppHookBehavior @module_init [ RunTime:0.000247s ]
[ info ] [ DB ] INIT mysql
[ info ] [ RUN ] app\api\controller\WorkController->recommendWork[ /home/dagongwang/app/api/controller/WorkController.php ]
[ info ] [ LOG ] INIT File
[ sql ] [ DB ] CONNECT:[ UseTime:0.000439s ] mysql:host=127.0.0.1;port=3306;dbname=dgw_wh68_wanhewe;charset=utf8mb4
[ sql ] [ SQL ] SHOW COLUMNS FROM `cherry_work` [ RunTime:0.001159s ]
[ sql ] [ SQL ] SELECT `c`.`short_name`,`w`.`supply`,`w`.`base_info`,`w`.`company_id`,`w`.`id`,`w`.`tag` FROM `cherry_work` `w` LEFT JOIN `cherry_company` `c` ON `c`.`id`=`w`.`company_id` WHERE  `is_recommend` = 1  AND `w`.`status` = 1  AND `w`.`top` = 1  AND `w`.`type` = '8' LIMIT 1 [ RunTime:0.000421s ]
[ sql ] [ EXPLAIN : array (
  'id' => 1,
  'select_type' => 'SIMPLE',
  'table' => 'w',
  'type' => 'ref',
  'possible_keys' => 'b_state',
  'key' => 'b_state',
  'key_len' => '1',
  'ref' => 'const',
  'rows' => 58,
  'extra' => 'Using where',
) ]
[ sql ] [ SQL ] SHOW COLUMNS FROM `cherry_company_picture` [ RunTime:0.000712s ]
[ sql ] [ SQL ] SELECT * FROM `cherry_company_picture` WHERE  `id` = 7 LIMIT 1 [ RunTime:0.000197s ]
[ sql ] [ EXPLAIN : array (
  'id' => 1,
  'select_type' => 'SIMPLE',
  'table' => 'cherry_company_picture',
  'type' => 'const',
  'possible_keys' => 'PRIMARY',
  'key' => 'PRIMARY',
  'key_len' => '8',
  'ref' => 'const',
  'rows' => 1,
  'extra' => '',
) ]
[ sql ] [ SQL ] SHOW COLUMNS FROM `cherry_type` [ RunTime:0.000961s ]
[ sql ] [ SQL ] SELECT `name` FROM `cherry_type` WHERE  `id` = 1 LIMIT 1 [ RunTime:0.000191s ]
[ sql ] [ EXPLAIN : array (
  'id' => 1,
  'select_type' => 'SIMPLE',
  'table' => 'cherry_type',
  'type' => 'const',
  'possible_keys' => 'PRIMARY',
  'key' => 'PRIMARY',
  'key_len' => '4',
  'ref' => 'const',
  'rows' => 1,
  'extra' => '',
) ]
[ sql ] [ SQL ] SELECT `name` FROM `cherry_type` WHERE  `id` = 2 LIMIT 1 [ RunTime:0.000202s ]
[ sql ] [ EXPLAIN : array (
  'id' => 1,
  'select_type' => 'SIMPLE',
  'table' => 'cherry_type',
  'type' => 'const',
  'possible_keys' => 'PRIMARY',
  'key' => 'PRIMARY',
  'key_len' => '4',
  'ref' => 'const',
  'rows' => 1,
  'extra' => '',
) ]
[ sql ] [ SQL ] SELECT `name` FROM `cherry_type` WHERE  `id` = 3 LIMIT 1 [ RunTime:0.000190s ]
[ sql ] [ EXPLAIN : array (
  'id' => 1,
  'select_type' => 'SIMPLE',
  'table' => 'cherry_type',
  'type' => 'const',
  'possible_keys' => 'PRIMARY',
  'key' => 'PRIMARY',
  'key_len' => '4',
  'ref' => 'const',
  'rows' => 1,
  'extra' => '',
) ]
---------------------------------------------------------------
[ 2019-06-23T15:58:27+08:00 ] 223.104.146.23 POST dgw.wh68.wanheweb.com/workList
[运行时间：0.057120s] [吞吐率：17.51req/s] [内存消耗：3,535.69kb] [文件加载：135]
[ info ] [ CACHE ] INIT File
[ info ] [ BEHAVIOR ] Run cmf\behavior\InitHookBehavior @app_init [ RunTime:0.001935s ]
[ info ] [ LANG ] /home/dagongwang/simplewind/thinkphp/lang/zh-cn.php
[ info ] [ ROUTE ] array (
  'type' => 'module',
  'module' => 
  array (
    0 => 'api',
    1 => 'Work',
    2 => 'getWork',
  ),
  'convert' => false,
)
[ info ] [ HEADER ] array (
  'x-requested-with' => 'com.tencent.mm',
  'x-forwarded-for-pound' => '223.104.146.23',
  'x-forwarded-for' => '223.104.146.23',
  'user-agent' => 'Mozilla/5.0 (Linux; Android 8.1.0; vivo X20 Build/OPM1.171019.011; wv) AppleWebKit/537.36 (KHTML, like Gecko) Version/4.0 Chrome/66.0.3359.126 MQQBrowser/6.2 TBS/044705 Mobile Safari/537.36 MMWEBID/7035 MicroMessenger/7.0.4.1420(0x2700043C) Process/tools NetType/4G Language/zh_CN',
  'referer' => 'http://wxdgw.wh68.wanheweb.com/html/index.html',
  'origin' => 'http://wxdgw.wh68.wanheweb.com',
  'openid' => 'ougGT53yDEaxgvGcwSagIfEERscs',
  'host' => 'dgw.wh68.wanheweb.com',
  'content-type' => 'application/x-www-form-urlencoded; charset=UTF-8',
  'content-length' => '33',
  'connection' => 'close',
  'accept-language' => 'zh-CN,en-US;q=0.9',
  'accept-encoding' => 'gzip',
  'accept' => 'application/json, text/javascript, */*; q=0.01',
)
[ info ] [ PARAM ] array (
  'city' => '',
  'top' => '1',
  'type' => '8',
  'page' => '1',
  'limit' => '6',
)
[ info ] [ LANG ] /home/dagongwang/simplewind/cmf/behavior/../lang/zh-cn.php
[ info ] [ LANG ] /home/dagongwang/public/../app/admin/lang/zh-cn/common.php
[ info ] [ LANG ] /home/dagongwang/public/../app/portal/lang/zh-cn/common.php
[ info ] [ BEHAVIOR ] Run cmf\behavior\LangBehavior @app_begin [ RunTime:0.000979s ]
[ info ] [ BEHAVIOR ] Run cmf\behavior\InitAppHookBehavior @module_init [ RunTime:0.000250s ]
[ info ] [ DB ] INIT mysql
[ info ] [ RUN ] app\api\controller\WorkController->getWork[ /home/dagongwang/app/api/controller/WorkController.php ]
[ info ] [ LOG ] INIT File
[ sql ] [ DB ] CONNECT:[ UseTime:0.000233s ] mysql:host=127.0.0.1;port=3306;dbname=dgw_wh68_wanhewe;charset=utf8mb4
[ sql ] [ SQL ] SHOW COLUMNS FROM `cherry_work` [ RunTime:0.000863s ]
[ sql ] [ SQL ] SELECT COUNT(*) AS tp_count FROM `cherry_work` `w` LEFT JOIN `cherry_company` `c` ON `c`.`id`=`w`.`company_id` WHERE  `w`.`status` = 1  AND `w`.`top` = 1  AND `w`.`type` = '8' LIMIT 1 [ RunTime:0.000424s ]
[ sql ] [ EXPLAIN : array (
  'id' => 1,
  'select_type' => 'SIMPLE',
  'table' => 'w',
  'type' => 'ref',
  'possible_keys' => 'b_state',
  'key' => 'b_state',
  'key_len' => '1',
  'ref' => 'const',
  'rows' => 58,
  'extra' => 'Using where',
) ]
[ sql ] [ SQL ] SELECT `c`.`short_name`,`w`.`supply`,`w`.`base_info`,`w`.`company_id`,`w`.`id`,`w`.`tag` FROM `cherry_work` `w` LEFT JOIN `cherry_company` `c` ON `c`.`id`=`w`.`company_id` WHERE  `w`.`status` = 1  AND `w`.`top` = 1  AND `w`.`type` = '8' LIMIT 0,6 [ RunTime:0.000428s ]
[ sql ] [ EXPLAIN : array (
  'id' => 1,
  'select_type' => 'SIMPLE',
  'table' => 'w',
  'type' => 'ref',
  'possible_keys' => 'b_state',
  'key' => 'b_state',
  'key_len' => '1',
  'ref' => 'const',
  'rows' => 58,
  'extra' => 'Using where',
) ]
[ sql ] [ SQL ] SHOW COLUMNS FROM `cherry_company_picture` [ RunTime:0.000967s ]
[ sql ] [ SQL ] SELECT * FROM `cherry_company_picture` WHERE  `id` = 8 LIMIT 1 [ RunTime:0.000189s ]
[ sql ] [ EXPLAIN : array (
  'id' => 1,
  'select_type' => 'SIMPLE',
  'table' => 'cherry_company_picture',
  'type' => 'const',
  'possible_keys' => 'PRIMARY',
  'key' => 'PRIMARY',
  'key_len' => '8',
  'ref' => 'const',
  'rows' => 1,
  'extra' => '',
) ]
[ sql ] [ SQL ] SHOW COLUMNS FROM `cherry_type` [ RunTime:0.000637s ]
[ sql ] [ SQL ] SELECT `name` FROM `cherry_type` WHERE  `id` = 1 LIMIT 1 [ RunTime:0.000142s ]
[ sql ] [ EXPLAIN : array (
  'id' => 1,
  'select_type' => 'SIMPLE',
  'table' => 'cherry_type',
  'type' => 'const',
  'possible_keys' => 'PRIMARY',
  'key' => 'PRIMARY',
  'key_len' => '4',
  'ref' => 'const',
  'rows' => 1,
  'extra' => '',
) ]
[ sql ] [ SQL ] SELECT `name` FROM `cherry_type` WHERE  `id` = 2 LIMIT 1 [ RunTime:0.000142s ]
[ sql ] [ EXPLAIN : array (
  'id' => 1,
  'select_type' => 'SIMPLE',
  'table' => 'cherry_type',
  'type' => 'const',
  'possible_keys' => 'PRIMARY',
  'key' => 'PRIMARY',
  'key_len' => '4',
  'ref' => 'const',
  'rows' => 1,
  'extra' => '',
) ]
[ sql ] [ SQL ] SELECT * FROM `cherry_company_picture` WHERE  `id` = 5 LIMIT 1 [ RunTime:0.000147s ]
[ sql ] [ EXPLAIN : array (
  'id' => 1,
  'select_type' => 'SIMPLE',
  'table' => 'cherry_company_picture',
  'type' => 'const',
  'possible_keys' => 'PRIMARY',
  'key' => 'PRIMARY',
  'key_len' => '8',
  'ref' => 'const',
  'rows' => 1,
  'extra' => '',
) ]
[ sql ] [ SQL ] SELECT `name` FROM `cherry_type` WHERE  `id` = 1 LIMIT 1 [ RunTime:0.000189s ]
[ sql ] [ EXPLAIN : array (
  'id' => 1,
  'select_type' => 'SIMPLE',
  'table' => 'cherry_type',
  'type' => 'const',
  'possible_keys' => 'PRIMARY',
  'key' => 'PRIMARY',
  'key_len' => '4',
  'ref' => 'const',
  'rows' => 1,
  'extra' => '',
) ]
[ sql ] [ SQL ] SELECT `name` FROM `cherry_type` WHERE  `id` = 2 LIMIT 1 [ RunTime:0.000208s ]
[ sql ] [ EXPLAIN : array (
  'id' => 1,
  'select_type' => 'SIMPLE',
  'table' => 'cherry_type',
  'type' => 'const',
  'possible_keys' => 'PRIMARY',
  'key' => 'PRIMARY',
  'key_len' => '4',
  'ref' => 'const',
  'rows' => 1,
  'extra' => '',
) ]
[ sql ] [ SQL ] SELECT * FROM `cherry_company_picture` WHERE  `id` = 10 LIMIT 1 [ RunTime:0.000216s ]
[ sql ] [ EXPLAIN : array (
  'id' => 1,
  'select_type' => 'SIMPLE',
  'table' => 'cherry_company_picture',
  'type' => 'const',
  'possible_keys' => 'PRIMARY',
  'key' => 'PRIMARY',
  'key_len' => '8',
  'ref' => 'const',
  'rows' => 1,
  'extra' => '',
) ]
[ sql ] [ SQL ] SELECT `name` FROM `cherry_type` WHERE  `id` = 1 LIMIT 1 [ RunTime:0.000211s ]
[ sql ] [ EXPLAIN : array (
  'id' => 1,
  'select_type' => 'SIMPLE',
  'table' => 'cherry_type',
  'type' => 'const',
  'possible_keys' => 'PRIMARY',
  'key' => 'PRIMARY',
  'key_len' => '4',
  'ref' => 'const',
  'rows' => 1,
  'extra' => '',
) ]
[ sql ] [ SQL ] SELECT `name` FROM `cherry_type` WHERE  `id` = 2 LIMIT 1 [ RunTime:0.000175s ]
[ sql ] [ EXPLAIN : array (
  'id' => 1,
  'select_type' => 'SIMPLE',
  'table' => 'cherry_type',
  'type' => 'const',
  'possible_keys' => 'PRIMARY',
  'key' => 'PRIMARY',
  'key_len' => '4',
  'ref' => 'const',
  'rows' => 1,
  'extra' => '',
) ]
[ sql ] [ SQL ] SELECT * FROM `cherry_company_picture` WHERE  `id` = 7 LIMIT 1 [ RunTime:0.000182s ]
[ sql ] [ EXPLAIN : array (
  'id' => 1,
  'select_type' => 'SIMPLE',
  'table' => 'cherry_company_picture',
  'type' => 'const',
  'possible_keys' => 'PRIMARY',
  'key' => 'PRIMARY',
  'key_len' => '8',
  'ref' => 'const',
  'rows' => 1,
  'extra' => '',
) ]
[ sql ] [ SQL ] SELECT `name` FROM `cherry_type` WHERE  `id` = 1 LIMIT 1 [ RunTime:0.000176s ]
[ sql ] [ EXPLAIN : array (
  'id' => 1,
  'select_type' => 'SIMPLE',
  'table' => 'cherry_type',
  'type' => 'const',
  'possible_keys' => 'PRIMARY',
  'key' => 'PRIMARY',
  'key_len' => '4',
  'ref' => 'const',
  'rows' => 1,
  'extra' => '',
) ]
[ sql ] [ SQL ] SELECT `name` FROM `cherry_type` WHERE  `id` = 2 LIMIT 1 [ RunTime:0.000172s ]
[ sql ] [ EXPLAIN : array (
  'id' => 1,
  'select_type' => 'SIMPLE',
  'table' => 'cherry_type',
  'type' => 'const',
  'possible_keys' => 'PRIMARY',
  'key' => 'PRIMARY',
  'key_len' => '4',
  'ref' => 'const',
  'rows' => 1,
  'extra' => '',
) ]
[ sql ] [ SQL ] SELECT `name` FROM `cherry_type` WHERE  `id` = 3 LIMIT 1 [ RunTime:0.000173s ]
[ sql ] [ EXPLAIN : array (
  'id' => 1,
  'select_type' => 'SIMPLE',
  'table' => 'cherry_type',
  'type' => 'const',
  'possible_keys' => 'PRIMARY',
  'key' => 'PRIMARY',
  'key_len' => '4',
  'ref' => 'const',
  'rows' => 1,
  'extra' => '',
) ]
[ sql ] [ SQL ] SELECT * FROM `cherry_company_picture` WHERE  `id` = 12 LIMIT 1 [ RunTime:0.000181s ]
[ sql ] [ EXPLAIN : array (
  'id' => 1,
  'select_type' => 'SIMPLE',
  'table' => NULL,
  'type' => NULL,
  'possible_keys' => NULL,
  'key' => NULL,
  'key_len' => NULL,
  'ref' => NULL,
  'rows' => NULL,
  'extra' => 'Impossible WHERE noticed after reading const tables',
) ]
[ sql ] [ SQL ] SELECT `name` FROM `cherry_type` WHERE  `id` = 1 LIMIT 1 [ RunTime:0.000177s ]
[ sql ] [ EXPLAIN : array (
  'id' => 1,
  'select_type' => 'SIMPLE',
  'table' => 'cherry_type',
  'type' => 'const',
  'possible_keys' => 'PRIMARY',
  'key' => 'PRIMARY',
  'key_len' => '4',
  'ref' => 'const',
  'rows' => 1,
  'extra' => '',
) ]
[ sql ] [ SQL ] SELECT `name` FROM `cherry_type` WHERE  `id` = 2 LIMIT 1 [ RunTime:0.000172s ]
[ sql ] [ EXPLAIN : array (
  'id' => 1,
  'select_type' => 'SIMPLE',
  'table' => 'cherry_type',
  'type' => 'const',
  'possible_keys' => 'PRIMARY',
  'key' => 'PRIMARY',
  'key_len' => '4',
  'ref' => 'const',
  'rows' => 1,
  'extra' => '',
) ]
[ sql ] [ SQL ] SELECT * FROM `cherry_company_picture` WHERE  `id` = 13 LIMIT 1 [ RunTime:0.000267s ]
[ sql ] [ EXPLAIN : array (
  'id' => 1,
  'select_type' => 'SIMPLE',
  'table' => 'cherry_company_picture',
  'type' => 'const',
  'possible_keys' => 'PRIMARY',
  'key' => 'PRIMARY',
  'key_len' => '8',
  'ref' => 'const',
  'rows' => 1,
  'extra' => '',
) ]
[ sql ] [ SQL ] SELECT `name` FROM `cherry_type` WHERE  `id` = 1 LIMIT 1 [ RunTime:0.000204s ]
[ sql ] [ EXPLAIN : array (
  'id' => 1,
  'select_type' => 'SIMPLE',
  'table' => 'cherry_type',
  'type' => 'const',
  'possible_keys' => 'PRIMARY',
  'key' => 'PRIMARY',
  'key_len' => '4',
  'ref' => 'const',
  'rows' => 1,
  'extra' => '',
) ]
[ sql ] [ SQL ] SELECT `name` FROM `cherry_type` WHERE  `id` = 2 LIMIT 1 [ RunTime:0.000174s ]
[ sql ] [ EXPLAIN : array (
  'id' => 1,
  'select_type' => 'SIMPLE',
  'table' => 'cherry_type',
  'type' => 'const',
  'possible_keys' => 'PRIMARY',
  'key' => 'PRIMARY',
  'key_len' => '4',
  'ref' => 'const',
  'rows' => 1,
  'extra' => '',
) ]
---------------------------------------------------------------
[ 2019-06-23T15:58:27+08:00 ] 58.246.221.160 GET dgw.wh68.wanheweb.com/
[运行时间：0.041069s] [吞吐率：24.35req/s] [内存消耗：2,340.83kb] [文件加载：123]
[ info ] [ CACHE ] INIT File
[ info ] [ BEHAVIOR ] Run cmf\behavior\InitHookBehavior @app_init [ RunTime:0.002374s ]
[ info ] [ LANG ] /home/dagongwang/simplewind/thinkphp/lang/zh-cn.php
[ info ] [ ROUTE ] array (
  'type' => 'module',
  'module' => 
  array (
    0 => '',
    1 => NULL,
    2 => NULL,
  ),
)
[ info ] [ HEADER ] array (
  'user-agent' => 'Mozilla/5.0 (Windows; U; Windows NT 5.1; zh-CN; rv:1.9b4) Gecko/2008030317 Firefox/3.0b4',
  'q-ua' => 'KQB22_GA/220020&KMTT_3/200020&JV2&151920&SunMicrosystemswtk&0&4309&V3',
  'host' => 'dgw.wh68.wanheweb.com',
  'content-length' => '0',
  'connection' => 'close',
  'accept-encoding' => 'gzip,deflate',
  'accept-charset' => 'gb2312,iso8859-1,utf-8',
  'accept' => 'text/vnd.wap.wml,text/html,application/vnd.wap.xhtml+xml,application/xhtml+xml',
  'content-type' => '',
)
[ info ] [ PARAM ] array (
)
[ info ] [ LANG ] /home/dagongwang/simplewind/cmf/behavior/../lang/zh-cn.php
[ info ] [ LANG ] /home/dagongwang/public/../app/admin/lang/zh-cn/common.php
[ info ] [ LANG ] /home/dagongwang/public/../app/portal/lang/zh-cn/common.php
[ info ] [ BEHAVIOR ] Run cmf\behavior\LangBehavior @app_begin [ RunTime:0.001124s ]
[ info ] [ LANG ] /home/dagongwang/public/../app/portal/lang/zh-cn.php
[ info ] [ BEHAVIOR ] Run cmf\behavior\InitAppHookBehavior @module_init [ RunTime:0.000290s ]
[ info ] [ LANG ] /home/dagongwang/public/../app/portal/lang/zh-cn/home.php
[ info ] [ BEHAVIOR ] Run cmf\behavior\HomeLangBehavior @home_init [ RunTime:0.000708s ]
[ info ] [ RUN ] app\portal\controller\IndexController->index[ /home/dagongwang/app/portal/controller/IndexController.php ]
[ info ] [ LOG ] INIT File
---------------------------------------------------------------
[ 2019-06-23T15:58:27+08:00 ] 58.246.221.143 GET dgw.wh68.wanheweb.com/
[运行时间：0.040118s] [吞吐率：24.93req/s] [内存消耗：2,340.83kb] [文件加载：123]
[ info ] [ CACHE ] INIT File
[ info ] [ BEHAVIOR ] Run cmf\behavior\InitHookBehavior @app_init [ RunTime:0.002281s ]
[ info ] [ LANG ] /home/dagongwang/simplewind/thinkphp/lang/zh-cn.php
[ info ] [ ROUTE ] array (
  'type' => 'module',
  'module' => 
  array (
    0 => '',
    1 => NULL,
    2 => NULL,
  ),
)
[ info ] [ HEADER ] array (
  'user-agent' => 'Mozilla/5.0 (Windows; U; Windows NT 5.1; zh-CN; rv:1.9b4) Gecko/2008030317 Firefox/3.0b4',
  'q-ua' => 'KQB22_GA/220020&KMTT_3/200020&JV2&151920&SunMicrosystemswtk&0&4309&V3',
  'host' => 'dgw.wh68.wanheweb.com',
  'content-length' => '0',
  'connection' => 'close',
  'accept-encoding' => 'gzip,deflate',
  'accept-charset' => 'gb2312,iso8859-1,utf-8',
  'accept' => 'text/vnd.wap.wml,text/html,application/vnd.wap.xhtml+xml,application/xhtml+xml',
  'content-type' => '',
)
[ info ] [ PARAM ] array (
)
[ info ] [ LANG ] /home/dagongwang/simplewind/cmf/behavior/../lang/zh-cn.php
[ info ] [ LANG ] /home/dagongwang/public/../app/admin/lang/zh-cn/common.php
[ info ] [ LANG ] /home/dagongwang/public/../app/portal/lang/zh-cn/common.php
[ info ] [ BEHAVIOR ] Run cmf\behavior\LangBehavior @app_begin [ RunTime:0.001126s ]
[ info ] [ LANG ] /home/dagongwang/public/../app/portal/lang/zh-cn.php
[ info ] [ BEHAVIOR ] Run cmf\behavior\InitAppHookBehavior @module_init [ RunTime:0.000302s ]
[ info ] [ LANG ] /home/dagongwang/public/../app/portal/lang/zh-cn/home.php
[ info ] [ BEHAVIOR ] Run cmf\behavior\HomeLangBehavior @home_init [ RunTime:0.000557s ]
[ info ] [ RUN ] app\portal\controller\IndexController->index[ /home/dagongwang/app/portal/controller/IndexController.php ]
[ info ] [ LOG ] INIT File
---------------------------------------------------------------
[ 2019-06-23T15:58:27+08:00 ] 58.247.212.98 GET dgw.wh68.wanheweb.com/
[运行时间：0.054277s] [吞吐率：18.42req/s] [内存消耗：2,340.83kb] [文件加载：123]
[ info ] [ CACHE ] INIT File
[ info ] [ BEHAVIOR ] Run cmf\behavior\InitHookBehavior @app_init [ RunTime:0.003566s ]
[ info ] [ LANG ] /home/dagongwang/simplewind/thinkphp/lang/zh-cn.php
[ info ] [ ROUTE ] array (
  'type' => 'module',
  'module' => 
  array (
    0 => '',
    1 => NULL,
    2 => NULL,
  ),
)
[ info ] [ HEADER ] array (
  'user-agent' => 'Mozilla/5.0 (Windows; U; Windows NT 5.1; zh-CN; rv:1.9b4) Gecko/2008030317 Firefox/3.0b4',
  'q-ua' => 'KQB22_GA/220020&KMTT_3/200020&JV2&151920&SunMicrosystemswtk&0&4309&V3',
  'host' => 'dgw.wh68.wanheweb.com',
  'content-length' => '0',
  'connection' => 'close',
  'accept-encoding' => 'gzip,deflate',
  'accept-charset' => 'gb2312,iso8859-1,utf-8',
  'accept' => 'text/vnd.wap.wml,text/html,application/vnd.wap.xhtml+xml,application/xhtml+xml',
  'content-type' => '',
)
[ info ] [ PARAM ] array (
)
[ info ] [ LANG ] /home/dagongwang/simplewind/cmf/behavior/../lang/zh-cn.php
[ info ] [ LANG ] /home/dagongwang/public/../app/admin/lang/zh-cn/common.php
[ info ] [ LANG ] /home/dagongwang/public/../app/portal/lang/zh-cn/common.php
[ info ] [ BEHAVIOR ] Run cmf\behavior\LangBehavior @app_begin [ RunTime:0.001870s ]
[ info ] [ LANG ] /home/dagongwang/public/../app/portal/lang/zh-cn.php
[ info ] [ BEHAVIOR ] Run cmf\behavior\InitAppHookBehavior @module_init [ RunTime:0.000448s ]
[ info ] [ LANG ] /home/dagongwang/public/../app/portal/lang/zh-cn/home.php
[ info ] [ BEHAVIOR ] Run cmf\behavior\HomeLangBehavior @home_init [ RunTime:0.000934s ]
[ info ] [ RUN ] app\portal\controller\IndexController->index[ /home/dagongwang/app/portal/controller/IndexController.php ]
[ info ] [ LOG ] INIT File
---------------------------------------------------------------
[ 2019-06-23T15:58:27+08:00 ] 223.167.152.124 GET dgw.wh68.wanheweb.com/
[运行时间：0.054448s] [吞吐率：18.37req/s] [内存消耗：2,340.83kb] [文件加载：123]
[ info ] [ CACHE ] INIT File
[ info ] [ BEHAVIOR ] Run cmf\behavior\InitHookBehavior @app_init [ RunTime:0.003359s ]
[ info ] [ LANG ] /home/dagongwang/simplewind/thinkphp/lang/zh-cn.php
[ info ] [ ROUTE ] array (
  'type' => 'module',
  'module' => 
  array (
    0 => '',
    1 => NULL,
    2 => NULL,
  ),
)
[ info ] [ HEADER ] array (
  'user-agent' => 'Mozilla/5.0 (Windows; U; Windows NT 5.1; zh-CN; rv:1.9b4) Gecko/2008030317 Firefox/3.0b4',
  'q-ua' => 'KQB22_GA/220020&KMTT_3/200020&JV2&151920&SunMicrosystemswtk&0&4309&V3',
  'host' => 'dgw.wh68.wanheweb.com',
  'content-length' => '0',
  'connection' => 'close',
  'accept-encoding' => 'gzip,deflate',
  'accept-charset' => 'gb2312,iso8859-1,utf-8',
  'accept' => 'text/vnd.wap.wml,text/html,application/vnd.wap.xhtml+xml,application/xhtml+xml',
  'content-type' => '',
)
[ info ] [ PARAM ] array (
)
[ info ] [ LANG ] /home/dagongwang/simplewind/cmf/behavior/../lang/zh-cn.php
[ info ] [ LANG ] /home/dagongwang/public/../app/admin/lang/zh-cn/common.php
[ info ] [ LANG ] /home/dagongwang/public/../app/portal/lang/zh-cn/common.php
[ info ] [ BEHAVIOR ] Run cmf\behavior\LangBehavior @app_begin [ RunTime:0.001837s ]
[ info ] [ LANG ] /home/dagongwang/public/../app/portal/lang/zh-cn.php
[ info ] [ BEHAVIOR ] Run cmf\behavior\InitAppHookBehavior @module_init [ RunTime:0.000408s ]
[ info ] [ LANG ] /home/dagongwang/public/../app/portal/lang/zh-cn/home.php
[ info ] [ BEHAVIOR ] Run cmf\behavior\HomeLangBehavior @home_init [ RunTime:0.000902s ]
[ info ] [ RUN ] app\portal\controller\IndexController->index[ /home/dagongwang/app/portal/controller/IndexController.php ]
[ info ] [ LOG ] INIT File
---------------------------------------------------------------
[ 2019-06-23T15:58:27+08:00 ] 120.204.17.46 GET dgw.wh68.wanheweb.com/
[运行时间：0.050737s] [吞吐率：19.71req/s] [内存消耗：2,340.83kb] [文件加载：123]
[ info ] [ CACHE ] INIT File
[ info ] [ BEHAVIOR ] Run cmf\behavior\InitHookBehavior @app_init [ RunTime:0.002850s ]
[ info ] [ LANG ] /home/dagongwang/simplewind/thinkphp/lang/zh-cn.php
[ info ] [ ROUTE ] array (
  'type' => 'module',
  'module' => 
  array (
    0 => '',
    1 => NULL,
    2 => NULL,
  ),
)
[ info ] [ HEADER ] array (
  'user-agent' => 'Mozilla/5.0 (Windows; U; Windows NT 5.1; zh-CN; rv:1.9b4) Gecko/2008030317 Firefox/3.0b4',
  'q-ua' => 'KQB22_GA/220020&KMTT_3/200020&JV2&151920&SunMicrosystemswtk&0&4309&V3',
  'host' => 'dgw.wh68.wanheweb.com',
  'content-length' => '0',
  'connection' => 'close',
  'accept-encoding' => 'gzip,deflate',
  'accept-charset' => 'gb2312,iso8859-1,utf-8',
  'accept' => 'text/vnd.wap.wml,text/html,application/vnd.wap.xhtml+xml,application/xhtml+xml',
  'content-type' => '',
)
[ info ] [ PARAM ] array (
)
[ info ] [ LANG ] /home/dagongwang/simplewind/cmf/behavior/../lang/zh-cn.php
[ info ] [ LANG ] /home/dagongwang/public/../app/admin/lang/zh-cn/common.php
[ info ] [ LANG ] /home/dagongwang/public/../app/portal/lang/zh-cn/common.php
[ info ] [ BEHAVIOR ] Run cmf\behavior\LangBehavior @app_begin [ RunTime:0.000980s ]
[ info ] [ LANG ] /home/dagongwang/public/../app/portal/lang/zh-cn.php
[ info ] [ BEHAVIOR ] Run cmf\behavior\InitAppHookBehavior @module_init [ RunTime:0.000263s ]
[ info ] [ LANG ] /home/dagongwang/public/../app/portal/lang/zh-cn/home.php
[ info ] [ BEHAVIOR ] Run cmf\behavior\HomeLangBehavior @home_init [ RunTime:0.000532s ]
[ info ] [ RUN ] app\portal\controller\IndexController->index[ /home/dagongwang/app/portal/controller/IndexController.php ]
[ info ] [ LOG ] INIT File
---------------------------------------------------------------
[ 2019-06-23T15:58:27+08:00 ] 120.204.17.46 GET dgw.wh68.wanheweb.com/
[运行时间：0.052616s] [吞吐率：19.01req/s] [内存消耗：2,340.83kb] [文件加载：123]
[ info ] [ CACHE ] INIT File
[ info ] [ BEHAVIOR ] Run cmf\behavior\InitHookBehavior @app_init [ RunTime:0.003215s ]
[ info ] [ LANG ] /home/dagongwang/simplewind/thinkphp/lang/zh-cn.php
[ info ] [ ROUTE ] array (
  'type' => 'module',
  'module' => 
  array (
    0 => '',
    1 => NULL,
    2 => NULL,
  ),
)
[ info ] [ HEADER ] array (
  'user-agent' => 'Mozilla/5.0 (Windows; U; Windows NT 5.1; zh-CN; rv:1.9b4) Gecko/2008030317 Firefox/3.0b4',
  'q-ua' => 'KQB22_GA/220020&KMTT_3/200020&JV2&151920&SunMicrosystemswtk&0&4309&V3',
  'host' => 'dgw.wh68.wanheweb.com',
  'content-length' => '0',
  'connection' => 'close',
  'accept-encoding' => 'gzip,deflate',
  'accept-charset' => 'gb2312,iso8859-1,utf-8',
  'accept' => 'text/vnd.wap.wml,text/html,application/vnd.wap.xhtml+xml,application/xhtml+xml',
  'content-type' => '',
)
[ info ] [ PARAM ] array (
)
[ info ] [ LANG ] /home/dagongwang/simplewind/cmf/behavior/../lang/zh-cn.php
[ info ] [ LANG ] /home/dagongwang/public/../app/admin/lang/zh-cn/common.php
[ info ] [ LANG ] /home/dagongwang/public/../app/portal/lang/zh-cn/common.php
[ info ] [ BEHAVIOR ] Run cmf\behavior\LangBehavior @app_begin [ RunTime:0.001682s ]
[ info ] [ LANG ] /home/dagongwang/public/../app/portal/lang/zh-cn.php
[ info ] [ BEHAVIOR ] Run cmf\behavior\InitAppHookBehavior @module_init [ RunTime:0.000402s ]
[ info ] [ LANG ] /home/dagongwang/public/../app/portal/lang/zh-cn/home.php
[ info ] [ BEHAVIOR ] Run cmf\behavior\HomeLangBehavior @home_init [ RunTime:0.000524s ]
[ info ] [ RUN ] app\portal\controller\IndexController->index[ /home/dagongwang/app/portal/controller/IndexController.php ]
[ info ] [ LOG ] INIT File
---------------------------------------------------------------
[ 2019-06-23T15:58:32+08:00 ] 223.104.146.23 POST dgw.wh68.wanheweb.com/workList
[运行时间：0.057536s] [吞吐率：17.38req/s] [内存消耗：3,498.84kb] [文件加载：135]
[ info ] [ CACHE ] INIT File
[ info ] [ BEHAVIOR ] Run cmf\behavior\InitHookBehavior @app_init [ RunTime:0.002480s ]
[ info ] [ LANG ] /home/dagongwang/simplewind/thinkphp/lang/zh-cn.php
[ info ] [ ROUTE ] array (
  'type' => 'module',
  'module' => 
  array (
    0 => 'api',
    1 => 'Work',
    2 => 'getWork',
  ),
  'convert' => false,
)
[ info ] [ HEADER ] array (
  'x-requested-with' => 'com.tencent.mm',
  'x-forwarded-for-pound' => '223.104.146.23',
  'x-forwarded-for' => '223.104.146.23',
  'user-agent' => 'Mozilla/5.0 (Linux; Android 8.1.0; vivo X20 Build/OPM1.171019.011; wv) AppleWebKit/537.36 (KHTML, like Gecko) Version/4.0 Chrome/66.0.3359.126 MQQBrowser/6.2 TBS/044705 Mobile Safari/537.36 MMWEBID/7035 MicroMessenger/7.0.4.1420(0x2700043C) Process/tools NetType/4G Language/zh_CN',
  'referer' => 'http://wxdgw.wh68.wanheweb.com/html/index.html',
  'origin' => 'http://wxdgw.wh68.wanheweb.com',
  'openid' => 'ougGT53yDEaxgvGcwSagIfEERscs',
  'host' => 'dgw.wh68.wanheweb.com',
  'content-type' => 'application/x-www-form-urlencoded; charset=UTF-8',
  'content-length' => '37',
  'connection' => 'close',
  'accept-language' => 'zh-CN,en-US;q=0.9',
  'accept-encoding' => 'gzip',
  'accept' => 'application/json, text/javascript, */*; q=0.01',
)
[ info ] [ PARAM ] array (
  'city' => '2368',
  'top' => '1',
  'type' => '8',
  'page' => '2',
  'limit' => '6',
)
[ info ] [ LANG ] /home/dagongwang/simplewind/cmf/behavior/../lang/zh-cn.php
[ info ] [ LANG ] /home/dagongwang/public/../app/admin/lang/zh-cn/common.php
[ info ] [ LANG ] /home/dagongwang/public/../app/portal/lang/zh-cn/common.php
[ info ] [ BEHAVIOR ] Run cmf\behavior\LangBehavior @app_begin [ RunTime:0.001172s ]
[ info ] [ BEHAVIOR ] Run cmf\behavior\InitAppHookBehavior @module_init [ RunTime:0.000300s ]
[ info ] [ DB ] INIT mysql
[ info ] [ RUN ] app\api\controller\WorkController->getWork[ /home/dagongwang/app/api/controller/WorkController.php ]
[ info ] [ LOG ] INIT File
[ sql ] [ DB ] CONNECT:[ UseTime:0.000487s ] mysql:host=127.0.0.1;port=3306;dbname=dgw_wh68_wanhewe;charset=utf8mb4
[ sql ] [ SQL ] SHOW COLUMNS FROM `cherry_work` [ RunTime:0.001089s ]
[ sql ] [ SQL ] SELECT COUNT(*) AS tp_count FROM `cherry_work` `w` LEFT JOIN `cherry_company` `c` ON `c`.`id`=`w`.`company_id` WHERE  `w`.`status` = 1  AND `c`.`city` = '2368'  AND `w`.`top` = 1  AND `w`.`type` = '8' LIMIT 1 [ RunTime:0.000534s ]
[ sql ] [ EXPLAIN : array (
  'id' => 1,
  'select_type' => 'SIMPLE',
  'table' => 'c',
  'type' => 'ref',
  'possible_keys' => 'PRIMARY,city',
  'key' => 'city',
  'key_len' => '2',
  'ref' => 'const',
  'rows' => 1,
  'extra' => 'Using where; Using index',
) ]
[ sql ] [ SQL ] SELECT `c`.`short_name`,`w`.`supply`,`w`.`base_info`,`w`.`company_id`,`w`.`id`,`w`.`tag` FROM `cherry_work` `w` LEFT JOIN `cherry_company` `c` ON `c`.`id`=`w`.`company_id` WHERE  `w`.`status` = 1  AND `c`.`city` = '2368'  AND `w`.`top` = 1  AND `w`.`type` = '8' LIMIT 6,6 [ RunTime:0.000466s ]
[ sql ] [ EXPLAIN : array (
  'id' => 1,
  'select_type' => 'SIMPLE',
  'table' => 'c',
  'type' => 'ref',
  'possible_keys' => 'PRIMARY,city',
  'key' => 'city',
  'key_len' => '2',
  'ref' => 'const',
  'rows' => 1,
  'extra' => 'Using where',
) ]
