---------------------------------------------------------------
[ 2019-06-28T10:29:10+08:00 ] 121.238.200.67 GET dgw.wh68.wanheweb.com/favicon.ico
[运行时间：0.043507s] [吞吐率：22.98req/s] [内存消耗：2,084.80kb] [文件加载：111]
[ info ] [ CACHE ] INIT File
[ info ] [ BEHAVIOR ] Run cmf\behavior\InitHookBehavior @app_init [ RunTime:0.002499s ]
[ info ] [ LANG ] /home/dagongwang/simplewind/thinkphp/lang/zh-cn.php
[ info ] [ ROUTE ] array (
  'type' => 'module',
  'module' => 
  array (
    0 => 'favicon.ico',
    1 => NULL,
    2 => NULL,
  ),
)
[ info ] [ HEADER ] array (
  'cookie' => 'admin_username=%E5%85%AC%E5%8F%B8%E8%B4%A6%E5%8F%B7',
  'accept-language' => 'zh-CN,zh;q=0.9',
  'accept-encoding' => 'gzip, deflate',
  'user-agent' => 'Mozilla/5.0 (Windows NT 10.0; WOW64) AppleWebKit/537.36 (KHTML, like Gecko) Chrome/63.0.3239.26 Safari/537.36 Core/1.63.5967.400 LBBROWSER/10.1.3622.400',
  'connection' => 'keep-alive',
  'host' => 'dgw.wh68.wanheweb.com',
  'content-type' => '',
  'content-length' => '',
)
[ info ] [ PARAM ] array (
)
[ info ] [ LANG ] /home/dagongwang/simplewind/cmf/behavior/../lang/zh-cn.php
[ info ] [ LANG ] /home/dagongwang/public/../app/admin/lang/zh-cn/common.php
[ info ] [ LANG ] /home/dagongwang/public/../app/portal/lang/zh-cn/common.php
[ info ] [ BEHAVIOR ] Run cmf\behavior\LangBehavior @app_begin [ RunTime:0.001264s ]
[ info ] [ LOG ] INIT File
---------------------------------------------------------------
[ 2019-06-28T10:29:10+08:00 ] 121.238.200.67 GET dgw.wh68.wanheweb.com/favicon.ico
[运行时间：0.042656s] [吞吐率：23.44req/s] [内存消耗：2,084.84kb] [文件加载：111]
[ info ] [ CACHE ] INIT File
[ info ] [ BEHAVIOR ] Run cmf\behavior\InitHookBehavior @app_init [ RunTime:0.002600s ]
[ info ] [ LANG ] /home/dagongwang/simplewind/thinkphp/lang/zh-cn.php
[ info ] [ ROUTE ] array (
  'type' => 'module',
  'module' => 
  array (
    0 => '404',
    1 => NULL,
    2 => NULL,
  ),
)
[ info ] [ HEADER ] array (
  'cookie' => 'admin_username=%E5%85%AC%E5%8F%B8%E8%B4%A6%E5%8F%B7',
  'accept-language' => 'zh-CN,zh;q=0.9',
  'accept-encoding' => 'gzip, deflate',
  'user-agent' => 'Mozilla/5.0 (Windows NT 10.0; WOW64) AppleWebKit/537.36 (KHTML, like Gecko) Chrome/63.0.3239.26 Safari/537.36 Core/1.63.5967.400 LBBROWSER/10.1.3622.400',
  'connection' => 'keep-alive',
  'host' => 'dgw.wh68.wanheweb.com',
  'content-type' => '',
  'content-length' => '',
)
[ info ] [ PARAM ] array (
)
[ info ] [ LANG ] /home/dagongwang/simplewind/cmf/behavior/../lang/zh-cn.php
[ info ] [ LANG ] /home/dagongwang/public/../app/admin/lang/zh-cn/common.php
[ info ] [ LANG ] /home/dagongwang/public/../app/portal/lang/zh-cn/common.php
[ info ] [ BEHAVIOR ] Run cmf\behavior\LangBehavior @app_begin [ RunTime:0.001186s ]
[ info ] [ LOG ] INIT File
---------------------------------------------------------------
[ 2019-06-28T10:30:55+08:00 ] 121.238.200.67 GET dgw.wh68.wanheweb.com/admin/public/login.html
[运行时间：0.041399s] [吞吐率：24.16req/s] [内存消耗：2,334.21kb] [文件加载：120]
[ info ] [ CACHE ] INIT File
[ info ] [ BEHAVIOR ] Run cmf\behavior\InitHookBehavior @app_init [ RunTime:0.002505s ]
[ info ] [ LANG ] /home/dagongwang/simplewind/thinkphp/lang/zh-cn.php
[ info ] [ ROUTE ] array (
  'type' => 'module',
  'module' => 
  array (
    0 => 'admin',
    1 => 'public',
    2 => 'login',
  ),
)
[ info ] [ HEADER ] array (
  'upgrade-insecure-requests' => '1',
  'cookie' => 'thinkphp_show_page_trace=0|0; Hm_lvt_f8d0a8c400404989e195270b0bbf060a=1557213493,1557215409,1557295154; admin_username=cherry; PHPSESSID=8av3re6dmcatkg2n15kd7qdlr5; thinkphp_show_page_trace=0|0',
  'referer' => 'http://dgw.wh68.wanheweb.com/admin/public/login.html',
  'connection' => 'keep-alive',
  'accept-encoding' => 'gzip, deflate',
  'accept-language' => 'zh-CN,zh;q=0.8,zh-TW;q=0.7,zh-HK;q=0.5,en-US;q=0.3,en;q=0.2',
  'accept' => 'text/html,application/xhtml+xml,application/xml;q=0.9,*/*;q=0.8',
  'user-agent' => 'Mozilla/5.0 (Windows NT 10.0; Win64; x64; rv:67.0) Gecko/20100101 Firefox/67.0',
  'host' => 'dgw.wh68.wanheweb.com',
  'content-type' => '',
  'content-length' => '',
)
[ info ] [ PARAM ] array (
)
[ info ] [ LANG ] /home/dagongwang/simplewind/cmf/behavior/../lang/zh-cn.php
[ info ] [ LANG ] /home/dagongwang/public/../app/admin/lang/zh-cn/common.php
[ info ] [ LANG ] /home/dagongwang/public/../app/portal/lang/zh-cn/common.php
[ info ] [ BEHAVIOR ] Run cmf\behavior\LangBehavior @app_begin [ RunTime:0.001178s ]
[ info ] [ LANG ] /home/dagongwang/public/../app/admin/lang/zh-cn.php
[ info ] [ BEHAVIOR ] Run cmf\behavior\InitAppHookBehavior @module_init [ RunTime:0.000317s ]
[ info ] [ RUN ] app\admin\controller\PublicController->login[ /home/dagongwang/app/admin/controller/PublicController.php ]
[ info ] [ SESSION ] INIT array (
  'id' => '',
  'var_session_id' => '',
  'prefix' => 'think',
  'type' => '',
  'auto_start' => true,
)
[ info ] [ LOG ] INIT File
---------------------------------------------------------------
[ 2019-06-28T10:30:56+08:00 ] 121.238.200.67 GET dgw.wh68.wanheweb.com/1234abcd.html
[运行时间：0.043787s] [吞吐率：22.84req/s] [内存消耗：2,423.88kb] [文件加载：127]
[ info ] [ CACHE ] INIT File
[ info ] [ BEHAVIOR ] Run cmf\behavior\InitHookBehavior @app_init [ RunTime:0.002513s ]
[ info ] [ LANG ] /home/dagongwang/simplewind/thinkphp/lang/zh-cn.php
[ info ] [ ROUTE ] array (
  'type' => 'module',
  'module' => 
  array (
    0 => 'admin',
    1 => 'Index',
    2 => 'index',
  ),
  'convert' => false,
)
[ info ] [ HEADER ] array (
  'upgrade-insecure-requests' => '1',
  'cookie' => 'Hm_lvt_f8d0a8c400404989e195270b0bbf060a=1557213493,1557215409,1557295154; admin_username=cherry; PHPSESSID=8av3re6dmcatkg2n15kd7qdlr5; thinkphp_show_page_trace=0|0',
  'referer' => 'http://dgw.wh68.wanheweb.com/admin/public/login.html',
  'connection' => 'keep-alive',
  'accept-encoding' => 'gzip, deflate',
  'accept-language' => 'zh-CN,zh;q=0.8,zh-TW;q=0.7,zh-HK;q=0.5,en-US;q=0.3,en;q=0.2',
  'accept' => 'text/html,application/xhtml+xml,application/xml;q=0.9,*/*;q=0.8',
  'user-agent' => 'Mozilla/5.0 (Windows NT 10.0; Win64; x64; rv:67.0) Gecko/20100101 Firefox/67.0',
  'host' => 'dgw.wh68.wanheweb.com',
  'content-type' => '',
  'content-length' => '',
)
[ info ] [ PARAM ] array (
)
[ info ] [ LANG ] /home/dagongwang/simplewind/cmf/behavior/../lang/zh-cn.php
[ info ] [ LANG ] /home/dagongwang/public/../app/admin/lang/zh-cn/common.php
[ info ] [ LANG ] /home/dagongwang/public/../app/portal/lang/zh-cn/common.php
[ info ] [ BEHAVIOR ] Run cmf\behavior\LangBehavior @app_begin [ RunTime:0.001194s ]
[ info ] [ LANG ] /home/dagongwang/public/../app/admin/lang/zh-cn.php
[ info ] [ BEHAVIOR ] Run cmf\behavior\InitAppHookBehavior @module_init [ RunTime:0.000307s ]
[ info ] [ SESSION ] INIT array (
  'id' => '',
  'var_session_id' => '',
  'prefix' => 'think',
  'type' => '',
  'auto_start' => true,
)
[ info ] [ LANG ] /home/dagongwang/public/../app/admin/lang/zh-cn/admin_menu.php
[ info ] [ LANG ] /home/dagongwang/public/../app/admin/lang/zh-cn/admin.php
[ info ] [ LANG ] /home/dagongwang/public/../app/user/lang/zh-cn/admin_menu.php
[ info ] [ LANG ] /home/dagongwang/public/../data/lang/zh-cn/admin_menu.php
[ info ] [ BEHAVIOR ] Run cmf\behavior\AdminLangBehavior @admin_init [ RunTime:0.001533s ]
[ info ] [ LOG ] INIT File
---------------------------------------------------------------
[ 2019-06-28T10:30:56+08:00 ] 121.238.200.67 GET dgw.wh68.wanheweb.com/
[运行时间：0.042295s] [吞吐率：23.64req/s] [内存消耗：2,342.03kb] [文件加载：123]
[ info ] [ CACHE ] INIT File
[ info ] [ BEHAVIOR ] Run cmf\behavior\InitHookBehavior @app_init [ RunTime:0.002488s ]
[ info ] [ LANG ] /home/dagongwang/simplewind/thinkphp/lang/zh-cn.php
[ info ] [ ROUTE ] array (
  'type' => 'module',
  'module' => 
  array (
    0 => '',
    1 => NULL,
    2 => NULL,
  ),
)
[ info ] [ HEADER ] array (
  'upgrade-insecure-requests' => '1',
  'cookie' => 'Hm_lvt_f8d0a8c400404989e195270b0bbf060a=1557213493,1557215409,1557295154; admin_username=cherry; PHPSESSID=8av3re6dmcatkg2n15kd7qdlr5; thinkphp_show_page_trace=0|0',
  'referer' => 'http://dgw.wh68.wanheweb.com/admin/public/login.html',
  'connection' => 'keep-alive',
  'accept-encoding' => 'gzip, deflate',
  'accept-language' => 'zh-CN,zh;q=0.8,zh-TW;q=0.7,zh-HK;q=0.5,en-US;q=0.3,en;q=0.2',
  'accept' => 'text/html,application/xhtml+xml,application/xml;q=0.9,*/*;q=0.8',
  'user-agent' => 'Mozilla/5.0 (Windows NT 10.0; Win64; x64; rv:67.0) Gecko/20100101 Firefox/67.0',
  'host' => 'dgw.wh68.wanheweb.com',
  'content-type' => '',
  'content-length' => '',
)
[ info ] [ PARAM ] array (
)
[ info ] [ LANG ] /home/dagongwang/simplewind/cmf/behavior/../lang/zh-cn.php
[ info ] [ LANG ] /home/dagongwang/public/../app/admin/lang/zh-cn/common.php
[ info ] [ LANG ] /home/dagongwang/public/../app/portal/lang/zh-cn/common.php
[ info ] [ BEHAVIOR ] Run cmf\behavior\LangBehavior @app_begin [ RunTime:0.001188s ]
[ info ] [ LANG ] /home/dagongwang/public/../app/portal/lang/zh-cn.php
[ info ] [ BEHAVIOR ] Run cmf\behavior\InitAppHookBehavior @module_init [ RunTime:0.000320s ]
[ info ] [ LANG ] /home/dagongwang/public/../app/portal/lang/zh-cn/home.php
[ info ] [ BEHAVIOR ] Run cmf\behavior\HomeLangBehavior @home_init [ RunTime:0.000622s ]
[ info ] [ RUN ] app\portal\controller\IndexController->index[ /home/dagongwang/app/portal/controller/IndexController.php ]
[ info ] [ LOG ] INIT File
---------------------------------------------------------------
[ 2019-06-28T10:30:56+08:00 ] 121.238.200.67 GET dgw.wh68.wanheweb.com/admin/public/login.html
[运行时间：0.051616s] [吞吐率：19.37req/s] [内存消耗：2,597.97kb] [文件加载：126]
[ info ] [ CACHE ] INIT File
[ info ] [ BEHAVIOR ] Run cmf\behavior\InitHookBehavior @app_init [ RunTime:0.002469s ]
[ info ] [ LANG ] /home/dagongwang/simplewind/thinkphp/lang/zh-cn.php
[ info ] [ ROUTE ] array (
  'type' => 'module',
  'module' => 
  array (
    0 => 'admin',
    1 => 'public',
    2 => 'login',
  ),
)
[ info ] [ HEADER ] array (
  'upgrade-insecure-requests' => '1',
  'cookie' => 'thinkphp_show_page_trace=0|0; Hm_lvt_f8d0a8c400404989e195270b0bbf060a=1557213493,1557215409,1557295154; admin_username=cherry; PHPSESSID=8av3re6dmcatkg2n15kd7qdlr5; thinkphp_show_page_trace=0|0',
  'referer' => 'http://dgw.wh68.wanheweb.com/admin/public/login.html',
  'connection' => 'keep-alive',
  'accept-encoding' => 'gzip, deflate',
  'accept-language' => 'zh-CN,zh;q=0.8,zh-TW;q=0.7,zh-HK;q=0.5,en-US;q=0.3,en;q=0.2',
  'accept' => 'text/html,application/xhtml+xml,application/xml;q=0.9,*/*;q=0.8',
  'user-agent' => 'Mozilla/5.0 (Windows NT 10.0; Win64; x64; rv:67.0) Gecko/20100101 Firefox/67.0',
  'host' => 'dgw.wh68.wanheweb.com',
  'content-type' => '',
  'content-length' => '',
)
[ info ] [ PARAM ] array (
)
[ info ] [ LANG ] /home/dagongwang/simplewind/cmf/behavior/../lang/zh-cn.php
[ info ] [ LANG ] /home/dagongwang/public/../app/admin/lang/zh-cn/common.php
[ info ] [ LANG ] /home/dagongwang/public/../app/portal/lang/zh-cn/common.php
[ info ] [ BEHAVIOR ] Run cmf\behavior\LangBehavior @app_begin [ RunTime:0.001170s ]
[ info ] [ LANG ] /home/dagongwang/public/../app/admin/lang/zh-cn.php
[ info ] [ BEHAVIOR ] Run cmf\behavior\InitAppHookBehavior @module_init [ RunTime:0.000303s ]
[ info ] [ RUN ] app\admin\controller\PublicController->login[ /home/dagongwang/app/admin/controller/PublicController.php ]
[ info ] [ SESSION ] INIT array (
  'id' => '',
  'var_session_id' => '',
  'prefix' => 'think',
  'type' => '',
  'auto_start' => true,
)
[ info ] [ VIEW ] /home/dagongwang/public/themes/admin_simpleboot3/admin/login.html [ array (
) ]
[ info ] [ LOG ] INIT File
---------------------------------------------------------------
[ 2019-06-28T10:30:57+08:00 ] 121.238.200.67 GET dgw.wh68.wanheweb.com/new_captcha.html?height=32&width=150&font_size=18
[运行时间：0.043220s] [吞吐率：23.14req/s] [内存消耗：2,078.22kb] [文件加载：109]
[ info ] [ CACHE ] INIT File
[ info ] [ BEHAVIOR ] Run cmf\behavior\InitHookBehavior @app_init [ RunTime:0.002253s ]
[ info ] [ LANG ] /home/dagongwang/simplewind/thinkphp/lang/zh-cn.php
[ info ] [ ROUTE ] array (
  'type' => 'method',
  'method' => 
  array (
    0 => '\\cmf\\controller\\CaptchaController',
    1 => 'index',
  ),
  'var' => 
  array (
  ),
)
[ info ] [ HEADER ] array (
  'cookie' => 'Hm_lvt_f8d0a8c400404989e195270b0bbf060a=1557213493,1557215409,1557295154; admin_username=cherry; PHPSESSID=8av3re6dmcatkg2n15kd7qdlr5; thinkphp_show_page_trace=0|0',
  'referer' => 'http://dgw.wh68.wanheweb.com/admin/public/login.html',
  'connection' => 'keep-alive',
  'accept-encoding' => 'gzip, deflate',
  'accept-language' => 'zh-CN,zh;q=0.8,zh-TW;q=0.7,zh-HK;q=0.5,en-US;q=0.3,en;q=0.2',
  'accept' => 'image/webp,*/*',
  'user-agent' => 'Mozilla/5.0 (Windows NT 10.0; Win64; x64; rv:67.0) Gecko/20100101 Firefox/67.0',
  'host' => 'dgw.wh68.wanheweb.com',
  'content-type' => '',
  'content-length' => '',
)
[ info ] [ PARAM ] array (
  'height' => '32',
  'width' => '150',
  'font_size' => '18',
)
[ info ] [ LANG ] /home/dagongwang/simplewind/cmf/behavior/../lang/zh-cn.php
[ info ] [ LANG ] /home/dagongwang/public/../app/admin/lang/zh-cn/common.php
[ info ] [ LANG ] /home/dagongwang/public/../app/portal/lang/zh-cn/common.php
[ info ] [ BEHAVIOR ] Run cmf\behavior\LangBehavior @app_begin [ RunTime:0.001136s ]
[ info ] [ RUN ] cmf\controller\CaptchaController->index[ /home/dagongwang/simplewind/cmf/controller/CaptchaController.php ]
[ info ] [ SESSION ] INIT array (
  'id' => '',
  'var_session_id' => '',
  'prefix' => 'think',
  'type' => '',
  'auto_start' => true,
)
[ info ] [ LOG ] INIT File
---------------------------------------------------------------
[ 2019-06-28T10:30:58+08:00 ] 121.238.200.67 GET dgw.wh68.wanheweb.com/favicon.ico
[运行时间：0.041573s] [吞吐率：24.05req/s] [内存消耗：2,161.50kb] [文件加载：110]
[ info ] [ CACHE ] INIT File
[ info ] [ BEHAVIOR ] Run cmf\behavior\InitHookBehavior @app_init [ RunTime:0.002522s ]
[ info ] [ LANG ] /home/dagongwang/simplewind/thinkphp/lang/zh-cn.php
[ info ] [ ROUTE ] array (
  'type' => 'module',
  'module' => 
  array (
    0 => 'favicon.ico',
    1 => NULL,
    2 => NULL,
  ),
)
[ info ] [ HEADER ] array (
  'cookie' => 'Hm_lvt_f8d0a8c400404989e195270b0bbf060a=1557213493,1557215409,1557295154; admin_username=cherry; PHPSESSID=8av3re6dmcatkg2n15kd7qdlr5; thinkphp_show_page_trace=0|0',
  'connection' => 'keep-alive',
  'accept-encoding' => 'gzip, deflate',
  'accept-language' => 'zh-CN,zh;q=0.8,zh-TW;q=0.7,zh-HK;q=0.5,en-US;q=0.3,en;q=0.2',
  'accept' => 'image/webp,*/*',
  'user-agent' => 'Mozilla/5.0 (Windows NT 10.0; Win64; x64; rv:67.0) Gecko/20100101 Firefox/67.0',
  'host' => 'dgw.wh68.wanheweb.com',
  'content-type' => '',
  'content-length' => '',
)
[ info ] [ PARAM ] array (
)
[ info ] [ LANG ] /home/dagongwang/simplewind/cmf/behavior/../lang/zh-cn.php
[ info ] [ LANG ] /home/dagongwang/public/../app/admin/lang/zh-cn/common.php
[ info ] [ LANG ] /home/dagongwang/public/../app/portal/lang/zh-cn/common.php
[ info ] [ BEHAVIOR ] Run cmf\behavior\LangBehavior @app_begin [ RunTime:0.001202s ]
[ info ] [ LOG ] INIT File
---------------------------------------------------------------
[ 2019-06-28T10:39:38+08:00 ] 121.238.200.67 GET dgw.wh68.wanheweb.com/favicon.ico
[运行时间：0.038386s] [吞吐率：26.05req/s] [内存消耗：2,084.80kb] [文件加载：111]
[ info ] [ CACHE ] INIT File
[ info ] [ BEHAVIOR ] Run cmf\behavior\InitHookBehavior @app_init [ RunTime:0.002240s ]
[ info ] [ LANG ] /home/dagongwang/simplewind/thinkphp/lang/zh-cn.php
[ info ] [ ROUTE ] array (
  'type' => 'module',
  'module' => 
  array (
    0 => 'favicon.ico',
    1 => NULL,
    2 => NULL,
  ),
)
[ info ] [ HEADER ] array (
  'cookie' => 'admin_username=%E5%85%AC%E5%8F%B8%E8%B4%A6%E5%8F%B7',
  'accept-language' => 'zh-CN,zh;q=0.9',
  'accept-encoding' => 'gzip, deflate',
  'user-agent' => 'Mozilla/5.0 (Windows NT 10.0; WOW64) AppleWebKit/537.36 (KHTML, like Gecko) Chrome/63.0.3239.26 Safari/537.36 Core/1.63.5967.400 LBBROWSER/10.1.3622.400',
  'connection' => 'keep-alive',
  'host' => 'dgw.wh68.wanheweb.com',
  'content-type' => '',
  'content-length' => '',
)
[ info ] [ PARAM ] array (
)
[ info ] [ LANG ] /home/dagongwang/simplewind/cmf/behavior/../lang/zh-cn.php
[ info ] [ LANG ] /home/dagongwang/public/../app/admin/lang/zh-cn/common.php
[ info ] [ LANG ] /home/dagongwang/public/../app/portal/lang/zh-cn/common.php
[ info ] [ BEHAVIOR ] Run cmf\behavior\LangBehavior @app_begin [ RunTime:0.001121s ]
[ info ] [ LOG ] INIT File
---------------------------------------------------------------
[ 2019-06-28T10:39:38+08:00 ] 121.238.200.67 GET dgw.wh68.wanheweb.com/favicon.ico
[运行时间：0.032059s] [吞吐率：31.19req/s] [内存消耗：2,084.84kb] [文件加载：111]
[ info ] [ CACHE ] INIT File
[ info ] [ BEHAVIOR ] Run cmf\behavior\InitHookBehavior @app_init [ RunTime:0.001879s ]
[ info ] [ LANG ] /home/dagongwang/simplewind/thinkphp/lang/zh-cn.php
[ info ] [ ROUTE ] array (
  'type' => 'module',
  'module' => 
  array (
    0 => '404',
    1 => NULL,
    2 => NULL,
  ),
)
[ info ] [ HEADER ] array (
  'cookie' => 'admin_username=%E5%85%AC%E5%8F%B8%E8%B4%A6%E5%8F%B7',
  'accept-language' => 'zh-CN,zh;q=0.9',
  'accept-encoding' => 'gzip, deflate',
  'user-agent' => 'Mozilla/5.0 (Windows NT 10.0; WOW64) AppleWebKit/537.36 (KHTML, like Gecko) Chrome/63.0.3239.26 Safari/537.36 Core/1.63.5967.400 LBBROWSER/10.1.3622.400',
  'connection' => 'keep-alive',
  'host' => 'dgw.wh68.wanheweb.com',
  'content-type' => '',
  'content-length' => '',
)
[ info ] [ PARAM ] array (
)
[ info ] [ LANG ] /home/dagongwang/simplewind/cmf/behavior/../lang/zh-cn.php
[ info ] [ LANG ] /home/dagongwang/public/../app/admin/lang/zh-cn/common.php
[ info ] [ LANG ] /home/dagongwang/public/../app/portal/lang/zh-cn/common.php
[ info ] [ BEHAVIOR ] Run cmf\behavior\LangBehavior @app_begin [ RunTime:0.000928s ]
[ info ] [ LOG ] INIT File
---------------------------------------------------------------
[ 2019-06-28T10:48:39+08:00 ] 121.238.200.67 GET dgw.wh68.wanheweb.com/admin/public/login.html
[运行时间：0.049425s] [吞吐率：20.23req/s] [内存消耗：2,598.77kb] [文件加载：126]
[ info ] [ CACHE ] INIT File
[ info ] [ BEHAVIOR ] Run cmf\behavior\InitHookBehavior @app_init [ RunTime:0.002361s ]
[ info ] [ LANG ] /home/dagongwang/simplewind/thinkphp/lang/zh-cn.php
[ info ] [ ROUTE ] array (
  'type' => 'module',
  'module' => 
  array (
    0 => 'admin',
    1 => 'public',
    2 => 'login',
  ),
)
[ info ] [ HEADER ] array (
  'upgrade-insecure-requests' => '1',
  'cookie' => 'thinkphp_show_page_trace=0|0; Hm_lvt_f8d0a8c400404989e195270b0bbf060a=1557213493,1557215409,1557295154; admin_username=cherry; PHPSESSID=8av3re6dmcatkg2n15kd7qdlr5; thinkphp_show_page_trace=0|0',
  'referer' => 'http://dgw.wh68.wanheweb.com/admin/public/login.html',
  'connection' => 'keep-alive',
  'accept-encoding' => 'gzip, deflate',
  'accept-language' => 'zh-CN,zh;q=0.8,zh-TW;q=0.7,zh-HK;q=0.5,en-US;q=0.3,en;q=0.2',
  'accept' => 'text/html,application/xhtml+xml,application/xml;q=0.9,*/*;q=0.8',
  'user-agent' => 'Mozilla/5.0 (Windows NT 10.0; Win64; x64; rv:67.0) Gecko/20100101 Firefox/67.0',
  'host' => 'dgw.wh68.wanheweb.com',
  'content-type' => '',
  'content-length' => '',
)
[ info ] [ PARAM ] array (
)
[ info ] [ LANG ] /home/dagongwang/simplewind/cmf/behavior/../lang/zh-cn.php
[ info ] [ LANG ] /home/dagongwang/public/../app/admin/lang/zh-cn/common.php
[ info ] [ LANG ] /home/dagongwang/public/../app/portal/lang/zh-cn/common.php
[ info ] [ BEHAVIOR ] Run cmf\behavior\LangBehavior @app_begin [ RunTime:0.001126s ]
[ info ] [ LANG ] /home/dagongwang/public/../app/admin/lang/zh-cn.php
[ info ] [ BEHAVIOR ] Run cmf\behavior\InitAppHookBehavior @module_init [ RunTime:0.000298s ]
[ info ] [ RUN ] app\admin\controller\PublicController->login[ /home/dagongwang/app/admin/controller/PublicController.php ]
[ info ] [ SESSION ] INIT array (
  'id' => '',
  'var_session_id' => '',
  'prefix' => 'think',
  'type' => '',
  'auto_start' => true,
)
[ info ] [ VIEW ] /home/dagongwang/public/themes/admin_simpleboot3/admin/login.html [ array (
) ]
[ info ] [ LOG ] INIT File
---------------------------------------------------------------
[ 2019-06-28T10:48:39+08:00 ] 121.238.200.67 GET dgw.wh68.wanheweb.com/new_captcha.html?height=32&width=150&font_size=18
[运行时间：0.037918s] [吞吐率：26.37req/s] [内存消耗：2,078.34kb] [文件加载：109]
[ info ] [ CACHE ] INIT File
[ info ] [ BEHAVIOR ] Run cmf\behavior\InitHookBehavior @app_init [ RunTime:0.002508s ]
[ info ] [ LANG ] /home/dagongwang/simplewind/thinkphp/lang/zh-cn.php
[ info ] [ ROUTE ] array (
  'type' => 'method',
  'method' => 
  array (
    0 => '\\cmf\\controller\\CaptchaController',
    1 => 'index',
  ),
  'var' => 
  array (
  ),
)
[ info ] [ HEADER ] array (
  'cookie' => 'Hm_lvt_f8d0a8c400404989e195270b0bbf060a=1557213493,1557215409,1557295154; admin_username=cherry; PHPSESSID=8av3re6dmcatkg2n15kd7qdlr5; thinkphp_show_page_trace=0|0',
  'referer' => 'http://dgw.wh68.wanheweb.com/admin/public/login.html',
  'connection' => 'keep-alive',
  'accept-encoding' => 'gzip, deflate',
  'accept-language' => 'zh-CN,zh;q=0.8,zh-TW;q=0.7,zh-HK;q=0.5,en-US;q=0.3,en;q=0.2',
  'accept' => 'image/webp,*/*',
  'user-agent' => 'Mozilla/5.0 (Windows NT 10.0; Win64; x64; rv:67.0) Gecko/20100101 Firefox/67.0',
  'host' => 'dgw.wh68.wanheweb.com',
  'content-type' => '',
  'content-length' => '',
)
[ info ] [ PARAM ] array (
  'height' => '32',
  'width' => '150',
  'font_size' => '18',
)
[ info ] [ LANG ] /home/dagongwang/simplewind/cmf/behavior/../lang/zh-cn.php
[ info ] [ LANG ] /home/dagongwang/public/../app/admin/lang/zh-cn/common.php
[ info ] [ LANG ] /home/dagongwang/public/../app/portal/lang/zh-cn/common.php
[ info ] [ BEHAVIOR ] Run cmf\behavior\LangBehavior @app_begin [ RunTime:0.001212s ]
[ info ] [ RUN ] cmf\controller\CaptchaController->index[ /home/dagongwang/simplewind/cmf/controller/CaptchaController.php ]
[ info ] [ SESSION ] INIT array (
  'id' => '',
  'var_session_id' => '',
  'prefix' => 'think',
  'type' => '',
  'auto_start' => true,
)
[ info ] [ LOG ] INIT File
---------------------------------------------------------------
[ 2019-06-28T11:18:49+08:00 ] 121.238.200.67 GET dgw.wh68.wanheweb.com/favicon.ico
[运行时间：0.040815s] [吞吐率：24.50req/s] [内存消耗：2,084.80kb] [文件加载：111]
[ info ] [ CACHE ] INIT File
[ info ] [ BEHAVIOR ] Run cmf\behavior\InitHookBehavior @app_init [ RunTime:0.002381s ]
[ info ] [ LANG ] /home/dagongwang/simplewind/thinkphp/lang/zh-cn.php
[ info ] [ ROUTE ] array (
  'type' => 'module',
  'module' => 
  array (
    0 => 'favicon.ico',
    1 => NULL,
    2 => NULL,
  ),
)
[ info ] [ HEADER ] array (
  'cookie' => 'admin_username=%E5%85%AC%E5%8F%B8%E8%B4%A6%E5%8F%B7',
  'accept-language' => 'zh-CN,zh;q=0.9',
  'accept-encoding' => 'gzip, deflate',
  'user-agent' => 'Mozilla/5.0 (Windows NT 10.0; WOW64) AppleWebKit/537.36 (KHTML, like Gecko) Chrome/63.0.3239.26 Safari/537.36 Core/1.63.5967.400 LBBROWSER/10.1.3622.400',
  'connection' => 'keep-alive',
  'host' => 'dgw.wh68.wanheweb.com',
  'content-type' => '',
  'content-length' => '',
)
[ info ] [ PARAM ] array (
)
[ info ] [ LANG ] /home/dagongwang/simplewind/cmf/behavior/../lang/zh-cn.php
[ info ] [ LANG ] /home/dagongwang/public/../app/admin/lang/zh-cn/common.php
[ info ] [ LANG ] /home/dagongwang/public/../app/portal/lang/zh-cn/common.php
[ info ] [ BEHAVIOR ] Run cmf\behavior\LangBehavior @app_begin [ RunTime:0.001173s ]
[ info ] [ LOG ] INIT File
---------------------------------------------------------------
[ 2019-06-28T11:18:49+08:00 ] 121.238.200.67 GET dgw.wh68.wanheweb.com/favicon.ico
[运行时间：0.040954s] [吞吐率：24.42req/s] [内存消耗：2,084.84kb] [文件加载：111]
[ info ] [ CACHE ] INIT File
[ info ] [ BEHAVIOR ] Run cmf\behavior\InitHookBehavior @app_init [ RunTime:0.002419s ]
[ info ] [ LANG ] /home/dagongwang/simplewind/thinkphp/lang/zh-cn.php
[ info ] [ ROUTE ] array (
  'type' => 'module',
  'module' => 
  array (
    0 => '404',
    1 => NULL,
    2 => NULL,
  ),
)
[ info ] [ HEADER ] array (
  'cookie' => 'admin_username=%E5%85%AC%E5%8F%B8%E8%B4%A6%E5%8F%B7',
  'accept-language' => 'zh-CN,zh;q=0.9',
  'accept-encoding' => 'gzip, deflate',
  'user-agent' => 'Mozilla/5.0 (Windows NT 10.0; WOW64) AppleWebKit/537.36 (KHTML, like Gecko) Chrome/63.0.3239.26 Safari/537.36 Core/1.63.5967.400 LBBROWSER/10.1.3622.400',
  'connection' => 'keep-alive',
  'host' => 'dgw.wh68.wanheweb.com',
  'content-type' => '',
  'content-length' => '',
)
[ info ] [ PARAM ] array (
)
[ info ] [ LANG ] /home/dagongwang/simplewind/cmf/behavior/../lang/zh-cn.php
[ info ] [ LANG ] /home/dagongwang/public/../app/admin/lang/zh-cn/common.php
[ info ] [ LANG ] /home/dagongwang/public/../app/portal/lang/zh-cn/common.php
[ info ] [ BEHAVIOR ] Run cmf\behavior\LangBehavior @app_begin [ RunTime:0.001157s ]
[ info ] [ LOG ] INIT File
---------------------------------------------------------------
[ 2019-06-28T13:06:54+08:00 ] 121.238.200.67 GET dgw.wh68.wanheweb.com/admin/public/login.html
[运行时间：0.040294s] [吞吐率：24.82req/s] [内存消耗：2,334.21kb] [文件加载：120]
[ info ] [ CACHE ] INIT File
[ info ] [ BEHAVIOR ] Run cmf\behavior\InitHookBehavior @app_init [ RunTime:0.002364s ]
[ info ] [ LANG ] /home/dagongwang/simplewind/thinkphp/lang/zh-cn.php
[ info ] [ ROUTE ] array (
  'type' => 'module',
  'module' => 
  array (
    0 => 'admin',
    1 => 'public',
    2 => 'login',
  ),
)
[ info ] [ HEADER ] array (
  'upgrade-insecure-requests' => '1',
  'cookie' => 'thinkphp_show_page_trace=0|0; Hm_lvt_f8d0a8c400404989e195270b0bbf060a=1557213493,1557215409,1557295154; admin_username=cherry; PHPSESSID=8av3re6dmcatkg2n15kd7qdlr5; thinkphp_show_page_trace=0|0',
  'referer' => 'http://dgw.wh68.wanheweb.com/admin/public/login.html',
  'connection' => 'keep-alive',
  'accept-encoding' => 'gzip, deflate',
  'accept-language' => 'zh-CN,zh;q=0.8,zh-TW;q=0.7,zh-HK;q=0.5,en-US;q=0.3,en;q=0.2',
  'accept' => 'text/html,application/xhtml+xml,application/xml;q=0.9,*/*;q=0.8',
  'user-agent' => 'Mozilla/5.0 (Windows NT 10.0; Win64; x64; rv:67.0) Gecko/20100101 Firefox/67.0',
  'host' => 'dgw.wh68.wanheweb.com',
  'content-type' => '',
  'content-length' => '',
)
[ info ] [ PARAM ] array (
)
[ info ] [ LANG ] /home/dagongwang/simplewind/cmf/behavior/../lang/zh-cn.php
[ info ] [ LANG ] /home/dagongwang/public/../app/admin/lang/zh-cn/common.php
[ info ] [ LANG ] /home/dagongwang/public/../app/portal/lang/zh-cn/common.php
[ info ] [ BEHAVIOR ] Run cmf\behavior\LangBehavior @app_begin [ RunTime:0.001135s ]
[ info ] [ LANG ] /home/dagongwang/public/../app/admin/lang/zh-cn.php
[ info ] [ BEHAVIOR ] Run cmf\behavior\InitAppHookBehavior @module_init [ RunTime:0.000297s ]
[ info ] [ RUN ] app\admin\controller\PublicController->login[ /home/dagongwang/app/admin/controller/PublicController.php ]
[ info ] [ SESSION ] INIT array (
  'id' => '',
  'var_session_id' => '',
  'prefix' => 'think',
  'type' => '',
  'auto_start' => true,
)
[ info ] [ LOG ] INIT File
---------------------------------------------------------------
[ 2019-06-28T13:06:54+08:00 ] 121.238.200.67 GET dgw.wh68.wanheweb.com/
[运行时间：0.039991s] [吞吐率：25.01req/s] [内存消耗：2,342.03kb] [文件加载：123]
[ info ] [ CACHE ] INIT File
[ info ] [ BEHAVIOR ] Run cmf\behavior\InitHookBehavior @app_init [ RunTime:0.002354s ]
[ info ] [ LANG ] /home/dagongwang/simplewind/thinkphp/lang/zh-cn.php
[ info ] [ ROUTE ] array (
  'type' => 'module',
  'module' => 
  array (
    0 => '',
    1 => NULL,
    2 => NULL,
  ),
)
[ info ] [ HEADER ] array (
  'upgrade-insecure-requests' => '1',
  'cookie' => 'Hm_lvt_f8d0a8c400404989e195270b0bbf060a=1557213493,1557215409,1557295154; admin_username=cherry; PHPSESSID=8av3re6dmcatkg2n15kd7qdlr5; thinkphp_show_page_trace=0|0',
  'referer' => 'http://dgw.wh68.wanheweb.com/admin/public/login.html',
  'connection' => 'keep-alive',
  'accept-encoding' => 'gzip, deflate',
  'accept-language' => 'zh-CN,zh;q=0.8,zh-TW;q=0.7,zh-HK;q=0.5,en-US;q=0.3,en;q=0.2',
  'accept' => 'text/html,application/xhtml+xml,application/xml;q=0.9,*/*;q=0.8',
  'user-agent' => 'Mozilla/5.0 (Windows NT 10.0; Win64; x64; rv:67.0) Gecko/20100101 Firefox/67.0',
  'host' => 'dgw.wh68.wanheweb.com',
  'content-type' => '',
  'content-length' => '',
)
[ info ] [ PARAM ] array (
)
[ info ] [ LANG ] /home/dagongwang/simplewind/cmf/behavior/../lang/zh-cn.php
[ info ] [ LANG ] /home/dagongwang/public/../app/admin/lang/zh-cn/common.php
[ info ] [ LANG ] /home/dagongwang/public/../app/portal/lang/zh-cn/common.php
[ info ] [ BEHAVIOR ] Run cmf\behavior\LangBehavior @app_begin [ RunTime:0.001167s ]
[ info ] [ LANG ] /home/dagongwang/public/../app/portal/lang/zh-cn.php
[ info ] [ BEHAVIOR ] Run cmf\behavior\InitAppHookBehavior @module_init [ RunTime:0.000289s ]
[ info ] [ LANG ] /home/dagongwang/public/../app/portal/lang/zh-cn/home.php
[ info ] [ BEHAVIOR ] Run cmf\behavior\HomeLangBehavior @home_init [ RunTime:0.000584s ]
[ info ] [ RUN ] app\portal\controller\IndexController->index[ /home/dagongwang/app/portal/controller/IndexController.php ]
[ info ] [ LOG ] INIT File
---------------------------------------------------------------
[ 2019-06-28T13:06:54+08:00 ] 121.238.200.67 GET dgw.wh68.wanheweb.com/1234abcd.html
[运行时间：0.043910s] [吞吐率：22.77req/s] [内存消耗：2,423.88kb] [文件加载：127]
[ info ] [ CACHE ] INIT File
[ info ] [ BEHAVIOR ] Run cmf\behavior\InitHookBehavior @app_init [ RunTime:0.002529s ]
[ info ] [ LANG ] /home/dagongwang/simplewind/thinkphp/lang/zh-cn.php
[ info ] [ ROUTE ] array (
  'type' => 'module',
  'module' => 
  array (
    0 => 'admin',
    1 => 'Index',
    2 => 'index',
  ),
  'convert' => false,
)
[ info ] [ HEADER ] array (
  'upgrade-insecure-requests' => '1',
  'cookie' => 'Hm_lvt_f8d0a8c400404989e195270b0bbf060a=1557213493,1557215409,1557295154; admin_username=cherry; PHPSESSID=8av3re6dmcatkg2n15kd7qdlr5; thinkphp_show_page_trace=0|0',
  'referer' => 'http://dgw.wh68.wanheweb.com/admin/public/login.html',
  'connection' => 'keep-alive',
  'accept-encoding' => 'gzip, deflate',
  'accept-language' => 'zh-CN,zh;q=0.8,zh-TW;q=0.7,zh-HK;q=0.5,en-US;q=0.3,en;q=0.2',
  'accept' => 'text/html,application/xhtml+xml,application/xml;q=0.9,*/*;q=0.8',
  'user-agent' => 'Mozilla/5.0 (Windows NT 10.0; Win64; x64; rv:67.0) Gecko/20100101 Firefox/67.0',
  'host' => 'dgw.wh68.wanheweb.com',
  'content-type' => '',
  'content-length' => '',
)
[ info ] [ PARAM ] array (
)
[ info ] [ LANG ] /home/dagongwang/simplewind/cmf/behavior/../lang/zh-cn.php
[ info ] [ LANG ] /home/dagongwang/public/../app/admin/lang/zh-cn/common.php
[ info ] [ LANG ] /home/dagongwang/public/../app/portal/lang/zh-cn/common.php
[ info ] [ BEHAVIOR ] Run cmf\behavior\LangBehavior @app_begin [ RunTime:0.001216s ]
[ info ] [ LANG ] /home/dagongwang/public/../app/admin/lang/zh-cn.php
[ info ] [ BEHAVIOR ] Run cmf\behavior\InitAppHookBehavior @module_init [ RunTime:0.000322s ]
[ info ] [ SESSION ] INIT array (
  'id' => '',
  'var_session_id' => '',
  'prefix' => 'think',
  'type' => '',
  'auto_start' => true,
)
[ info ] [ LANG ] /home/dagongwang/public/../app/admin/lang/zh-cn/admin_menu.php
[ info ] [ LANG ] /home/dagongwang/public/../app/admin/lang/zh-cn/admin.php
[ info ] [ LANG ] /home/dagongwang/public/../app/user/lang/zh-cn/admin_menu.php
[ info ] [ LANG ] /home/dagongwang/public/../data/lang/zh-cn/admin_menu.php
[ info ] [ BEHAVIOR ] Run cmf\behavior\AdminLangBehavior @admin_init [ RunTime:0.001457s ]
[ info ] [ LOG ] INIT File
---------------------------------------------------------------
[ 2019-06-28T13:06:54+08:00 ] 121.238.200.67 GET dgw.wh68.wanheweb.com/admin/public/login.html
[运行时间：0.052519s] [吞吐率：19.04req/s] [内存消耗：2,597.97kb] [文件加载：126]
[ info ] [ CACHE ] INIT File
[ info ] [ BEHAVIOR ] Run cmf\behavior\InitHookBehavior @app_init [ RunTime:0.002522s ]
[ info ] [ LANG ] /home/dagongwang/simplewind/thinkphp/lang/zh-cn.php
[ info ] [ ROUTE ] array (
  'type' => 'module',
  'module' => 
  array (
    0 => 'admin',
    1 => 'public',
    2 => 'login',
  ),
)
[ info ] [ HEADER ] array (
  'upgrade-insecure-requests' => '1',
  'cookie' => 'thinkphp_show_page_trace=0|0; Hm_lvt_f8d0a8c400404989e195270b0bbf060a=1557213493,1557215409,1557295154; admin_username=cherry; PHPSESSID=8av3re6dmcatkg2n15kd7qdlr5; thinkphp_show_page_trace=0|0',
  'referer' => 'http://dgw.wh68.wanheweb.com/admin/public/login.html',
  'connection' => 'keep-alive',
  'accept-encoding' => 'gzip, deflate',
  'accept-language' => 'zh-CN,zh;q=0.8,zh-TW;q=0.7,zh-HK;q=0.5,en-US;q=0.3,en;q=0.2',
  'accept' => 'text/html,application/xhtml+xml,application/xml;q=0.9,*/*;q=0.8',
  'user-agent' => 'Mozilla/5.0 (Windows NT 10.0; Win64; x64; rv:67.0) Gecko/20100101 Firefox/67.0',
  'host' => 'dgw.wh68.wanheweb.com',
  'content-type' => '',
  'content-length' => '',
)
[ info ] [ PARAM ] array (
)
[ info ] [ LANG ] /home/dagongwang/simplewind/cmf/behavior/../lang/zh-cn.php
[ info ] [ LANG ] /home/dagongwang/public/../app/admin/lang/zh-cn/common.php
[ info ] [ LANG ] /home/dagongwang/public/../app/portal/lang/zh-cn/common.php
[ info ] [ BEHAVIOR ] Run cmf\behavior\LangBehavior @app_begin [ RunTime:0.001201s ]
[ info ] [ LANG ] /home/dagongwang/public/../app/admin/lang/zh-cn.php
[ info ] [ BEHAVIOR ] Run cmf\behavior\InitAppHookBehavior @module_init [ RunTime:0.000309s ]
[ info ] [ RUN ] app\admin\controller\PublicController->login[ /home/dagongwang/app/admin/controller/PublicController.php ]
[ info ] [ SESSION ] INIT array (
  'id' => '',
  'var_session_id' => '',
  'prefix' => 'think',
  'type' => '',
  'auto_start' => true,
)
[ info ] [ VIEW ] /home/dagongwang/public/themes/admin_simpleboot3/admin/login.html [ array (
) ]
[ info ] [ LOG ] INIT File
---------------------------------------------------------------
[ 2019-06-28T13:06:54+08:00 ] 121.238.200.67 GET dgw.wh68.wanheweb.com/new_captcha.html?height=32&width=150&font_size=18
[运行时间：0.039031s] [吞吐率：25.62req/s] [内存消耗：2,078.22kb] [文件加载：109]
[ info ] [ CACHE ] INIT File
[ info ] [ BEHAVIOR ] Run cmf\behavior\InitHookBehavior @app_init [ RunTime:0.002493s ]
[ info ] [ LANG ] /home/dagongwang/simplewind/thinkphp/lang/zh-cn.php
[ info ] [ ROUTE ] array (
  'type' => 'method',
  'method' => 
  array (
    0 => '\\cmf\\controller\\CaptchaController',
    1 => 'index',
  ),
  'var' => 
  array (
  ),
)
[ info ] [ HEADER ] array (
  'cookie' => 'Hm_lvt_f8d0a8c400404989e195270b0bbf060a=1557213493,1557215409,1557295154; admin_username=cherry; PHPSESSID=8av3re6dmcatkg2n15kd7qdlr5; thinkphp_show_page_trace=0|0',
  'referer' => 'http://dgw.wh68.wanheweb.com/admin/public/login.html',
  'connection' => 'keep-alive',
  'accept-encoding' => 'gzip, deflate',
  'accept-language' => 'zh-CN,zh;q=0.8,zh-TW;q=0.7,zh-HK;q=0.5,en-US;q=0.3,en;q=0.2',
  'accept' => 'image/webp,*/*',
  'user-agent' => 'Mozilla/5.0 (Windows NT 10.0; Win64; x64; rv:67.0) Gecko/20100101 Firefox/67.0',
  'host' => 'dgw.wh68.wanheweb.com',
  'content-type' => '',
  'content-length' => '',
)
[ info ] [ PARAM ] array (
  'height' => '32',
  'width' => '150',
  'font_size' => '18',
)
[ info ] [ LANG ] /home/dagongwang/simplewind/cmf/behavior/../lang/zh-cn.php
[ info ] [ LANG ] /home/dagongwang/public/../app/admin/lang/zh-cn/common.php
[ info ] [ LANG ] /home/dagongwang/public/../app/portal/lang/zh-cn/common.php
[ info ] [ BEHAVIOR ] Run cmf\behavior\LangBehavior @app_begin [ RunTime:0.001221s ]
[ info ] [ RUN ] cmf\controller\CaptchaController->index[ /home/dagongwang/simplewind/cmf/controller/CaptchaController.php ]
[ info ] [ SESSION ] INIT array (
  'id' => '',
  'var_session_id' => '',
  'prefix' => 'think',
  'type' => '',
  'auto_start' => true,
)
[ info ] [ LOG ] INIT File
---------------------------------------------------------------
[ 2019-06-28T13:06:55+08:00 ] 121.238.200.67 GET dgw.wh68.wanheweb.com/favicon.ico
[运行时间：0.042201s] [吞吐率：23.70req/s] [内存消耗：2,161.50kb] [文件加载：110]
[ info ] [ CACHE ] INIT File
[ info ] [ BEHAVIOR ] Run cmf\behavior\InitHookBehavior @app_init [ RunTime:0.002526s ]
[ info ] [ LANG ] /home/dagongwang/simplewind/thinkphp/lang/zh-cn.php
[ info ] [ ROUTE ] array (
  'type' => 'module',
  'module' => 
  array (
    0 => 'favicon.ico',
    1 => NULL,
    2 => NULL,
  ),
)
[ info ] [ HEADER ] array (
  'cookie' => 'Hm_lvt_f8d0a8c400404989e195270b0bbf060a=1557213493,1557215409,1557295154; admin_username=cherry; PHPSESSID=8av3re6dmcatkg2n15kd7qdlr5; thinkphp_show_page_trace=0|0',
  'connection' => 'keep-alive',
  'accept-encoding' => 'gzip, deflate',
  'accept-language' => 'zh-CN,zh;q=0.8,zh-TW;q=0.7,zh-HK;q=0.5,en-US;q=0.3,en;q=0.2',
  'accept' => 'image/webp,*/*',
  'user-agent' => 'Mozilla/5.0 (Windows NT 10.0; Win64; x64; rv:67.0) Gecko/20100101 Firefox/67.0',
  'host' => 'dgw.wh68.wanheweb.com',
  'content-type' => '',
  'content-length' => '',
)
[ info ] [ PARAM ] array (
)
[ info ] [ LANG ] /home/dagongwang/simplewind/cmf/behavior/../lang/zh-cn.php
[ info ] [ LANG ] /home/dagongwang/public/../app/admin/lang/zh-cn/common.php
[ info ] [ LANG ] /home/dagongwang/public/../app/portal/lang/zh-cn/common.php
[ info ] [ BEHAVIOR ] Run cmf\behavior\LangBehavior @app_begin [ RunTime:0.001238s ]
[ info ] [ LOG ] INIT File
---------------------------------------------------------------
[ 2019-06-28T13:22:12+08:00 ] 121.238.200.67 GET dgw.wh68.wanheweb.com/favicon.ico
[运行时间：0.027256s] [吞吐率：36.69req/s] [内存消耗：2,084.80kb] [文件加载：111]
[ info ] [ CACHE ] INIT File
[ info ] [ BEHAVIOR ] Run cmf\behavior\InitHookBehavior @app_init [ RunTime:0.001634s ]
[ info ] [ LANG ] /home/dagongwang/simplewind/thinkphp/lang/zh-cn.php
[ info ] [ ROUTE ] array (
  'type' => 'module',
  'module' => 
  array (
    0 => 'favicon.ico',
    1 => NULL,
    2 => NULL,
  ),
)
[ info ] [ HEADER ] array (
  'cookie' => 'admin_username=%E5%85%AC%E5%8F%B8%E8%B4%A6%E5%8F%B7',
  'accept-language' => 'zh-CN,zh;q=0.9',
  'accept-encoding' => 'gzip, deflate',
  'user-agent' => 'Mozilla/5.0 (Windows NT 10.0; WOW64) AppleWebKit/537.36 (KHTML, like Gecko) Chrome/63.0.3239.26 Safari/537.36 Core/1.63.5967.400 LBBROWSER/10.1.3622.400',
  'connection' => 'keep-alive',
  'host' => 'dgw.wh68.wanheweb.com',
  'content-type' => '',
  'content-length' => '',
)
[ info ] [ PARAM ] array (
)
[ info ] [ LANG ] /home/dagongwang/simplewind/cmf/behavior/../lang/zh-cn.php
[ info ] [ LANG ] /home/dagongwang/public/../app/admin/lang/zh-cn/common.php
[ info ] [ LANG ] /home/dagongwang/public/../app/portal/lang/zh-cn/common.php
[ info ] [ BEHAVIOR ] Run cmf\behavior\LangBehavior @app_begin [ RunTime:0.000850s ]
[ info ] [ LOG ] INIT File
---------------------------------------------------------------
[ 2019-06-28T13:22:12+08:00 ] 121.238.200.67 GET dgw.wh68.wanheweb.com/favicon.ico
[运行时间：0.029575s] [吞吐率：33.81req/s] [内存消耗：2,084.84kb] [文件加载：111]
[ info ] [ CACHE ] INIT File
[ info ] [ BEHAVIOR ] Run cmf\behavior\InitHookBehavior @app_init [ RunTime:0.001519s ]
[ info ] [ LANG ] /home/dagongwang/simplewind/thinkphp/lang/zh-cn.php
[ info ] [ ROUTE ] array (
  'type' => 'module',
  'module' => 
  array (
    0 => '404',
    1 => NULL,
    2 => NULL,
  ),
)
[ info ] [ HEADER ] array (
  'cookie' => 'admin_username=%E5%85%AC%E5%8F%B8%E8%B4%A6%E5%8F%B7',
  'accept-language' => 'zh-CN,zh;q=0.9',
  'accept-encoding' => 'gzip, deflate',
  'user-agent' => 'Mozilla/5.0 (Windows NT 10.0; WOW64) AppleWebKit/537.36 (KHTML, like Gecko) Chrome/63.0.3239.26 Safari/537.36 Core/1.63.5967.400 LBBROWSER/10.1.3622.400',
  'connection' => 'keep-alive',
  'host' => 'dgw.wh68.wanheweb.com',
  'content-type' => '',
  'content-length' => '',
)
[ info ] [ PARAM ] array (
)
[ info ] [ LANG ] /home/dagongwang/simplewind/cmf/behavior/../lang/zh-cn.php
[ info ] [ LANG ] /home/dagongwang/public/../app/admin/lang/zh-cn/common.php
[ info ] [ LANG ] /home/dagongwang/public/../app/portal/lang/zh-cn/common.php
[ info ] [ BEHAVIOR ] Run cmf\behavior\LangBehavior @app_begin [ RunTime:0.000778s ]
[ info ] [ LOG ] INIT File
