---------------------------------------------------------------
[ 2019-06-30T19:13:51+08:00 ] 49.94.89.188 OPTIONS dgw.wh68.wanheweb.com/workType/1
[运行时间：0.045379s] [吞吐率：22.04req/s] [内存消耗：2,218.45kb] [文件加载：113]
[ info ] [ CACHE ] INIT File
[ info ] [ BEHAVIOR ] Run cmf\behavior\InitHookBehavior @app_init [ RunTime:0.002511s ]
[ info ] [ LANG ] /home/dagongwang/simplewind/thinkphp/lang/zh-cn.php
[ info ] [ ROUTE ] array (
  'type' => 'module',
  'module' => 
  array (
    0 => 'api',
    1 => 'Work',
    2 => 'getWorkType',
  ),
  'convert' => false,
)
[ info ] [ HEADER ] array (
  'accept-encoding' => 'gzip, deflate',
  'accept-language' => 'zh-cn',
  'referer' => 'http://wxdgw.wh68.wanheweb.com/html/index.html',
  'user-agent' => 'Mozilla/5.0 (iPhone; CPU iPhone OS 12_2 like Mac OS X) AppleWebKit/605.1.15 (KHTML, like Gecko) Mobile/15E148 MicroMessenger/7.0.4(0x17000428) NetType/4G Language/zh_CN',
  'accept' => '*/*',
  'connection' => 'keep-alive',
  'access-control-request-headers' => 'openid',
  'content-length' => '0',
  'access-control-request-method' => 'POST',
  'origin' => 'http://wxdgw.wh68.wanheweb.com',
  'host' => 'dgw.wh68.wanheweb.com',
  'content-type' => '',
)
[ info ] [ PARAM ] array (
  'auth' => '1',
)
[ info ] [ LANG ] /home/dagongwang/simplewind/cmf/behavior/../lang/zh-cn.php
[ info ] [ LANG ] /home/dagongwang/public/../app/admin/lang/zh-cn/common.php
[ info ] [ LANG ] /home/dagongwang/public/../app/portal/lang/zh-cn/common.php
[ info ] [ BEHAVIOR ] Run cmf\behavior\LangBehavior @app_begin [ RunTime:0.002065s ]
[ info ] [ BEHAVIOR ] Run cmf\behavior\InitAppHookBehavior @module_init [ RunTime:0.000501s ]
[ info ] [ LOG ] INIT File
---------------------------------------------------------------
[ 2019-06-30T19:13:51+08:00 ] 49.94.89.188 OPTIONS dgw.wh68.wanheweb.com/customerMobile
[运行时间：0.038969s] [吞吐率：25.66req/s] [内存消耗：2,217.33kb] [文件加载：113]
[ info ] [ CACHE ] INIT File
[ info ] [ BEHAVIOR ] Run cmf\behavior\InitHookBehavior @app_init [ RunTime:0.003527s ]
[ info ] [ LANG ] /home/dagongwang/simplewind/thinkphp/lang/zh-cn.php
[ info ] [ ROUTE ] array (
  'type' => 'module',
  'module' => 
  array (
    0 => 'api',
    1 => 'Work',
    2 => 'getPlatformMobile',
  ),
  'convert' => false,
)
[ info ] [ HEADER ] array (
  'accept-encoding' => 'gzip, deflate',
  'accept-language' => 'zh-cn',
  'referer' => 'http://wxdgw.wh68.wanheweb.com/html/index.html',
  'user-agent' => 'Mozilla/5.0 (iPhone; CPU iPhone OS 12_2 like Mac OS X) AppleWebKit/605.1.15 (KHTML, like Gecko) Mobile/15E148 MicroMessenger/7.0.4(0x17000428) NetType/4G Language/zh_CN',
  'accept' => '*/*',
  'connection' => 'keep-alive',
  'access-control-request-headers' => 'openid',
  'content-length' => '0',
  'access-control-request-method' => 'POST',
  'origin' => 'http://wxdgw.wh68.wanheweb.com',
  'host' => 'dgw.wh68.wanheweb.com',
  'content-type' => '',
)
[ info ] [ PARAM ] array (
)
[ info ] [ LANG ] /home/dagongwang/simplewind/cmf/behavior/../lang/zh-cn.php
[ info ] [ LANG ] /home/dagongwang/public/../app/admin/lang/zh-cn/common.php
[ info ] [ LANG ] /home/dagongwang/public/../app/portal/lang/zh-cn/common.php
[ info ] [ BEHAVIOR ] Run cmf\behavior\LangBehavior @app_begin [ RunTime:0.001299s ]
[ info ] [ BEHAVIOR ] Run cmf\behavior\InitAppHookBehavior @module_init [ RunTime:0.000285s ]
[ info ] [ LOG ] INIT File
---------------------------------------------------------------
[ 2019-06-30T19:13:51+08:00 ] 49.94.89.188 POST dgw.wh68.wanheweb.com/customerMobile
[运行时间：0.053628s] [吞吐率：18.65req/s] [内存消耗：3,482.80kb] [文件加载：133]
[ info ] [ CACHE ] INIT File
[ info ] [ BEHAVIOR ] Run cmf\behavior\InitHookBehavior @app_init [ RunTime:0.002289s ]
[ info ] [ LANG ] /home/dagongwang/simplewind/thinkphp/lang/zh-cn.php
[ info ] [ ROUTE ] array (
  'type' => 'module',
  'module' => 
  array (
    0 => 'api',
    1 => 'Work',
    2 => 'getPlatformMobile',
  ),
  'convert' => false,
)
[ info ] [ HEADER ] array (
  'accept-encoding' => 'gzip, deflate',
  'referer' => 'http://wxdgw.wh68.wanheweb.com/html/index.html',
  'accept-language' => 'zh-cn',
  'user-agent' => 'Mozilla/5.0 (iPhone; CPU iPhone OS 12_2 like Mac OS X) AppleWebKit/605.1.15 (KHTML, like Gecko) Mobile/15E148 MicroMessenger/7.0.4(0x17000428) NetType/4G Language/zh_CN',
  'accept' => 'application/json, text/javascript, */*; q=0.01',
  'connection' => 'keep-alive',
  'content-length' => '0',
  'openid' => 'ougGT5zYunHIBfpngnCsSYfIT1II',
  'origin' => 'http://wxdgw.wh68.wanheweb.com',
  'host' => 'dgw.wh68.wanheweb.com',
  'content-type' => '',
)
[ info ] [ PARAM ] array (
)
[ info ] [ LANG ] /home/dagongwang/simplewind/cmf/behavior/../lang/zh-cn.php
[ info ] [ LANG ] /home/dagongwang/public/../app/admin/lang/zh-cn/common.php
[ info ] [ LANG ] /home/dagongwang/public/../app/portal/lang/zh-cn/common.php
[ info ] [ BEHAVIOR ] Run cmf\behavior\LangBehavior @app_begin [ RunTime:0.001125s ]
[ info ] [ BEHAVIOR ] Run cmf\behavior\InitAppHookBehavior @module_init [ RunTime:0.000295s ]
[ info ] [ DB ] INIT mysql
[ info ] [ RUN ] app\api\controller\WorkController->getPlatformMobile[ /home/dagongwang/app/api/controller/WorkController.php ]
[ info ] [ LOG ] INIT File
[ sql ] [ DB ] CONNECT:[ UseTime:0.000502s ] mysql:host=127.0.0.1;port=3306;dbname=dgw_wh68_wanhewe;charset=utf8mb4
[ sql ] [ SQL ] SHOW COLUMNS FROM `cherry_config` [ RunTime:0.003112s ]
[ sql ] [ SQL ] SELECT `content` FROM `cherry_config` WHERE  `id` = 1 LIMIT 1 [ RunTime:0.000262s ]
[ sql ] [ EXPLAIN : array (
  'id' => 1,
  'select_type' => 'SIMPLE',
  'table' => 'cherry_config',
  'type' => 'const',
  'possible_keys' => 'PRIMARY',
  'key' => 'PRIMARY',
  'key_len' => '1',
  'ref' => 'const',
  'rows' => 1,
  'extra' => '',
) ]
---------------------------------------------------------------
[ 2019-06-30T19:13:51+08:00 ] 49.94.89.188 POST dgw.wh68.wanheweb.com/workType/1
[运行时间：0.068464s] [吞吐率：14.61req/s] [内存消耗：3,498.71kb] [文件加载：134]
[ info ] [ CACHE ] INIT File
[ info ] [ BEHAVIOR ] Run cmf\behavior\InitHookBehavior @app_init [ RunTime:0.002533s ]
[ info ] [ LANG ] /home/dagongwang/simplewind/thinkphp/lang/zh-cn.php
[ info ] [ ROUTE ] array (
  'type' => 'module',
  'module' => 
  array (
    0 => 'api',
    1 => 'Work',
    2 => 'getWorkType',
  ),
  'convert' => false,
)
[ info ] [ HEADER ] array (
  'accept-language' => 'zh-cn',
  'content-length' => '6',
  'referer' => 'http://wxdgw.wh68.wanheweb.com/html/index.html',
  'user-agent' => 'Mozilla/5.0 (iPhone; CPU iPhone OS 12_2 like Mac OS X) AppleWebKit/605.1.15 (KHTML, like Gecko) Mobile/15E148 MicroMessenger/7.0.4(0x17000428) NetType/4G Language/zh_CN',
  'accept' => 'application/json, text/javascript, */*; q=0.01',
  'connection' => 'keep-alive',
  'accept-encoding' => 'gzip, deflate',
  'openid' => 'ougGT5zYunHIBfpngnCsSYfIT1II',
  'origin' => 'http://wxdgw.wh68.wanheweb.com',
  'content-type' => 'application/x-www-form-urlencoded; charset=UTF-8',
  'host' => 'dgw.wh68.wanheweb.com',
)
[ info ] [ PARAM ] array (
  'auth' => '1',
)
[ info ] [ LANG ] /home/dagongwang/simplewind/cmf/behavior/../lang/zh-cn.php
[ info ] [ LANG ] /home/dagongwang/public/../app/admin/lang/zh-cn/common.php
[ info ] [ LANG ] /home/dagongwang/public/../app/portal/lang/zh-cn/common.php
[ info ] [ BEHAVIOR ] Run cmf\behavior\LangBehavior @app_begin [ RunTime:0.001186s ]
[ info ] [ BEHAVIOR ] Run cmf\behavior\InitAppHookBehavior @module_init [ RunTime:0.000305s ]
[ info ] [ DB ] INIT mysql
[ info ] [ RUN ] app\api\controller\WorkController->getWorkType[ /home/dagongwang/app/api/controller/WorkController.php ]
[ info ] [ LOG ] INIT File
[ sql ] [ DB ] CONNECT:[ UseTime:0.000535s ] mysql:host=127.0.0.1;port=3306;dbname=dgw_wh68_wanhewe;charset=utf8mb4
[ sql ] [ SQL ] SHOW COLUMNS FROM `cherry_type` [ RunTime:0.002960s ]
[ sql ] [ SQL ] SELECT `id`,`name`,`picture` FROM `cherry_type` WHERE  `type` = 1  AND `status` = 1 [ RunTime:0.000277s ]
[ sql ] [ EXPLAIN : array (
  'id' => 1,
  'select_type' => 'SIMPLE',
  'table' => 'cherry_type',
  'type' => 'ref',
  'possible_keys' => 'typestatus',
  'key' => 'typestatus',
  'key_len' => '2',
  'ref' => 'const,const',
  'rows' => 4,
  'extra' => '',
) ]
---------------------------------------------------------------
[ 2019-06-30T19:13:51+08:00 ] 49.94.89.188 OPTIONS dgw.wh68.wanheweb.com/recommendWork
[运行时间：0.037356s] [吞吐率：26.77req/s] [内存消耗：2,217.31kb] [文件加载：113]
[ info ] [ CACHE ] INIT File
[ info ] [ BEHAVIOR ] Run cmf\behavior\InitHookBehavior @app_init [ RunTime:0.002355s ]
[ info ] [ LANG ] /home/dagongwang/simplewind/thinkphp/lang/zh-cn.php
[ info ] [ ROUTE ] array (
  'type' => 'module',
  'module' => 
  array (
    0 => 'api',
    1 => 'Work',
    2 => 'recommendWork',
  ),
  'convert' => false,
)
[ info ] [ HEADER ] array (
  'accept-encoding' => 'gzip, deflate',
  'accept-language' => 'zh-cn',
  'referer' => 'http://wxdgw.wh68.wanheweb.com/html/index.html',
  'user-agent' => 'Mozilla/5.0 (iPhone; CPU iPhone OS 12_2 like Mac OS X) AppleWebKit/605.1.15 (KHTML, like Gecko) Mobile/15E148 MicroMessenger/7.0.4(0x17000428) NetType/4G Language/zh_CN',
  'accept' => '*/*',
  'connection' => 'keep-alive',
  'access-control-request-headers' => 'openid',
  'content-length' => '0',
  'access-control-request-method' => 'POST',
  'origin' => 'http://wxdgw.wh68.wanheweb.com',
  'host' => 'dgw.wh68.wanheweb.com',
  'content-type' => '',
)
[ info ] [ PARAM ] array (
)
[ info ] [ LANG ] /home/dagongwang/simplewind/cmf/behavior/../lang/zh-cn.php
[ info ] [ LANG ] /home/dagongwang/public/../app/admin/lang/zh-cn/common.php
[ info ] [ LANG ] /home/dagongwang/public/../app/portal/lang/zh-cn/common.php
[ info ] [ BEHAVIOR ] Run cmf\behavior\LangBehavior @app_begin [ RunTime:0.001184s ]
[ info ] [ BEHAVIOR ] Run cmf\behavior\InitAppHookBehavior @module_init [ RunTime:0.000309s ]
[ info ] [ LOG ] INIT File
---------------------------------------------------------------
[ 2019-06-30T19:13:51+08:00 ] 49.94.89.188 OPTIONS dgw.wh68.wanheweb.com/workList
[运行时间：0.034249s] [吞吐率：29.20req/s] [内存消耗：2,217.28kb] [文件加载：113]
[ info ] [ CACHE ] INIT File
[ info ] [ BEHAVIOR ] Run cmf\behavior\InitHookBehavior @app_init [ RunTime:0.002227s ]
[ info ] [ LANG ] /home/dagongwang/simplewind/thinkphp/lang/zh-cn.php
[ info ] [ ROUTE ] array (
  'type' => 'module',
  'module' => 
  array (
    0 => 'api',
    1 => 'Work',
    2 => 'getWork',
  ),
  'convert' => false,
)
[ info ] [ HEADER ] array (
  'accept-encoding' => 'gzip, deflate',
  'accept-language' => 'zh-cn',
  'referer' => 'http://wxdgw.wh68.wanheweb.com/html/index.html',
  'user-agent' => 'Mozilla/5.0 (iPhone; CPU iPhone OS 12_2 like Mac OS X) AppleWebKit/605.1.15 (KHTML, like Gecko) Mobile/15E148 MicroMessenger/7.0.4(0x17000428) NetType/4G Language/zh_CN',
  'accept' => '*/*',
  'connection' => 'keep-alive',
  'access-control-request-headers' => 'openid',
  'content-length' => '0',
  'access-control-request-method' => 'POST',
  'origin' => 'http://wxdgw.wh68.wanheweb.com',
  'host' => 'dgw.wh68.wanheweb.com',
  'content-type' => '',
)
[ info ] [ PARAM ] array (
)
[ info ] [ LANG ] /home/dagongwang/simplewind/cmf/behavior/../lang/zh-cn.php
[ info ] [ LANG ] /home/dagongwang/public/../app/admin/lang/zh-cn/common.php
[ info ] [ LANG ] /home/dagongwang/public/../app/portal/lang/zh-cn/common.php
[ info ] [ BEHAVIOR ] Run cmf\behavior\LangBehavior @app_begin [ RunTime:0.001126s ]
[ info ] [ BEHAVIOR ] Run cmf\behavior\InitAppHookBehavior @module_init [ RunTime:0.000288s ]
[ info ] [ LOG ] INIT File
---------------------------------------------------------------
[ 2019-06-30T19:13:51+08:00 ] 49.94.89.188 POST dgw.wh68.wanheweb.com/recommendWork
[运行时间：0.070916s] [吞吐率：14.10req/s] [内存消耗：3,491.11kb] [文件加载：133]
[ info ] [ CACHE ] INIT File
[ info ] [ BEHAVIOR ] Run cmf\behavior\InitHookBehavior @app_init [ RunTime:0.003844s ]
[ info ] [ LANG ] /home/dagongwang/simplewind/thinkphp/lang/zh-cn.php
[ info ] [ ROUTE ] array (
  'type' => 'module',
  'module' => 
  array (
    0 => 'api',
    1 => 'Work',
    2 => 'recommendWork',
  ),
  'convert' => false,
)
[ info ] [ HEADER ] array (
  'accept-language' => 'zh-cn',
  'content-length' => '21',
  'referer' => 'http://wxdgw.wh68.wanheweb.com/html/index.html',
  'user-agent' => 'Mozilla/5.0 (iPhone; CPU iPhone OS 12_2 like Mac OS X) AppleWebKit/605.1.15 (KHTML, like Gecko) Mobile/15E148 MicroMessenger/7.0.4(0x17000428) NetType/4G Language/zh_CN',
  'accept' => 'application/json, text/javascript, */*; q=0.01',
  'connection' => 'keep-alive',
  'accept-encoding' => 'gzip, deflate',
  'openid' => 'ougGT5zYunHIBfpngnCsSYfIT1II',
  'origin' => 'http://wxdgw.wh68.wanheweb.com',
  'content-type' => 'application/x-www-form-urlencoded; charset=UTF-8',
  'host' => 'dgw.wh68.wanheweb.com',
)
[ info ] [ PARAM ] array (
  'city' => '861',
  'top' => '1',
  'type' => '8',
)
[ info ] [ LANG ] /home/dagongwang/simplewind/cmf/behavior/../lang/zh-cn.php
[ info ] [ LANG ] /home/dagongwang/public/../app/admin/lang/zh-cn/common.php
[ info ] [ LANG ] /home/dagongwang/public/../app/portal/lang/zh-cn/common.php
[ info ] [ BEHAVIOR ] Run cmf\behavior\LangBehavior @app_begin [ RunTime:0.002051s ]
[ info ] [ BEHAVIOR ] Run cmf\behavior\InitAppHookBehavior @module_init [ RunTime:0.000499s ]
[ info ] [ DB ] INIT mysql
[ info ] [ RUN ] app\api\controller\WorkController->recommendWork[ /home/dagongwang/app/api/controller/WorkController.php ]
[ info ] [ LOG ] INIT File
[ sql ] [ DB ] CONNECT:[ UseTime:0.000537s ] mysql:host=127.0.0.1;port=3306;dbname=dgw_wh68_wanhewe;charset=utf8mb4
[ sql ] [ SQL ] SHOW COLUMNS FROM `cherry_work` [ RunTime:0.001662s ]
[ sql ] [ SQL ] SELECT `c`.`short_name`,`w`.`supply`,`w`.`base_info`,`w`.`company_id`,`w`.`id`,`w`.`tag` FROM `cherry_work` `w` LEFT JOIN `cherry_company` `c` ON `c`.`id`=`w`.`company_id` WHERE  `is_recommend` = 1  AND `w`.`status` = 1  AND `c`.`city` = '861'  AND `w`.`top` = 1  AND `w`.`type` = '8' LIMIT 1 [ RunTime:0.000681s ]
[ sql ] [ EXPLAIN : array (
  'id' => 1,
  'select_type' => 'SIMPLE',
  'table' => 'c',
  'type' => 'ALL',
  'possible_keys' => 'PRIMARY,city',
  'key' => NULL,
  'key_len' => NULL,
  'ref' => NULL,
  'rows' => 8,
  'extra' => 'Using where',
) ]
---------------------------------------------------------------
[ 2019-06-30T19:13:51+08:00 ] 49.94.89.188 POST dgw.wh68.wanheweb.com/workList
[运行时间：0.078709s] [吞吐率：12.71req/s] [内存消耗：3,540.16kb] [文件加载：135]
[ info ] [ CACHE ] INIT File
[ info ] [ BEHAVIOR ] Run cmf\behavior\InitHookBehavior @app_init [ RunTime:0.003264s ]
[ info ] [ LANG ] /home/dagongwang/simplewind/thinkphp/lang/zh-cn.php
[ info ] [ ROUTE ] array (
  'type' => 'module',
  'module' => 
  array (
    0 => 'api',
    1 => 'Work',
    2 => 'getWork',
  ),
  'convert' => false,
)
[ info ] [ HEADER ] array (
  'accept-language' => 'zh-cn',
  'content-length' => '36',
  'referer' => 'http://wxdgw.wh68.wanheweb.com/html/index.html',
  'user-agent' => 'Mozilla/5.0 (iPhone; CPU iPhone OS 12_2 like Mac OS X) AppleWebKit/605.1.15 (KHTML, like Gecko) Mobile/15E148 MicroMessenger/7.0.4(0x17000428) NetType/4G Language/zh_CN',
  'accept' => 'application/json, text/javascript, */*; q=0.01',
  'connection' => 'keep-alive',
  'accept-encoding' => 'gzip, deflate',
  'openid' => 'ougGT5zYunHIBfpngnCsSYfIT1II',
  'origin' => 'http://wxdgw.wh68.wanheweb.com',
  'content-type' => 'application/x-www-form-urlencoded; charset=UTF-8',
  'host' => 'dgw.wh68.wanheweb.com',
)
[ info ] [ PARAM ] array (
  'city' => '861',
  'top' => '1',
  'type' => '8',
  'page' => '1',
  'limit' => '6',
)
[ info ] [ LANG ] /home/dagongwang/simplewind/cmf/behavior/../lang/zh-cn.php
[ info ] [ LANG ] /home/dagongwang/public/../app/admin/lang/zh-cn/common.php
[ info ] [ LANG ] /home/dagongwang/public/../app/portal/lang/zh-cn/common.php
[ info ] [ BEHAVIOR ] Run cmf\behavior\LangBehavior @app_begin [ RunTime:0.001293s ]
[ info ] [ BEHAVIOR ] Run cmf\behavior\InitAppHookBehavior @module_init [ RunTime:0.000335s ]
[ info ] [ DB ] INIT mysql
[ info ] [ RUN ] app\api\controller\WorkController->getWork[ /home/dagongwang/app/api/controller/WorkController.php ]
[ info ] [ LOG ] INIT File
[ sql ] [ DB ] CONNECT:[ UseTime:0.000447s ] mysql:host=127.0.0.1;port=3306;dbname=dgw_wh68_wanhewe;charset=utf8mb4
[ sql ] [ SQL ] SHOW COLUMNS FROM `cherry_work` [ RunTime:0.000924s ]
[ sql ] [ SQL ] SELECT COUNT(*) AS tp_count FROM `cherry_work` `w` LEFT JOIN `cherry_company` `c` ON `c`.`id`=`w`.`company_id` WHERE  `w`.`status` = 1  AND `c`.`city` = '861'  AND `w`.`top` = 1  AND `w`.`type` = '8' LIMIT 1 [ RunTime:0.000336s ]
[ sql ] [ EXPLAIN : array (
  'id' => 1,
  'select_type' => 'SIMPLE',
  'table' => 'c',
  'type' => 'ref',
  'possible_keys' => 'PRIMARY,city',
  'key' => 'city',
  'key_len' => '2',
  'ref' => 'const',
  'rows' => 10,
  'extra' => 'Using where; Using index',
) ]
[ sql ] [ SQL ] SELECT `c`.`short_name`,`w`.`supply`,`w`.`base_info`,`w`.`company_id`,`w`.`id`,`w`.`tag` FROM `cherry_work` `w` LEFT JOIN `cherry_company` `c` ON `c`.`id`=`w`.`company_id` WHERE  `w`.`status` = 1  AND `c`.`city` = '861'  AND `w`.`top` = 1  AND `w`.`type` = '8' LIMIT 0,6 [ RunTime:0.000207s ]
[ sql ] [ EXPLAIN : array (
  'id' => 1,
  'select_type' => 'SIMPLE',
  'table' => 'c',
  'type' => 'ALL',
  'possible_keys' => 'PRIMARY,city',
  'key' => NULL,
  'key_len' => NULL,
  'ref' => NULL,
  'rows' => 8,
  'extra' => 'Using where',
) ]
[ sql ] [ SQL ] SHOW COLUMNS FROM `cherry_company_picture` [ RunTime:0.001195s ]
[ sql ] [ SQL ] SELECT * FROM `cherry_company_picture` WHERE  `company_id` = 5 LIMIT 1 [ RunTime:0.000322s ]
[ sql ] [ EXPLAIN : array (
  'id' => 1,
  'select_type' => 'SIMPLE',
  'table' => 'cherry_company_picture',
  'type' => 'ref',
  'possible_keys' => 'company',
  'key' => 'company',
  'key_len' => '4',
  'ref' => 'const',
  'rows' => 6,
  'extra' => '',
) ]
[ sql ] [ SQL ] SHOW COLUMNS FROM `cherry_type` [ RunTime:0.000760s ]
[ sql ] [ SQL ] SELECT `name` FROM `cherry_type` WHERE  `id` = 1 LIMIT 1 [ RunTime:0.000236s ]
[ sql ] [ EXPLAIN : array (
  'id' => 1,
  'select_type' => 'SIMPLE',
  'table' => 'cherry_type',
  'type' => 'const',
  'possible_keys' => 'PRIMARY',
  'key' => 'PRIMARY',
  'key_len' => '4',
  'ref' => 'const',
  'rows' => 1,
  'extra' => '',
) ]
[ sql ] [ SQL ] SELECT `name` FROM `cherry_type` WHERE  `id` = 2 LIMIT 1 [ RunTime:0.000212s ]
[ sql ] [ EXPLAIN : array (
  'id' => 1,
  'select_type' => 'SIMPLE',
  'table' => 'cherry_type',
  'type' => 'const',
  'possible_keys' => 'PRIMARY',
  'key' => 'PRIMARY',
  'key_len' => '4',
  'ref' => 'const',
  'rows' => 1,
  'extra' => '',
) ]
[ sql ] [ SQL ] SELECT * FROM `cherry_company_picture` WHERE  `company_id` = 7 LIMIT 1 [ RunTime:0.000184s ]
[ sql ] [ EXPLAIN : array (
  'id' => 1,
  'select_type' => 'SIMPLE',
  'table' => 'cherry_company_picture',
  'type' => 'ref',
  'possible_keys' => 'company',
  'key' => 'company',
  'key_len' => '4',
  'ref' => 'const',
  'rows' => 3,
  'extra' => '',
) ]
[ sql ] [ SQL ] SELECT `name` FROM `cherry_type` WHERE  `id` = 1 LIMIT 1 [ RunTime:0.000178s ]
[ sql ] [ EXPLAIN : array (
  'id' => 1,
  'select_type' => 'SIMPLE',
  'table' => 'cherry_type',
  'type' => 'const',
  'possible_keys' => 'PRIMARY',
  'key' => 'PRIMARY',
  'key_len' => '4',
  'ref' => 'const',
  'rows' => 1,
  'extra' => '',
) ]
[ sql ] [ SQL ] SELECT `name` FROM `cherry_type` WHERE  `id` = 2 LIMIT 1 [ RunTime:0.000176s ]
[ sql ] [ EXPLAIN : array (
  'id' => 1,
  'select_type' => 'SIMPLE',
  'table' => 'cherry_type',
  'type' => 'const',
  'possible_keys' => 'PRIMARY',
  'key' => 'PRIMARY',
  'key_len' => '4',
  'ref' => 'const',
  'rows' => 1,
  'extra' => '',
) ]
[ sql ] [ SQL ] SELECT `name` FROM `cherry_type` WHERE  `id` = 3 LIMIT 1 [ RunTime:0.000226s ]
[ sql ] [ EXPLAIN : array (
  'id' => 1,
  'select_type' => 'SIMPLE',
  'table' => 'cherry_type',
  'type' => 'const',
  'possible_keys' => 'PRIMARY',
  'key' => 'PRIMARY',
  'key_len' => '4',
  'ref' => 'const',
  'rows' => 1,
  'extra' => '',
) ]
[ sql ] [ SQL ] SELECT * FROM `cherry_company_picture` WHERE  `company_id` = 9 LIMIT 1 [ RunTime:0.000183s ]
[ sql ] [ EXPLAIN : array (
  'id' => 1,
  'select_type' => 'SIMPLE',
  'table' => 'cherry_company_picture',
  'type' => 'ref',
  'possible_keys' => 'company',
  'key' => 'company',
  'key_len' => '4',
  'ref' => 'const',
  'rows' => 1,
  'extra' => '',
) ]
[ sql ] [ SQL ] SELECT `name` FROM `cherry_type` WHERE  `id` = 2 LIMIT 1 [ RunTime:0.000150s ]
[ sql ] [ EXPLAIN : array (
  'id' => 1,
  'select_type' => 'SIMPLE',
  'table' => 'cherry_type',
  'type' => 'const',
  'possible_keys' => 'PRIMARY',
  'key' => 'PRIMARY',
  'key_len' => '4',
  'ref' => 'const',
  'rows' => 1,
  'extra' => '',
) ]
[ sql ] [ SQL ] SELECT `name` FROM `cherry_type` WHERE  `id` = 3 LIMIT 1 [ RunTime:0.000142s ]
[ sql ] [ EXPLAIN : array (
  'id' => 1,
  'select_type' => 'SIMPLE',
  'table' => 'cherry_type',
  'type' => 'const',
  'possible_keys' => 'PRIMARY',
  'key' => 'PRIMARY',
  'key_len' => '4',
  'ref' => 'const',
  'rows' => 1,
  'extra' => '',
) ]
[ sql ] [ SQL ] SELECT * FROM `cherry_company_picture` WHERE  `company_id` = 10 LIMIT 1 [ RunTime:0.000152s ]
[ sql ] [ EXPLAIN : array (
  'id' => 1,
  'select_type' => 'SIMPLE',
  'table' => 'cherry_company_picture',
  'type' => 'ref',
  'possible_keys' => 'company',
  'key' => 'company',
  'key_len' => '4',
  'ref' => 'const',
  'rows' => 3,
  'extra' => '',
) ]
[ sql ] [ SQL ] SELECT `name` FROM `cherry_type` WHERE  `id` = 1 LIMIT 1 [ RunTime:0.000145s ]
[ sql ] [ EXPLAIN : array (
  'id' => 1,
  'select_type' => 'SIMPLE',
  'table' => 'cherry_type',
  'type' => 'const',
  'possible_keys' => 'PRIMARY',
  'key' => 'PRIMARY',
  'key_len' => '4',
  'ref' => 'const',
  'rows' => 1,
  'extra' => '',
) ]
[ sql ] [ SQL ] SELECT `name` FROM `cherry_type` WHERE  `id` = 2 LIMIT 1 [ RunTime:0.000147s ]
[ sql ] [ EXPLAIN : array (
  'id' => 1,
  'select_type' => 'SIMPLE',
  'table' => 'cherry_type',
  'type' => 'const',
  'possible_keys' => 'PRIMARY',
  'key' => 'PRIMARY',
  'key_len' => '4',
  'ref' => 'const',
  'rows' => 1,
  'extra' => '',
) ]
[ sql ] [ SQL ] SELECT * FROM `cherry_company_picture` WHERE  `company_id` = 11 LIMIT 1 [ RunTime:0.000152s ]
[ sql ] [ EXPLAIN : array (
  'id' => 1,
  'select_type' => 'SIMPLE',
  'table' => 'cherry_company_picture',
  'type' => 'ref',
  'possible_keys' => 'company',
  'key' => 'company',
  'key_len' => '4',
  'ref' => 'const',
  'rows' => 2,
  'extra' => '',
) ]
[ sql ] [ SQL ] SELECT `name` FROM `cherry_type` WHERE  `id` = 1 LIMIT 1 [ RunTime:0.000173s ]
[ sql ] [ EXPLAIN : array (
  'id' => 1,
  'select_type' => 'SIMPLE',
  'table' => 'cherry_type',
  'type' => 'const',
  'possible_keys' => 'PRIMARY',
  'key' => 'PRIMARY',
  'key_len' => '4',
  'ref' => 'const',
  'rows' => 1,
  'extra' => '',
) ]
[ sql ] [ SQL ] SELECT `name` FROM `cherry_type` WHERE  `id` = 2 LIMIT 1 [ RunTime:0.000141s ]
[ sql ] [ EXPLAIN : array (
  'id' => 1,
  'select_type' => 'SIMPLE',
  'table' => 'cherry_type',
  'type' => 'const',
  'possible_keys' => 'PRIMARY',
  'key' => 'PRIMARY',
  'key_len' => '4',
  'ref' => 'const',
  'rows' => 1,
  'extra' => '',
) ]
[ sql ] [ SQL ] SELECT * FROM `cherry_company_picture` WHERE  `company_id` = 12 LIMIT 1 [ RunTime:0.000149s ]
[ sql ] [ EXPLAIN : array (
  'id' => 1,
  'select_type' => 'SIMPLE',
  'table' => 'cherry_company_picture',
  'type' => 'ref',
  'possible_keys' => 'company',
  'key' => 'company',
  'key_len' => '4',
  'ref' => 'const',
  'rows' => 1,
  'extra' => '',
) ]
[ sql ] [ SQL ] SELECT `name` FROM `cherry_type` WHERE  `id` = 1 LIMIT 1 [ RunTime:0.000143s ]
[ sql ] [ EXPLAIN : array (
  'id' => 1,
  'select_type' => 'SIMPLE',
  'table' => 'cherry_type',
  'type' => 'const',
  'possible_keys' => 'PRIMARY',
  'key' => 'PRIMARY',
  'key_len' => '4',
  'ref' => 'const',
  'rows' => 1,
  'extra' => '',
) ]
[ sql ] [ SQL ] SELECT `name` FROM `cherry_type` WHERE  `id` = 2 LIMIT 1 [ RunTime:0.000140s ]
[ sql ] [ EXPLAIN : array (
  'id' => 1,
  'select_type' => 'SIMPLE',
  'table' => 'cherry_type',
  'type' => 'const',
  'possible_keys' => 'PRIMARY',
  'key' => 'PRIMARY',
  'key_len' => '4',
  'ref' => 'const',
  'rows' => 1,
  'extra' => '',
) ]
---------------------------------------------------------------
[ 2019-06-30T19:13:55+08:00 ] 49.94.89.188 POST dgw.wh68.wanheweb.com/recommendWork
[运行时间：0.058509s] [吞吐率：17.09req/s] [内存消耗：3,497.33kb] [文件加载：133]
[ info ] [ CACHE ] INIT File
[ info ] [ BEHAVIOR ] Run cmf\behavior\InitHookBehavior @app_init [ RunTime:0.002393s ]
[ info ] [ LANG ] /home/dagongwang/simplewind/thinkphp/lang/zh-cn.php
[ info ] [ ROUTE ] array (
  'type' => 'module',
  'module' => 
  array (
    0 => 'api',
    1 => 'Work',
    2 => 'recommendWork',
  ),
  'convert' => false,
)
[ info ] [ HEADER ] array (
  'accept-language' => 'zh-cn',
  'content-length' => '21',
  'referer' => 'http://wxdgw.wh68.wanheweb.com/html/index.html',
  'user-agent' => 'Mozilla/5.0 (iPhone; CPU iPhone OS 12_2 like Mac OS X) AppleWebKit/605.1.15 (KHTML, like Gecko) Mobile/15E148 MicroMessenger/7.0.4(0x17000428) NetType/4G Language/zh_CN',
  'accept' => 'application/json, text/javascript, */*; q=0.01',
  'connection' => 'keep-alive',
  'accept-encoding' => 'gzip, deflate',
  'openid' => 'ougGT5zYunHIBfpngnCsSYfIT1II',
  'origin' => 'http://wxdgw.wh68.wanheweb.com',
  'content-type' => 'application/x-www-form-urlencoded; charset=UTF-8',
  'host' => 'dgw.wh68.wanheweb.com',
)
[ info ] [ PARAM ] array (
  'city' => '861',
  'top' => '1',
  'type' => '9',
)
[ info ] [ LANG ] /home/dagongwang/simplewind/cmf/behavior/../lang/zh-cn.php
[ info ] [ LANG ] /home/dagongwang/public/../app/admin/lang/zh-cn/common.php
[ info ] [ LANG ] /home/dagongwang/public/../app/portal/lang/zh-cn/common.php
[ info ] [ BEHAVIOR ] Run cmf\behavior\LangBehavior @app_begin [ RunTime:0.001225s ]
[ info ] [ BEHAVIOR ] Run cmf\behavior\InitAppHookBehavior @module_init [ RunTime:0.000307s ]
[ info ] [ DB ] INIT mysql
[ info ] [ RUN ] app\api\controller\WorkController->recommendWork[ /home/dagongwang/app/api/controller/WorkController.php ]
[ info ] [ LOG ] INIT File
[ sql ] [ DB ] CONNECT:[ UseTime:0.000510s ] mysql:host=127.0.0.1;port=3306;dbname=dgw_wh68_wanhewe;charset=utf8mb4
[ sql ] [ SQL ] SHOW COLUMNS FROM `cherry_work` [ RunTime:0.001791s ]
[ sql ] [ SQL ] SELECT `c`.`short_name`,`w`.`supply`,`w`.`base_info`,`w`.`company_id`,`w`.`id`,`w`.`tag` FROM `cherry_work` `w` LEFT JOIN `cherry_company` `c` ON `c`.`id`=`w`.`company_id` WHERE  `is_recommend` = 1  AND `w`.`status` = 1  AND `c`.`city` = '861'  AND `w`.`top` = 1  AND `w`.`type` = '9' LIMIT 1 [ RunTime:0.000369s ]
[ sql ] [ EXPLAIN : array (
  'id' => 1,
  'select_type' => 'SIMPLE',
  'table' => 'c',
  'type' => 'ALL',
  'possible_keys' => 'PRIMARY,city',
  'key' => NULL,
  'key_len' => NULL,
  'ref' => NULL,
  'rows' => 8,
  'extra' => 'Using where',
) ]
[ sql ] [ SQL ] SHOW COLUMNS FROM `cherry_company_picture` [ RunTime:0.001094s ]
[ sql ] [ SQL ] SELECT * FROM `cherry_company_picture` WHERE  `company_id` = 9 LIMIT 1 [ RunTime:0.000264s ]
[ sql ] [ EXPLAIN : array (
  'id' => 1,
  'select_type' => 'SIMPLE',
  'table' => 'cherry_company_picture',
  'type' => 'ref',
  'possible_keys' => 'company',
  'key' => 'company',
  'key_len' => '4',
  'ref' => 'const',
  'rows' => 1,
  'extra' => '',
) ]
[ sql ] [ SQL ] SHOW COLUMNS FROM `cherry_type` [ RunTime:0.001286s ]
[ sql ] [ SQL ] SELECT `name` FROM `cherry_type` WHERE  `id` = 2 LIMIT 1 [ RunTime:0.000281s ]
[ sql ] [ EXPLAIN : array (
  'id' => 1,
  'select_type' => 'SIMPLE',
  'table' => 'cherry_type',
  'type' => 'const',
  'possible_keys' => 'PRIMARY',
  'key' => 'PRIMARY',
  'key_len' => '4',
  'ref' => 'const',
  'rows' => 1,
  'extra' => '',
) ]
[ sql ] [ SQL ] SELECT `name` FROM `cherry_type` WHERE  `id` = 3 LIMIT 1 [ RunTime:0.000172s ]
[ sql ] [ EXPLAIN : array (
  'id' => 1,
  'select_type' => 'SIMPLE',
  'table' => 'cherry_type',
  'type' => 'const',
  'possible_keys' => 'PRIMARY',
  'key' => 'PRIMARY',
  'key_len' => '4',
  'ref' => 'const',
  'rows' => 1,
  'extra' => '',
) ]
---------------------------------------------------------------
[ 2019-06-30T19:13:55+08:00 ] 49.94.89.188 POST dgw.wh68.wanheweb.com/workList
[运行时间：0.067314s] [吞吐率：14.86req/s] [内存消耗：3,540.16kb] [文件加载：135]
[ info ] [ CACHE ] INIT File
[ info ] [ BEHAVIOR ] Run cmf\behavior\InitHookBehavior @app_init [ RunTime:0.002396s ]
[ info ] [ LANG ] /home/dagongwang/simplewind/thinkphp/lang/zh-cn.php
[ info ] [ ROUTE ] array (
  'type' => 'module',
  'module' => 
  array (
    0 => 'api',
    1 => 'Work',
    2 => 'getWork',
  ),
  'convert' => false,
)
[ info ] [ HEADER ] array (
  'accept-language' => 'zh-cn',
  'content-length' => '36',
  'referer' => 'http://wxdgw.wh68.wanheweb.com/html/index.html',
  'user-agent' => 'Mozilla/5.0 (iPhone; CPU iPhone OS 12_2 like Mac OS X) AppleWebKit/605.1.15 (KHTML, like Gecko) Mobile/15E148 MicroMessenger/7.0.4(0x17000428) NetType/4G Language/zh_CN',
  'accept' => 'application/json, text/javascript, */*; q=0.01',
  'connection' => 'keep-alive',
  'accept-encoding' => 'gzip, deflate',
  'openid' => 'ougGT5zYunHIBfpngnCsSYfIT1II',
  'origin' => 'http://wxdgw.wh68.wanheweb.com',
  'content-type' => 'application/x-www-form-urlencoded; charset=UTF-8',
  'host' => 'dgw.wh68.wanheweb.com',
)
[ info ] [ PARAM ] array (
  'city' => '861',
  'top' => '1',
  'type' => '9',
  'page' => '1',
  'limit' => '6',
)
[ info ] [ LANG ] /home/dagongwang/simplewind/cmf/behavior/../lang/zh-cn.php
[ info ] [ LANG ] /home/dagongwang/public/../app/admin/lang/zh-cn/common.php
[ info ] [ LANG ] /home/dagongwang/public/../app/portal/lang/zh-cn/common.php
[ info ] [ BEHAVIOR ] Run cmf\behavior\LangBehavior @app_begin [ RunTime:0.001229s ]
[ info ] [ BEHAVIOR ] Run cmf\behavior\InitAppHookBehavior @module_init [ RunTime:0.000309s ]
[ info ] [ DB ] INIT mysql
[ info ] [ RUN ] app\api\controller\WorkController->getWork[ /home/dagongwang/app/api/controller/WorkController.php ]
[ info ] [ LOG ] INIT File
[ sql ] [ DB ] CONNECT:[ UseTime:0.000349s ] mysql:host=127.0.0.1;port=3306;dbname=dgw_wh68_wanhewe;charset=utf8mb4
[ sql ] [ SQL ] SHOW COLUMNS FROM `cherry_work` [ RunTime:0.001379s ]
[ sql ] [ SQL ] SELECT COUNT(*) AS tp_count FROM `cherry_work` `w` LEFT JOIN `cherry_company` `c` ON `c`.`id`=`w`.`company_id` WHERE  `w`.`status` = 1  AND `c`.`city` = '861'  AND `w`.`top` = 1  AND `w`.`type` = '9' LIMIT 1 [ RunTime:0.000293s ]
[ sql ] [ EXPLAIN : array (
  'id' => 1,
  'select_type' => 'SIMPLE',
  'table' => 'c',
  'type' => 'ref',
  'possible_keys' => 'PRIMARY,city',
  'key' => 'city',
  'key_len' => '2',
  'ref' => 'const',
  'rows' => 10,
  'extra' => 'Using where; Using index',
) ]
[ sql ] [ SQL ] SELECT `c`.`short_name`,`w`.`supply`,`w`.`base_info`,`w`.`company_id`,`w`.`id`,`w`.`tag` FROM `cherry_work` `w` LEFT JOIN `cherry_company` `c` ON `c`.`id`=`w`.`company_id` WHERE  `w`.`status` = 1  AND `c`.`city` = '861'  AND `w`.`top` = 1  AND `w`.`type` = '9' LIMIT 0,6 [ RunTime:0.000343s ]
[ sql ] [ EXPLAIN : array (
  'id' => 1,
  'select_type' => 'SIMPLE',
  'table' => 'c',
  'type' => 'ALL',
  'possible_keys' => 'PRIMARY,city',
  'key' => NULL,
  'key_len' => NULL,
  'ref' => NULL,
  'rows' => 8,
  'extra' => 'Using where',
) ]
[ sql ] [ SQL ] SHOW COLUMNS FROM `cherry_company_picture` [ RunTime:0.001164s ]
[ sql ] [ SQL ] SELECT * FROM `cherry_company_picture` WHERE  `company_id` = 5 LIMIT 1 [ RunTime:0.000193s ]
[ sql ] [ EXPLAIN : array (
  'id' => 1,
  'select_type' => 'SIMPLE',
  'table' => 'cherry_company_picture',
  'type' => 'ref',
  'possible_keys' => 'company',
  'key' => 'company',
  'key_len' => '4',
  'ref' => 'const',
  'rows' => 6,
  'extra' => '',
) ]
[ sql ] [ SQL ] SHOW COLUMNS FROM `cherry_type` [ RunTime:0.000803s ]
[ sql ] [ SQL ] SELECT `name` FROM `cherry_type` WHERE  `id` = 1 LIMIT 1 [ RunTime:0.000173s ]
[ sql ] [ EXPLAIN : array (
  'id' => 1,
  'select_type' => 'SIMPLE',
  'table' => 'cherry_type',
  'type' => 'const',
  'possible_keys' => 'PRIMARY',
  'key' => 'PRIMARY',
  'key_len' => '4',
  'ref' => 'const',
  'rows' => 1,
  'extra' => '',
) ]
[ sql ] [ SQL ] SELECT `name` FROM `cherry_type` WHERE  `id` = 2 LIMIT 1 [ RunTime:0.000171s ]
[ sql ] [ EXPLAIN : array (
  'id' => 1,
  'select_type' => 'SIMPLE',
  'table' => 'cherry_type',
  'type' => 'const',
  'possible_keys' => 'PRIMARY',
  'key' => 'PRIMARY',
  'key_len' => '4',
  'ref' => 'const',
  'rows' => 1,
  'extra' => '',
) ]
[ sql ] [ SQL ] SELECT * FROM `cherry_company_picture` WHERE  `company_id` = 5 LIMIT 1 [ RunTime:0.000171s ]
[ sql ] [ EXPLAIN : array (
  'id' => 1,
  'select_type' => 'SIMPLE',
  'table' => 'cherry_company_picture',
  'type' => 'ref',
  'possible_keys' => 'company',
  'key' => 'company',
  'key_len' => '4',
  'ref' => 'const',
  'rows' => 6,
  'extra' => '',
) ]
[ sql ] [ SQL ] SELECT `name` FROM `cherry_type` WHERE  `id` = 1 LIMIT 1 [ RunTime:0.000167s ]
[ sql ] [ EXPLAIN : array (
  'id' => 1,
  'select_type' => 'SIMPLE',
  'table' => 'cherry_type',
  'type' => 'const',
  'possible_keys' => 'PRIMARY',
  'key' => 'PRIMARY',
  'key_len' => '4',
  'ref' => 'const',
  'rows' => 1,
  'extra' => '',
) ]
[ sql ] [ SQL ] SELECT `name` FROM `cherry_type` WHERE  `id` = 2 LIMIT 1 [ RunTime:0.000155s ]
[ sql ] [ EXPLAIN : array (
  'id' => 1,
  'select_type' => 'SIMPLE',
  'table' => 'cherry_type',
  'type' => 'const',
  'possible_keys' => 'PRIMARY',
  'key' => 'PRIMARY',
  'key_len' => '4',
  'ref' => 'const',
  'rows' => 1,
  'extra' => '',
) ]
[ sql ] [ SQL ] SELECT * FROM `cherry_company_picture` WHERE  `company_id` = 7 LIMIT 1 [ RunTime:0.000173s ]
[ sql ] [ EXPLAIN : array (
  'id' => 1,
  'select_type' => 'SIMPLE',
  'table' => 'cherry_company_picture',
  'type' => 'ref',
  'possible_keys' => 'company',
  'key' => 'company',
  'key_len' => '4',
  'ref' => 'const',
  'rows' => 3,
  'extra' => '',
) ]
[ sql ] [ SQL ] SELECT `name` FROM `cherry_type` WHERE  `id` = 1 LIMIT 1 [ RunTime:0.000157s ]
[ sql ] [ EXPLAIN : array (
  'id' => 1,
  'select_type' => 'SIMPLE',
  'table' => 'cherry_type',
  'type' => 'const',
  'possible_keys' => 'PRIMARY',
  'key' => 'PRIMARY',
  'key_len' => '4',
  'ref' => 'const',
  'rows' => 1,
  'extra' => '',
) ]
[ sql ] [ SQL ] SELECT `name` FROM `cherry_type` WHERE  `id` = 2 LIMIT 1 [ RunTime:0.000153s ]
[ sql ] [ EXPLAIN : array (
  'id' => 1,
  'select_type' => 'SIMPLE',
  'table' => 'cherry_type',
  'type' => 'const',
  'possible_keys' => 'PRIMARY',
  'key' => 'PRIMARY',
  'key_len' => '4',
  'ref' => 'const',
  'rows' => 1,
  'extra' => '',
) ]
[ sql ] [ SQL ] SELECT `name` FROM `cherry_type` WHERE  `id` = 3 LIMIT 1 [ RunTime:0.000153s ]
[ sql ] [ EXPLAIN : array (
  'id' => 1,
  'select_type' => 'SIMPLE',
  'table' => 'cherry_type',
  'type' => 'const',
  'possible_keys' => 'PRIMARY',
  'key' => 'PRIMARY',
  'key_len' => '4',
  'ref' => 'const',
  'rows' => 1,
  'extra' => '',
) ]
[ sql ] [ SQL ] SELECT * FROM `cherry_company_picture` WHERE  `company_id` = 9 LIMIT 1 [ RunTime:0.000162s ]
[ sql ] [ EXPLAIN : array (
  'id' => 1,
  'select_type' => 'SIMPLE',
  'table' => 'cherry_company_picture',
  'type' => 'ref',
  'possible_keys' => 'company',
  'key' => 'company',
  'key_len' => '4',
  'ref' => 'const',
  'rows' => 1,
  'extra' => '',
) ]
[ sql ] [ SQL ] SELECT `name` FROM `cherry_type` WHERE  `id` = 2 LIMIT 1 [ RunTime:0.000157s ]
[ sql ] [ EXPLAIN : array (
  'id' => 1,
  'select_type' => 'SIMPLE',
  'table' => 'cherry_type',
  'type' => 'const',
  'possible_keys' => 'PRIMARY',
  'key' => 'PRIMARY',
  'key_len' => '4',
  'ref' => 'const',
  'rows' => 1,
  'extra' => '',
) ]
[ sql ] [ SQL ] SELECT `name` FROM `cherry_type` WHERE  `id` = 3 LIMIT 1 [ RunTime:0.000152s ]
[ sql ] [ EXPLAIN : array (
  'id' => 1,
  'select_type' => 'SIMPLE',
  'table' => 'cherry_type',
  'type' => 'const',
  'possible_keys' => 'PRIMARY',
  'key' => 'PRIMARY',
  'key_len' => '4',
  'ref' => 'const',
  'rows' => 1,
  'extra' => '',
) ]
[ sql ] [ SQL ] SELECT * FROM `cherry_company_picture` WHERE  `company_id` = 10 LIMIT 1 [ RunTime:0.000158s ]
[ sql ] [ EXPLAIN : array (
  'id' => 1,
  'select_type' => 'SIMPLE',
  'table' => 'cherry_company_picture',
  'type' => 'ref',
  'possible_keys' => 'company',
  'key' => 'company',
  'key_len' => '4',
  'ref' => 'const',
  'rows' => 3,
  'extra' => '',
) ]
[ sql ] [ SQL ] SELECT `name` FROM `cherry_type` WHERE  `id` = 1 LIMIT 1 [ RunTime:0.000148s ]
[ sql ] [ EXPLAIN : array (
  'id' => 1,
  'select_type' => 'SIMPLE',
  'table' => 'cherry_type',
  'type' => 'const',
  'possible_keys' => 'PRIMARY',
  'key' => 'PRIMARY',
  'key_len' => '4',
  'ref' => 'const',
  'rows' => 1,
  'extra' => '',
) ]
[ sql ] [ SQL ] SELECT `name` FROM `cherry_type` WHERE  `id` = 2 LIMIT 1 [ RunTime:0.000158s ]
[ sql ] [ EXPLAIN : array (
  'id' => 1,
  'select_type' => 'SIMPLE',
  'table' => 'cherry_type',
  'type' => 'const',
  'possible_keys' => 'PRIMARY',
  'key' => 'PRIMARY',
  'key_len' => '4',
  'ref' => 'const',
  'rows' => 1,
  'extra' => '',
) ]
[ sql ] [ SQL ] SELECT * FROM `cherry_company_picture` WHERE  `company_id` = 11 LIMIT 1 [ RunTime:0.000156s ]
[ sql ] [ EXPLAIN : array (
  'id' => 1,
  'select_type' => 'SIMPLE',
  'table' => 'cherry_company_picture',
  'type' => 'ref',
  'possible_keys' => 'company',
  'key' => 'company',
  'key_len' => '4',
  'ref' => 'const',
  'rows' => 2,
  'extra' => '',
) ]
[ sql ] [ SQL ] SELECT `name` FROM `cherry_type` WHERE  `id` = 1 LIMIT 1 [ RunTime:0.000157s ]
[ sql ] [ EXPLAIN : array (
  'id' => 1,
  'select_type' => 'SIMPLE',
  'table' => 'cherry_type',
  'type' => 'const',
  'possible_keys' => 'PRIMARY',
  'key' => 'PRIMARY',
  'key_len' => '4',
  'ref' => 'const',
  'rows' => 1,
  'extra' => '',
) ]
[ sql ] [ SQL ] SELECT `name` FROM `cherry_type` WHERE  `id` = 2 LIMIT 1 [ RunTime:0.000146s ]
[ sql ] [ EXPLAIN : array (
  'id' => 1,
  'select_type' => 'SIMPLE',
  'table' => 'cherry_type',
  'type' => 'const',
  'possible_keys' => 'PRIMARY',
  'key' => 'PRIMARY',
  'key_len' => '4',
  'ref' => 'const',
  'rows' => 1,
  'extra' => '',
) ]
---------------------------------------------------------------
[ 2019-06-30T19:13:56+08:00 ] 49.94.89.188 OPTIONS dgw.wh68.wanheweb.com/workList
[运行时间：0.034118s] [吞吐率：29.31req/s] [内存消耗：2,217.28kb] [文件加载：113]
[ info ] [ CACHE ] INIT File
[ info ] [ BEHAVIOR ] Run cmf\behavior\InitHookBehavior @app_init [ RunTime:0.002251s ]
[ info ] [ LANG ] /home/dagongwang/simplewind/thinkphp/lang/zh-cn.php
[ info ] [ ROUTE ] array (
  'type' => 'module',
  'module' => 
  array (
    0 => 'api',
    1 => 'Work',
    2 => 'getWork',
  ),
  'convert' => false,
)
[ info ] [ HEADER ] array (
  'accept-encoding' => 'gzip, deflate',
  'accept-language' => 'zh-cn',
  'referer' => 'http://wxdgw.wh68.wanheweb.com/html/index.html',
  'user-agent' => 'Mozilla/5.0 (iPhone; CPU iPhone OS 12_2 like Mac OS X) AppleWebKit/605.1.15 (KHTML, like Gecko) Mobile/15E148 MicroMessenger/7.0.4(0x17000428) NetType/4G Language/zh_CN',
  'accept' => '*/*',
  'connection' => 'keep-alive',
  'access-control-request-headers' => 'openid',
  'content-length' => '0',
  'access-control-request-method' => 'POST',
  'origin' => 'http://wxdgw.wh68.wanheweb.com',
  'host' => 'dgw.wh68.wanheweb.com',
  'content-type' => '',
)
[ info ] [ PARAM ] array (
)
[ info ] [ LANG ] /home/dagongwang/simplewind/cmf/behavior/../lang/zh-cn.php
[ info ] [ LANG ] /home/dagongwang/public/../app/admin/lang/zh-cn/common.php
[ info ] [ LANG ] /home/dagongwang/public/../app/portal/lang/zh-cn/common.php
[ info ] [ BEHAVIOR ] Run cmf\behavior\LangBehavior @app_begin [ RunTime:0.001122s ]
[ info ] [ BEHAVIOR ] Run cmf\behavior\InitAppHookBehavior @module_init [ RunTime:0.000304s ]
[ info ] [ LOG ] INIT File
---------------------------------------------------------------
[ 2019-06-30T19:13:56+08:00 ] 49.94.89.188 OPTIONS dgw.wh68.wanheweb.com/recommendWork
[运行时间：0.034348s] [吞吐率：29.11req/s] [内存消耗：2,217.31kb] [文件加载：113]
[ info ] [ CACHE ] INIT File
[ info ] [ BEHAVIOR ] Run cmf\behavior\InitHookBehavior @app_init [ RunTime:0.002257s ]
[ info ] [ LANG ] /home/dagongwang/simplewind/thinkphp/lang/zh-cn.php
[ info ] [ ROUTE ] array (
  'type' => 'module',
  'module' => 
  array (
    0 => 'api',
    1 => 'Work',
    2 => 'recommendWork',
  ),
  'convert' => false,
)
[ info ] [ HEADER ] array (
  'accept-encoding' => 'gzip, deflate',
  'accept-language' => 'zh-cn',
  'referer' => 'http://wxdgw.wh68.wanheweb.com/html/index.html',
  'user-agent' => 'Mozilla/5.0 (iPhone; CPU iPhone OS 12_2 like Mac OS X) AppleWebKit/605.1.15 (KHTML, like Gecko) Mobile/15E148 MicroMessenger/7.0.4(0x17000428) NetType/4G Language/zh_CN',
  'accept' => '*/*',
  'connection' => 'keep-alive',
  'access-control-request-headers' => 'openid',
  'content-length' => '0',
  'access-control-request-method' => 'POST',
  'origin' => 'http://wxdgw.wh68.wanheweb.com',
  'host' => 'dgw.wh68.wanheweb.com',
  'content-type' => '',
)
[ info ] [ PARAM ] array (
)
[ info ] [ LANG ] /home/dagongwang/simplewind/cmf/behavior/../lang/zh-cn.php
[ info ] [ LANG ] /home/dagongwang/public/../app/admin/lang/zh-cn/common.php
[ info ] [ LANG ] /home/dagongwang/public/../app/portal/lang/zh-cn/common.php
[ info ] [ BEHAVIOR ] Run cmf\behavior\LangBehavior @app_begin [ RunTime:0.001194s ]
[ info ] [ BEHAVIOR ] Run cmf\behavior\InitAppHookBehavior @module_init [ RunTime:0.000283s ]
[ info ] [ LOG ] INIT File
---------------------------------------------------------------
[ 2019-06-30T19:13:56+08:00 ] 49.94.89.188 POST dgw.wh68.wanheweb.com/recommendWork
[运行时间：0.052027s] [吞吐率：19.22req/s] [内存消耗：3,491.13kb] [文件加载：133]
[ info ] [ CACHE ] INIT File
[ info ] [ BEHAVIOR ] Run cmf\behavior\InitHookBehavior @app_init [ RunTime:0.002296s ]
[ info ] [ LANG ] /home/dagongwang/simplewind/thinkphp/lang/zh-cn.php
[ info ] [ ROUTE ] array (
  'type' => 'module',
  'module' => 
  array (
    0 => 'api',
    1 => 'Work',
    2 => 'recommendWork',
  ),
  'convert' => false,
)
[ info ] [ HEADER ] array (
  'accept-language' => 'zh-cn',
  'content-length' => '22',
  'referer' => 'http://wxdgw.wh68.wanheweb.com/html/index.html',
  'user-agent' => 'Mozilla/5.0 (iPhone; CPU iPhone OS 12_2 like Mac OS X) AppleWebKit/605.1.15 (KHTML, like Gecko) Mobile/15E148 MicroMessenger/7.0.4(0x17000428) NetType/4G Language/zh_CN',
  'accept' => 'application/json, text/javascript, */*; q=0.01',
  'connection' => 'keep-alive',
  'accept-encoding' => 'gzip, deflate',
  'openid' => 'ougGT5zYunHIBfpngnCsSYfIT1II',
  'origin' => 'http://wxdgw.wh68.wanheweb.com',
  'content-type' => 'application/x-www-form-urlencoded; charset=UTF-8',
  'host' => 'dgw.wh68.wanheweb.com',
)
[ info ] [ PARAM ] array (
  'city' => '861',
  'top' => '1',
  'type' => '10',
)
[ info ] [ LANG ] /home/dagongwang/simplewind/cmf/behavior/../lang/zh-cn.php
[ info ] [ LANG ] /home/dagongwang/public/../app/admin/lang/zh-cn/common.php
[ info ] [ LANG ] /home/dagongwang/public/../app/portal/lang/zh-cn/common.php
[ info ] [ BEHAVIOR ] Run cmf\behavior\LangBehavior @app_begin [ RunTime:0.001132s ]
[ info ] [ BEHAVIOR ] Run cmf\behavior\InitAppHookBehavior @module_init [ RunTime:0.000286s ]
[ info ] [ DB ] INIT mysql
[ info ] [ RUN ] app\api\controller\WorkController->recommendWork[ /home/dagongwang/app/api/controller/WorkController.php ]
[ info ] [ LOG ] INIT File
[ sql ] [ DB ] CONNECT:[ UseTime:0.000504s ] mysql:host=127.0.0.1;port=3306;dbname=dgw_wh68_wanhewe;charset=utf8mb4
[ sql ] [ SQL ] SHOW COLUMNS FROM `cherry_work` [ RunTime:0.001441s ]
[ sql ] [ SQL ] SELECT `c`.`short_name`,`w`.`supply`,`w`.`base_info`,`w`.`company_id`,`w`.`id`,`w`.`tag` FROM `cherry_work` `w` LEFT JOIN `cherry_company` `c` ON `c`.`id`=`w`.`company_id` WHERE  `is_recommend` = 1  AND `w`.`status` = 1  AND `c`.`city` = '861'  AND `w`.`top` = 1  AND `w`.`type` = '10' LIMIT 1 [ RunTime:0.000294s ]
[ sql ] [ EXPLAIN : array (
  'id' => 1,
  'select_type' => 'SIMPLE',
  'table' => 'c',
  'type' => 'ALL',
  'possible_keys' => 'PRIMARY,city',
  'key' => NULL,
  'key_len' => NULL,
  'ref' => NULL,
  'rows' => 8,
  'extra' => 'Using where',
) ]
---------------------------------------------------------------
[ 2019-06-30T19:13:56+08:00 ] 49.94.89.188 POST dgw.wh68.wanheweb.com/workList
[运行时间：0.065214s] [吞吐率：15.33req/s] [内存消耗：3,547.01kb] [文件加载：135]
[ info ] [ CACHE ] INIT File
[ info ] [ BEHAVIOR ] Run cmf\behavior\InitHookBehavior @app_init [ RunTime:0.002289s ]
[ info ] [ LANG ] /home/dagongwang/simplewind/thinkphp/lang/zh-cn.php
[ info ] [ ROUTE ] array (
  'type' => 'module',
  'module' => 
  array (
    0 => 'api',
    1 => 'Work',
    2 => 'getWork',
  ),
  'convert' => false,
)
[ info ] [ HEADER ] array (
  'accept-language' => 'zh-cn',
  'content-length' => '37',
  'referer' => 'http://wxdgw.wh68.wanheweb.com/html/index.html',
  'user-agent' => 'Mozilla/5.0 (iPhone; CPU iPhone OS 12_2 like Mac OS X) AppleWebKit/605.1.15 (KHTML, like Gecko) Mobile/15E148 MicroMessenger/7.0.4(0x17000428) NetType/4G Language/zh_CN',
  'accept' => 'application/json, text/javascript, */*; q=0.01',
  'connection' => 'keep-alive',
  'accept-encoding' => 'gzip, deflate',
  'openid' => 'ougGT5zYunHIBfpngnCsSYfIT1II',
  'origin' => 'http://wxdgw.wh68.wanheweb.com',
  'content-type' => 'application/x-www-form-urlencoded; charset=UTF-8',
  'host' => 'dgw.wh68.wanheweb.com',
)
[ info ] [ PARAM ] array (
  'city' => '861',
  'top' => '1',
  'type' => '10',
  'page' => '1',
  'limit' => '6',
)
[ info ] [ LANG ] /home/dagongwang/simplewind/cmf/behavior/../lang/zh-cn.php
[ info ] [ LANG ] /home/dagongwang/public/../app/admin/lang/zh-cn/common.php
[ info ] [ LANG ] /home/dagongwang/public/../app/portal/lang/zh-cn/common.php
[ info ] [ BEHAVIOR ] Run cmf\behavior\LangBehavior @app_begin [ RunTime:0.001137s ]
[ info ] [ BEHAVIOR ] Run cmf\behavior\InitAppHookBehavior @module_init [ RunTime:0.000290s ]
[ info ] [ DB ] INIT mysql
[ info ] [ RUN ] app\api\controller\WorkController->getWork[ /home/dagongwang/app/api/controller/WorkController.php ]
[ info ] [ LOG ] INIT File
[ sql ] [ DB ] CONNECT:[ UseTime:0.000420s ] mysql:host=127.0.0.1;port=3306;dbname=dgw_wh68_wanhewe;charset=utf8mb4
[ sql ] [ SQL ] SHOW COLUMNS FROM `cherry_work` [ RunTime:0.001243s ]
[ sql ] [ SQL ] SELECT COUNT(*) AS tp_count FROM `cherry_work` `w` LEFT JOIN `cherry_company` `c` ON `c`.`id`=`w`.`company_id` WHERE  `w`.`status` = 1  AND `c`.`city` = '861'  AND `w`.`top` = 1  AND `w`.`type` = '10' LIMIT 1 [ RunTime:0.000226s ]
[ sql ] [ EXPLAIN : array (
  'id' => 1,
  'select_type' => 'SIMPLE',
  'table' => 'c',
  'type' => 'ref',
  'possible_keys' => 'PRIMARY,city',
  'key' => 'city',
  'key_len' => '2',
  'ref' => 'const',
  'rows' => 10,
  'extra' => 'Using where; Using index',
) ]
[ sql ] [ SQL ] SELECT `c`.`short_name`,`w`.`supply`,`w`.`base_info`,`w`.`company_id`,`w`.`id`,`w`.`tag` FROM `cherry_work` `w` LEFT JOIN `cherry_company` `c` ON `c`.`id`=`w`.`company_id` WHERE  `w`.`status` = 1  AND `c`.`city` = '861'  AND `w`.`top` = 1  AND `w`.`type` = '10' LIMIT 0,6 [ RunTime:0.000246s ]
[ sql ] [ EXPLAIN : array (
  'id' => 1,
  'select_type' => 'SIMPLE',
  'table' => 'c',
  'type' => 'ALL',
  'possible_keys' => 'PRIMARY,city',
  'key' => NULL,
  'key_len' => NULL,
  'ref' => NULL,
  'rows' => 8,
  'extra' => 'Using where',
) ]
[ sql ] [ SQL ] SHOW COLUMNS FROM `cherry_company_picture` [ RunTime:0.000762s ]
[ sql ] [ SQL ] SELECT * FROM `cherry_company_picture` WHERE  `company_id` = 9 LIMIT 1 [ RunTime:0.000177s ]
[ sql ] [ EXPLAIN : array (
  'id' => 1,
  'select_type' => 'SIMPLE',
  'table' => 'cherry_company_picture',
  'type' => 'ref',
  'possible_keys' => 'company',
  'key' => 'company',
  'key_len' => '4',
  'ref' => 'const',
  'rows' => 1,
  'extra' => '',
) ]
[ sql ] [ SQL ] SHOW COLUMNS FROM `cherry_type` [ RunTime:0.000727s ]
[ sql ] [ SQL ] SELECT `name` FROM `cherry_type` WHERE  `id` = 2 LIMIT 1 [ RunTime:0.000166s ]
[ sql ] [ EXPLAIN : array (
  'id' => 1,
  'select_type' => 'SIMPLE',
  'table' => 'cherry_type',
  'type' => 'const',
  'possible_keys' => 'PRIMARY',
  'key' => 'PRIMARY',
  'key_len' => '4',
  'ref' => 'const',
  'rows' => 1,
  'extra' => '',
) ]
[ sql ] [ SQL ] SELECT `name` FROM `cherry_type` WHERE  `id` = 3 LIMIT 1 [ RunTime:0.000161s ]
[ sql ] [ EXPLAIN : array (
  'id' => 1,
  'select_type' => 'SIMPLE',
  'table' => 'cherry_type',
  'type' => 'const',
  'possible_keys' => 'PRIMARY',
  'key' => 'PRIMARY',
  'key_len' => '4',
  'ref' => 'const',
  'rows' => 1,
  'extra' => '',
) ]
[ sql ] [ SQL ] SELECT * FROM `cherry_company_picture` WHERE  `company_id` = 10 LIMIT 1 [ RunTime:0.000166s ]
[ sql ] [ EXPLAIN : array (
  'id' => 1,
  'select_type' => 'SIMPLE',
  'table' => 'cherry_company_picture',
  'type' => 'ref',
  'possible_keys' => 'company',
  'key' => 'company',
  'key_len' => '4',
  'ref' => 'const',
  'rows' => 3,
  'extra' => '',
) ]
[ sql ] [ SQL ] SELECT `name` FROM `cherry_type` WHERE  `id` = 1 LIMIT 1 [ RunTime:0.000159s ]
[ sql ] [ EXPLAIN : array (
  'id' => 1,
  'select_type' => 'SIMPLE',
  'table' => 'cherry_type',
  'type' => 'const',
  'possible_keys' => 'PRIMARY',
  'key' => 'PRIMARY',
  'key_len' => '4',
  'ref' => 'const',
  'rows' => 1,
  'extra' => '',
) ]
[ sql ] [ SQL ] SELECT `name` FROM `cherry_type` WHERE  `id` = 2 LIMIT 1 [ RunTime:0.000157s ]
[ sql ] [ EXPLAIN : array (
  'id' => 1,
  'select_type' => 'SIMPLE',
  'table' => 'cherry_type',
  'type' => 'const',
  'possible_keys' => 'PRIMARY',
  'key' => 'PRIMARY',
  'key_len' => '4',
  'ref' => 'const',
  'rows' => 1,
  'extra' => '',
) ]
[ sql ] [ SQL ] SELECT * FROM `cherry_company_picture` WHERE  `company_id` = 11 LIMIT 1 [ RunTime:0.000165s ]
[ sql ] [ EXPLAIN : array (
  'id' => 1,
  'select_type' => 'SIMPLE',
  'table' => 'cherry_company_picture',
  'type' => 'ref',
  'possible_keys' => 'company',
  'key' => 'company',
  'key_len' => '4',
  'ref' => 'const',
  'rows' => 2,
  'extra' => '',
) ]
[ sql ] [ SQL ] SELECT `name` FROM `cherry_type` WHERE  `id` = 1 LIMIT 1 [ RunTime:0.000156s ]
[ sql ] [ EXPLAIN : array (
  'id' => 1,
  'select_type' => 'SIMPLE',
  'table' => 'cherry_type',
  'type' => 'const',
  'possible_keys' => 'PRIMARY',
  'key' => 'PRIMARY',
  'key_len' => '4',
  'ref' => 'const',
  'rows' => 1,
  'extra' => '',
) ]
[ sql ] [ SQL ] SELECT `name` FROM `cherry_type` WHERE  `id` = 2 LIMIT 1 [ RunTime:0.000156s ]
[ sql ] [ EXPLAIN : array (
  'id' => 1,
  'select_type' => 'SIMPLE',
  'table' => 'cherry_type',
  'type' => 'const',
  'possible_keys' => 'PRIMARY',
  'key' => 'PRIMARY',
  'key_len' => '4',
  'ref' => 'const',
  'rows' => 1,
  'extra' => '',
) ]
[ sql ] [ SQL ] SELECT * FROM `cherry_company_picture` WHERE  `company_id` = 12 LIMIT 1 [ RunTime:0.000162s ]
[ sql ] [ EXPLAIN : array (
  'id' => 1,
  'select_type' => 'SIMPLE',
  'table' => 'cherry_company_picture',
  'type' => 'ref',
  'possible_keys' => 'company',
  'key' => 'company',
  'key_len' => '4',
  'ref' => 'const',
  'rows' => 1,
  'extra' => '',
) ]
[ sql ] [ SQL ] SELECT `name` FROM `cherry_type` WHERE  `id` = 1 LIMIT 1 [ RunTime:0.000155s ]
[ sql ] [ EXPLAIN : array (
  'id' => 1,
  'select_type' => 'SIMPLE',
  'table' => 'cherry_type',
  'type' => 'const',
  'possible_keys' => 'PRIMARY',
  'key' => 'PRIMARY',
  'key_len' => '4',
  'ref' => 'const',
  'rows' => 1,
  'extra' => '',
) ]
[ sql ] [ SQL ] SELECT `name` FROM `cherry_type` WHERE  `id` = 2 LIMIT 1 [ RunTime:0.000154s ]
[ sql ] [ EXPLAIN : array (
  'id' => 1,
  'select_type' => 'SIMPLE',
  'table' => 'cherry_type',
  'type' => 'const',
  'possible_keys' => 'PRIMARY',
  'key' => 'PRIMARY',
  'key_len' => '4',
  'ref' => 'const',
  'rows' => 1,
  'extra' => '',
) ]
[ sql ] [ SQL ] SELECT * FROM `cherry_company_picture` WHERE  `company_id` = 13 LIMIT 1 [ RunTime:0.000187s ]
[ sql ] [ EXPLAIN : array (
  'id' => 1,
  'select_type' => 'SIMPLE',
  'table' => 'cherry_company_picture',
  'type' => 'ref',
  'possible_keys' => 'company',
  'key' => 'company',
  'key_len' => '4',
  'ref' => 'const',
  'rows' => 1,
  'extra' => '',
) ]
[ sql ] [ SQL ] SELECT `name` FROM `cherry_type` WHERE  `id` = 1 LIMIT 1 [ RunTime:0.000154s ]
[ sql ] [ EXPLAIN : array (
  'id' => 1,
  'select_type' => 'SIMPLE',
  'table' => 'cherry_type',
  'type' => 'const',
  'possible_keys' => 'PRIMARY',
  'key' => 'PRIMARY',
  'key_len' => '4',
  'ref' => 'const',
  'rows' => 1,
  'extra' => '',
) ]
[ sql ] [ SQL ] SELECT `name` FROM `cherry_type` WHERE  `id` = 2 LIMIT 1 [ RunTime:0.000153s ]
[ sql ] [ EXPLAIN : array (
  'id' => 1,
  'select_type' => 'SIMPLE',
  'table' => 'cherry_type',
  'type' => 'const',
  'possible_keys' => 'PRIMARY',
  'key' => 'PRIMARY',
  'key_len' => '4',
  'ref' => 'const',
  'rows' => 1,
  'extra' => '',
) ]
[ sql ] [ SQL ] SELECT * FROM `cherry_company_picture` WHERE  `company_id` = 18 LIMIT 1 [ RunTime:0.000154s ]
[ sql ] [ EXPLAIN : array (
  'id' => 1,
  'select_type' => 'SIMPLE',
  'table' => 'cherry_company_picture',
  'type' => 'ref',
  'possible_keys' => 'company',
  'key' => 'company',
  'key_len' => '4',
  'ref' => 'const',
  'rows' => 2,
  'extra' => '',
) ]
[ sql ] [ SQL ] SELECT `name` FROM `cherry_type` WHERE  `id` = 1 LIMIT 1 [ RunTime:0.000149s ]
[ sql ] [ EXPLAIN : array (
  'id' => 1,
  'select_type' => 'SIMPLE',
  'table' => 'cherry_type',
  'type' => 'const',
  'possible_keys' => 'PRIMARY',
  'key' => 'PRIMARY',
  'key_len' => '4',
  'ref' => 'const',
  'rows' => 1,
  'extra' => '',
) ]
[ sql ] [ SQL ] SELECT `name` FROM `cherry_type` WHERE  `id` = 2 LIMIT 1 [ RunTime:0.000148s ]
[ sql ] [ EXPLAIN : array (
  'id' => 1,
  'select_type' => 'SIMPLE',
  'table' => 'cherry_type',
  'type' => 'const',
  'possible_keys' => 'PRIMARY',
  'key' => 'PRIMARY',
  'key_len' => '4',
  'ref' => 'const',
  'rows' => 1,
  'extra' => '',
) ]
[ sql ] [ SQL ] SELECT `name` FROM `cherry_type` WHERE  `id` = 3 LIMIT 1 [ RunTime:0.000147s ]
[ sql ] [ EXPLAIN : array (
  'id' => 1,
  'select_type' => 'SIMPLE',
  'table' => 'cherry_type',
  'type' => 'const',
  'possible_keys' => 'PRIMARY',
  'key' => 'PRIMARY',
  'key_len' => '4',
  'ref' => 'const',
  'rows' => 1,
  'extra' => '',
) ]
[ sql ] [ SQL ] SELECT `name` FROM `cherry_type` WHERE  `id` = 12 LIMIT 1 [ RunTime:0.000211s ]
[ sql ] [ EXPLAIN : array (
  'id' => 1,
  'select_type' => 'SIMPLE',
  'table' => 'cherry_type',
  'type' => 'const',
  'possible_keys' => 'PRIMARY',
  'key' => 'PRIMARY',
  'key_len' => '4',
  'ref' => 'const',
  'rows' => 1,
  'extra' => '',
) ]
[ sql ] [ SQL ] SELECT `name` FROM `cherry_type` WHERE  `id` = 15 LIMIT 1 [ RunTime:0.000193s ]
[ sql ] [ EXPLAIN : array (
  'id' => 1,
  'select_type' => 'SIMPLE',
  'table' => 'cherry_type',
  'type' => 'const',
  'possible_keys' => 'PRIMARY',
  'key' => 'PRIMARY',
  'key_len' => '4',
  'ref' => 'const',
  'rows' => 1,
  'extra' => '',
) ]
[ sql ] [ SQL ] SELECT `name` FROM `cherry_type` WHERE  `id` = 16 LIMIT 1 [ RunTime:0.000199s ]
[ sql ] [ EXPLAIN : array (
  'id' => 1,
  'select_type' => 'SIMPLE',
  'table' => 'cherry_type',
  'type' => 'const',
  'possible_keys' => 'PRIMARY',
  'key' => 'PRIMARY',
  'key_len' => '4',
  'ref' => 'const',
  'rows' => 1,
  'extra' => '',
) ]
---------------------------------------------------------------
[ 2019-06-30T19:13:58+08:00 ] 49.94.89.188 POST dgw.wh68.wanheweb.com/recommendWork
[运行时间：0.067323s] [吞吐率：14.85req/s] [内存消耗：3,497.33kb] [文件加载：133]
[ info ] [ CACHE ] INIT File
[ info ] [ BEHAVIOR ] Run cmf\behavior\InitHookBehavior @app_init [ RunTime:0.002272s ]
[ info ] [ LANG ] /home/dagongwang/simplewind/thinkphp/lang/zh-cn.php
[ info ] [ ROUTE ] array (
  'type' => 'module',
  'module' => 
  array (
    0 => 'api',
    1 => 'Work',
    2 => 'recommendWork',
  ),
  'convert' => false,
)
[ info ] [ HEADER ] array (
  'accept-language' => 'zh-cn',
  'content-length' => '21',
  'referer' => 'http://wxdgw.wh68.wanheweb.com/html/index.html',
  'user-agent' => 'Mozilla/5.0 (iPhone; CPU iPhone OS 12_2 like Mac OS X) AppleWebKit/605.1.15 (KHTML, like Gecko) Mobile/15E148 MicroMessenger/7.0.4(0x17000428) NetType/4G Language/zh_CN',
  'accept' => 'application/json, text/javascript, */*; q=0.01',
  'connection' => 'keep-alive',
  'accept-encoding' => 'gzip, deflate',
  'openid' => 'ougGT5zYunHIBfpngnCsSYfIT1II',
  'origin' => 'http://wxdgw.wh68.wanheweb.com',
  'content-type' => 'application/x-www-form-urlencoded; charset=UTF-8',
  'host' => 'dgw.wh68.wanheweb.com',
)
[ info ] [ PARAM ] array (
  'city' => '861',
  'top' => '1',
  'type' => '9',
)
[ info ] [ LANG ] /home/dagongwang/simplewind/cmf/behavior/../lang/zh-cn.php
[ info ] [ LANG ] /home/dagongwang/public/../app/admin/lang/zh-cn/common.php
[ info ] [ LANG ] /home/dagongwang/public/../app/portal/lang/zh-cn/common.php
[ info ] [ BEHAVIOR ] Run cmf\behavior\LangBehavior @app_begin [ RunTime:0.001160s ]
[ info ] [ BEHAVIOR ] Run cmf\behavior\InitAppHookBehavior @module_init [ RunTime:0.000308s ]
[ info ] [ DB ] INIT mysql
[ info ] [ RUN ] app\api\controller\WorkController->recommendWork[ /home/dagongwang/app/api/controller/WorkController.php ]
[ info ] [ LOG ] INIT File
[ sql ] [ DB ] CONNECT:[ UseTime:0.000442s ] mysql:host=127.0.0.1;port=3306;dbname=dgw_wh68_wanhewe;charset=utf8mb4
[ sql ] [ SQL ] SHOW COLUMNS FROM `cherry_work` [ RunTime:0.001449s ]
[ sql ] [ SQL ] SELECT `c`.`short_name`,`w`.`supply`,`w`.`base_info`,`w`.`company_id`,`w`.`id`,`w`.`tag` FROM `cherry_work` `w` LEFT JOIN `cherry_company` `c` ON `c`.`id`=`w`.`company_id` WHERE  `is_recommend` = 1  AND `w`.`status` = 1  AND `c`.`city` = '861'  AND `w`.`top` = 1  AND `w`.`type` = '9' LIMIT 1 [ RunTime:0.000295s ]
[ sql ] [ EXPLAIN : array (
  'id' => 1,
  'select_type' => 'SIMPLE',
  'table' => 'c',
  'type' => 'ALL',
  'possible_keys' => 'PRIMARY,city',
  'key' => NULL,
  'key_len' => NULL,
  'ref' => NULL,
  'rows' => 8,
  'extra' => 'Using where',
) ]
[ sql ] [ SQL ] SHOW COLUMNS FROM `cherry_company_picture` [ RunTime:0.000812s ]
[ sql ] [ SQL ] SELECT * FROM `cherry_company_picture` WHERE  `company_id` = 9 LIMIT 1 [ RunTime:0.000226s ]
[ sql ] [ EXPLAIN : array (
  'id' => 1,
  'select_type' => 'SIMPLE',
  'table' => 'cherry_company_picture',
  'type' => 'ref',
  'possible_keys' => 'company',
  'key' => 'company',
  'key_len' => '4',
  'ref' => 'const',
  'rows' => 1,
  'extra' => '',
) ]
[ sql ] [ SQL ] SHOW COLUMNS FROM `cherry_type` [ RunTime:0.000993s ]
[ sql ] [ SQL ] SELECT `name` FROM `cherry_type` WHERE  `id` = 2 LIMIT 1 [ RunTime:0.000228s ]
[ sql ] [ EXPLAIN : array (
  'id' => 1,
  'select_type' => 'SIMPLE',
  'table' => 'cherry_type',
  'type' => 'const',
  'possible_keys' => 'PRIMARY',
  'key' => 'PRIMARY',
  'key_len' => '4',
  'ref' => 'const',
  'rows' => 1,
  'extra' => '',
) ]
[ sql ] [ SQL ] SELECT `name` FROM `cherry_type` WHERE  `id` = 3 LIMIT 1 [ RunTime:0.000208s ]
[ sql ] [ EXPLAIN : array (
  'id' => 1,
  'select_type' => 'SIMPLE',
  'table' => 'cherry_type',
  'type' => 'const',
  'possible_keys' => 'PRIMARY',
  'key' => 'PRIMARY',
  'key_len' => '4',
  'ref' => 'const',
  'rows' => 1,
  'extra' => '',
) ]
---------------------------------------------------------------
[ 2019-06-30T19:13:58+08:00 ] 49.94.89.188 POST dgw.wh68.wanheweb.com/workList
[运行时间：0.077286s] [吞吐率：12.94req/s] [内存消耗：3,540.16kb] [文件加载：135]
[ info ] [ CACHE ] INIT File
[ info ] [ BEHAVIOR ] Run cmf\behavior\InitHookBehavior @app_init [ RunTime:0.002272s ]
[ info ] [ LANG ] /home/dagongwang/simplewind/thinkphp/lang/zh-cn.php
[ info ] [ ROUTE ] array (
  'type' => 'module',
  'module' => 
  array (
    0 => 'api',
    1 => 'Work',
    2 => 'getWork',
  ),
  'convert' => false,
)
[ info ] [ HEADER ] array (
  'accept-language' => 'zh-cn',
  'content-length' => '36',
  'referer' => 'http://wxdgw.wh68.wanheweb.com/html/index.html',
  'user-agent' => 'Mozilla/5.0 (iPhone; CPU iPhone OS 12_2 like Mac OS X) AppleWebKit/605.1.15 (KHTML, like Gecko) Mobile/15E148 MicroMessenger/7.0.4(0x17000428) NetType/4G Language/zh_CN',
  'accept' => 'application/json, text/javascript, */*; q=0.01',
  'connection' => 'keep-alive',
  'accept-encoding' => 'gzip, deflate',
  'openid' => 'ougGT5zYunHIBfpngnCsSYfIT1II',
  'origin' => 'http://wxdgw.wh68.wanheweb.com',
  'content-type' => 'application/x-www-form-urlencoded; charset=UTF-8',
  'host' => 'dgw.wh68.wanheweb.com',
)
[ info ] [ PARAM ] array (
  'city' => '861',
  'top' => '1',
  'type' => '9',
  'page' => '1',
  'limit' => '6',
)
[ info ] [ LANG ] /home/dagongwang/simplewind/cmf/behavior/../lang/zh-cn.php
[ info ] [ LANG ] /home/dagongwang/public/../app/admin/lang/zh-cn/common.php
[ info ] [ LANG ] /home/dagongwang/public/../app/portal/lang/zh-cn/common.php
[ info ] [ BEHAVIOR ] Run cmf\behavior\LangBehavior @app_begin [ RunTime:0.001157s ]
[ info ] [ BEHAVIOR ] Run cmf\behavior\InitAppHookBehavior @module_init [ RunTime:0.000307s ]
[ info ] [ DB ] INIT mysql
[ info ] [ RUN ] app\api\controller\WorkController->getWork[ /home/dagongwang/app/api/controller/WorkController.php ]
[ info ] [ LOG ] INIT File
[ sql ] [ DB ] CONNECT:[ UseTime:0.000329s ] mysql:host=127.0.0.1;port=3306;dbname=dgw_wh68_wanhewe;charset=utf8mb4
[ sql ] [ SQL ] SHOW COLUMNS FROM `cherry_work` [ RunTime:0.001403s ]
[ sql ] [ SQL ] SELECT COUNT(*) AS tp_count FROM `cherry_work` `w` LEFT JOIN `cherry_company` `c` ON `c`.`id`=`w`.`company_id` WHERE  `w`.`status` = 1  AND `c`.`city` = '861'  AND `w`.`top` = 1  AND `w`.`type` = '9' LIMIT 1 [ RunTime:0.000258s ]
[ sql ] [ EXPLAIN : array (
  'id' => 1,
  'select_type' => 'SIMPLE',
  'table' => 'c',
  'type' => 'ref',
  'possible_keys' => 'PRIMARY,city',
  'key' => 'city',
  'key_len' => '2',
  'ref' => 'const',
  'rows' => 10,
  'extra' => 'Using where; Using index',
) ]
[ sql ] [ SQL ] SELECT `c`.`short_name`,`w`.`supply`,`w`.`base_info`,`w`.`company_id`,`w`.`id`,`w`.`tag` FROM `cherry_work` `w` LEFT JOIN `cherry_company` `c` ON `c`.`id`=`w`.`company_id` WHERE  `w`.`status` = 1  AND `c`.`city` = '861'  AND `w`.`top` = 1  AND `w`.`type` = '9' LIMIT 0,6 [ RunTime:0.000306s ]
[ sql ] [ EXPLAIN : array (
  'id' => 1,
  'select_type' => 'SIMPLE',
  'table' => 'c',
  'type' => 'ALL',
  'possible_keys' => 'PRIMARY,city',
  'key' => NULL,
  'key_len' => NULL,
  'ref' => NULL,
  'rows' => 8,
  'extra' => 'Using where',
) ]
[ sql ] [ SQL ] SHOW COLUMNS FROM `cherry_company_picture` [ RunTime:0.000994s ]
[ sql ] [ SQL ] SELECT * FROM `cherry_company_picture` WHERE  `company_id` = 5 LIMIT 1 [ RunTime:0.000200s ]
[ sql ] [ EXPLAIN : array (
  'id' => 1,
  'select_type' => 'SIMPLE',
  'table' => 'cherry_company_picture',
  'type' => 'ref',
  'possible_keys' => 'company',
  'key' => 'company',
  'key_len' => '4',
  'ref' => 'const',
  'rows' => 6,
  'extra' => '',
) ]
[ sql ] [ SQL ] SHOW COLUMNS FROM `cherry_type` [ RunTime:0.000737s ]
[ sql ] [ SQL ] SELECT `name` FROM `cherry_type` WHERE  `id` = 1 LIMIT 1 [ RunTime:0.000194s ]
[ sql ] [ EXPLAIN : array (
  'id' => 1,
  'select_type' => 'SIMPLE',
  'table' => 'cherry_type',
  'type' => 'const',
  'possible_keys' => 'PRIMARY',
  'key' => 'PRIMARY',
  'key_len' => '4',
  'ref' => 'const',
  'rows' => 1,
  'extra' => '',
) ]
[ sql ] [ SQL ] SELECT `name` FROM `cherry_type` WHERE  `id` = 2 LIMIT 1 [ RunTime:0.000164s ]
[ sql ] [ EXPLAIN : array (
  'id' => 1,
  'select_type' => 'SIMPLE',
  'table' => 'cherry_type',
  'type' => 'const',
  'possible_keys' => 'PRIMARY',
  'key' => 'PRIMARY',
  'key_len' => '4',
  'ref' => 'const',
  'rows' => 1,
  'extra' => '',
) ]
[ sql ] [ SQL ] SELECT * FROM `cherry_company_picture` WHERE  `company_id` = 5 LIMIT 1 [ RunTime:0.000232s ]
[ sql ] [ EXPLAIN : array (
  'id' => 1,
  'select_type' => 'SIMPLE',
  'table' => 'cherry_company_picture',
  'type' => 'ref',
  'possible_keys' => 'company',
  'key' => 'company',
  'key_len' => '4',
  'ref' => 'const',
  'rows' => 6,
  'extra' => '',
) ]
[ sql ] [ SQL ] SELECT `name` FROM `cherry_type` WHERE  `id` = 1 LIMIT 1 [ RunTime:0.000230s ]
[ sql ] [ EXPLAIN : array (
  'id' => 1,
  'select_type' => 'SIMPLE',
  'table' => 'cherry_type',
  'type' => 'const',
  'possible_keys' => 'PRIMARY',
  'key' => 'PRIMARY',
  'key_len' => '4',
  'ref' => 'const',
  'rows' => 1,
  'extra' => '',
) ]
[ sql ] [ SQL ] SELECT `name` FROM `cherry_type` WHERE  `id` = 2 LIMIT 1 [ RunTime:0.000163s ]
[ sql ] [ EXPLAIN : array (
  'id' => 1,
  'select_type' => 'SIMPLE',
  'table' => 'cherry_type',
  'type' => 'const',
  'possible_keys' => 'PRIMARY',
  'key' => 'PRIMARY',
  'key_len' => '4',
  'ref' => 'const',
  'rows' => 1,
  'extra' => '',
) ]
[ sql ] [ SQL ] SELECT * FROM `cherry_company_picture` WHERE  `company_id` = 7 LIMIT 1 [ RunTime:0.000169s ]
[ sql ] [ EXPLAIN : array (
  'id' => 1,
  'select_type' => 'SIMPLE',
  'table' => 'cherry_company_picture',
  'type' => 'ref',
  'possible_keys' => 'company',
  'key' => 'company',
  'key_len' => '4',
  'ref' => 'const',
  'rows' => 3,
  'extra' => '',
) ]
[ sql ] [ SQL ] SELECT `name` FROM `cherry_type` WHERE  `id` = 1 LIMIT 1 [ RunTime:0.000158s ]
[ sql ] [ EXPLAIN : array (
  'id' => 1,
  'select_type' => 'SIMPLE',
  'table' => 'cherry_type',
  'type' => 'const',
  'possible_keys' => 'PRIMARY',
  'key' => 'PRIMARY',
  'key_len' => '4',
  'ref' => 'const',
  'rows' => 1,
  'extra' => '',
) ]
[ sql ] [ SQL ] SELECT `name` FROM `cherry_type` WHERE  `id` = 2 LIMIT 1 [ RunTime:0.000151s ]
[ sql ] [ EXPLAIN : array (
  'id' => 1,
  'select_type' => 'SIMPLE',
  'table' => 'cherry_type',
  'type' => 'const',
  'possible_keys' => 'PRIMARY',
  'key' => 'PRIMARY',
  'key_len' => '4',
  'ref' => 'const',
  'rows' => 1,
  'extra' => '',
) ]
[ sql ] [ SQL ] SELECT `name` FROM `cherry_type` WHERE  `id` = 3 LIMIT 1 [ RunTime:0.000148s ]
[ sql ] [ EXPLAIN : array (
  'id' => 1,
  'select_type' => 'SIMPLE',
  'table' => 'cherry_type',
  'type' => 'const',
  'possible_keys' => 'PRIMARY',
  'key' => 'PRIMARY',
  'key_len' => '4',
  'ref' => 'const',
  'rows' => 1,
  'extra' => '',
) ]
[ sql ] [ SQL ] SELECT * FROM `cherry_company_picture` WHERE  `company_id` = 9 LIMIT 1 [ RunTime:0.000187s ]
[ sql ] [ EXPLAIN : array (
  'id' => 1,
  'select_type' => 'SIMPLE',
  'table' => 'cherry_company_picture',
  'type' => 'ref',
  'possible_keys' => 'company',
  'key' => 'company',
  'key_len' => '4',
  'ref' => 'const',
  'rows' => 1,
  'extra' => '',
) ]
[ sql ] [ SQL ] SELECT `name` FROM `cherry_type` WHERE  `id` = 2 LIMIT 1 [ RunTime:0.000209s ]
[ sql ] [ EXPLAIN : array (
  'id' => 1,
  'select_type' => 'SIMPLE',
  'table' => 'cherry_type',
  'type' => 'const',
  'possible_keys' => 'PRIMARY',
  'key' => 'PRIMARY',
  'key_len' => '4',
  'ref' => 'const',
  'rows' => 1,
  'extra' => '',
) ]
[ sql ] [ SQL ] SELECT `name` FROM `cherry_type` WHERE  `id` = 3 LIMIT 1 [ RunTime:0.000147s ]
[ sql ] [ EXPLAIN : array (
  'id' => 1,
  'select_type' => 'SIMPLE',
  'table' => 'cherry_type',
  'type' => 'const',
  'possible_keys' => 'PRIMARY',
  'key' => 'PRIMARY',
  'key_len' => '4',
  'ref' => 'const',
  'rows' => 1,
  'extra' => '',
) ]
[ sql ] [ SQL ] SELECT * FROM `cherry_company_picture` WHERE  `company_id` = 10 LIMIT 1 [ RunTime:0.000157s ]
[ sql ] [ EXPLAIN : array (
  'id' => 1,
  'select_type' => 'SIMPLE',
  'table' => 'cherry_company_picture',
  'type' => 'ref',
  'possible_keys' => 'company',
  'key' => 'company',
  'key_len' => '4',
  'ref' => 'const',
  'rows' => 3,
  'extra' => '',
) ]
[ sql ] [ SQL ] SELECT `name` FROM `cherry_type` WHERE  `id` = 1 LIMIT 1 [ RunTime:0.000152s ]
[ sql ] [ EXPLAIN : array (
  'id' => 1,
  'select_type' => 'SIMPLE',
  'table' => 'cherry_type',
  'type' => 'const',
  'possible_keys' => 'PRIMARY',
  'key' => 'PRIMARY',
  'key_len' => '4',
  'ref' => 'const',
  'rows' => 1,
  'extra' => '',
) ]
[ sql ] [ SQL ] SELECT `name` FROM `cherry_type` WHERE  `id` = 2 LIMIT 1 [ RunTime:0.000147s ]
[ sql ] [ EXPLAIN : array (
  'id' => 1,
  'select_type' => 'SIMPLE',
  'table' => 'cherry_type',
  'type' => 'const',
  'possible_keys' => 'PRIMARY',
  'key' => 'PRIMARY',
  'key_len' => '4',
  'ref' => 'const',
  'rows' => 1,
  'extra' => '',
) ]
[ sql ] [ SQL ] SELECT * FROM `cherry_company_picture` WHERE  `company_id` = 11 LIMIT 1 [ RunTime:0.000160s ]
[ sql ] [ EXPLAIN : array (
  'id' => 1,
  'select_type' => 'SIMPLE',
  'table' => 'cherry_company_picture',
  'type' => 'ref',
  'possible_keys' => 'company',
  'key' => 'company',
  'key_len' => '4',
  'ref' => 'const',
  'rows' => 2,
  'extra' => '',
) ]
[ sql ] [ SQL ] SELECT `name` FROM `cherry_type` WHERE  `id` = 1 LIMIT 1 [ RunTime:0.000209s ]
[ sql ] [ EXPLAIN : array (
  'id' => 1,
  'select_type' => 'SIMPLE',
  'table' => 'cherry_type',
  'type' => 'const',
  'possible_keys' => 'PRIMARY',
  'key' => 'PRIMARY',
  'key_len' => '4',
  'ref' => 'const',
  'rows' => 1,
  'extra' => '',
) ]
[ sql ] [ SQL ] SELECT `name` FROM `cherry_type` WHERE  `id` = 2 LIMIT 1 [ RunTime:0.000308s ]
[ sql ] [ EXPLAIN : array (
  'id' => 1,
  'select_type' => 'SIMPLE',
  'table' => 'cherry_type',
  'type' => 'const',
  'possible_keys' => 'PRIMARY',
  'key' => 'PRIMARY',
  'key_len' => '4',
  'ref' => 'const',
  'rows' => 1,
  'extra' => '',
) ]
---------------------------------------------------------------
[ 2019-06-30T19:13:59+08:00 ] 49.94.89.188 POST dgw.wh68.wanheweb.com/recommendWork
[运行时间：0.054354s] [吞吐率：18.40req/s] [内存消耗：3,497.34kb] [文件加载：133]
[ info ] [ CACHE ] INIT File
[ info ] [ BEHAVIOR ] Run cmf\behavior\InitHookBehavior @app_init [ RunTime:0.002233s ]
[ info ] [ LANG ] /home/dagongwang/simplewind/thinkphp/lang/zh-cn.php
[ info ] [ ROUTE ] array (
  'type' => 'module',
  'module' => 
  array (
    0 => 'api',
    1 => 'Work',
    2 => 'recommendWork',
  ),
  'convert' => false,
)
[ info ] [ HEADER ] array (
  'accept-language' => 'zh-cn',
  'content-length' => '22',
  'referer' => 'http://wxdgw.wh68.wanheweb.com/html/index.html',
  'user-agent' => 'Mozilla/5.0 (iPhone; CPU iPhone OS 12_2 like Mac OS X) AppleWebKit/605.1.15 (KHTML, like Gecko) Mobile/15E148 MicroMessenger/7.0.4(0x17000428) NetType/4G Language/zh_CN',
  'accept' => 'application/json, text/javascript, */*; q=0.01',
  'connection' => 'keep-alive',
  'accept-encoding' => 'gzip, deflate',
  'openid' => 'ougGT5zYunHIBfpngnCsSYfIT1II',
  'origin' => 'http://wxdgw.wh68.wanheweb.com',
  'content-type' => 'application/x-www-form-urlencoded; charset=UTF-8',
  'host' => 'dgw.wh68.wanheweb.com',
)
[ info ] [ PARAM ] array (
  'city' => '861',
  'top' => '1',
  'type' => '11',
)
[ info ] [ LANG ] /home/dagongwang/simplewind/cmf/behavior/../lang/zh-cn.php
[ info ] [ LANG ] /home/dagongwang/public/../app/admin/lang/zh-cn/common.php
[ info ] [ LANG ] /home/dagongwang/public/../app/portal/lang/zh-cn/common.php
[ info ] [ BEHAVIOR ] Run cmf\behavior\LangBehavior @app_begin [ RunTime:0.001093s ]
[ info ] [ BEHAVIOR ] Run cmf\behavior\InitAppHookBehavior @module_init [ RunTime:0.000276s ]
[ info ] [ DB ] INIT mysql
[ info ] [ RUN ] app\api\controller\WorkController->recommendWork[ /home/dagongwang/app/api/controller/WorkController.php ]
[ info ] [ LOG ] INIT File
[ sql ] [ DB ] CONNECT:[ UseTime:0.000544s ] mysql:host=127.0.0.1;port=3306;dbname=dgw_wh68_wanhewe;charset=utf8mb4
[ sql ] [ SQL ] SHOW COLUMNS FROM `cherry_work` [ RunTime:0.001583s ]
[ sql ] [ SQL ] SELECT `c`.`short_name`,`w`.`supply`,`w`.`base_info`,`w`.`company_id`,`w`.`id`,`w`.`tag` FROM `cherry_work` `w` LEFT JOIN `cherry_company` `c` ON `c`.`id`=`w`.`company_id` WHERE  `is_recommend` = 1  AND `w`.`status` = 1  AND `c`.`city` = '861'  AND `w`.`top` = 1  AND `w`.`type` = '11' LIMIT 1 [ RunTime:0.000362s ]
[ sql ] [ EXPLAIN : array (
  'id' => 1,
  'select_type' => 'SIMPLE',
  'table' => 'c',
  'type' => 'ALL',
  'possible_keys' => 'PRIMARY,city',
  'key' => NULL,
  'key_len' => NULL,
  'ref' => NULL,
  'rows' => 8,
  'extra' => 'Using where',
) ]
[ sql ] [ SQL ] SHOW COLUMNS FROM `cherry_company_picture` [ RunTime:0.001052s ]
[ sql ] [ SQL ] SELECT * FROM `cherry_company_picture` WHERE  `company_id` = 9 LIMIT 1 [ RunTime:0.000229s ]
[ sql ] [ EXPLAIN : array (
  'id' => 1,
  'select_type' => 'SIMPLE',
  'table' => 'cherry_company_picture',
  'type' => 'ref',
  'possible_keys' => 'company',
  'key' => 'company',
  'key_len' => '4',
  'ref' => 'const',
  'rows' => 1,
  'extra' => '',
) ]
[ sql ] [ SQL ] SHOW COLUMNS FROM `cherry_type` [ RunTime:0.000919s ]
[ sql ] [ SQL ] SELECT `name` FROM `cherry_type` WHERE  `id` = 2 LIMIT 1 [ RunTime:0.000190s ]
[ sql ] [ EXPLAIN : array (
  'id' => 1,
  'select_type' => 'SIMPLE',
  'table' => 'cherry_type',
  'type' => 'const',
  'possible_keys' => 'PRIMARY',
  'key' => 'PRIMARY',
  'key_len' => '4',
  'ref' => 'const',
  'rows' => 1,
  'extra' => '',
) ]
[ sql ] [ SQL ] SELECT `name` FROM `cherry_type` WHERE  `id` = 3 LIMIT 1 [ RunTime:0.000207s ]
[ sql ] [ EXPLAIN : array (
  'id' => 1,
  'select_type' => 'SIMPLE',
  'table' => 'cherry_type',
  'type' => 'const',
  'possible_keys' => 'PRIMARY',
  'key' => 'PRIMARY',
  'key_len' => '4',
  'ref' => 'const',
  'rows' => 1,
  'extra' => '',
) ]
---------------------------------------------------------------
[ 2019-06-30T19:13:59+08:00 ] 49.94.89.188 POST dgw.wh68.wanheweb.com/workList
[运行时间：0.058307s] [吞吐率：17.15req/s] [内存消耗：3,524.98kb] [文件加载：135]
[ info ] [ CACHE ] INIT File
[ info ] [ BEHAVIOR ] Run cmf\behavior\InitHookBehavior @app_init [ RunTime:0.002244s ]
[ info ] [ LANG ] /home/dagongwang/simplewind/thinkphp/lang/zh-cn.php
[ info ] [ ROUTE ] array (
  'type' => 'module',
  'module' => 
  array (
    0 => 'api',
    1 => 'Work',
    2 => 'getWork',
  ),
  'convert' => false,
)
[ info ] [ HEADER ] array (
  'accept-language' => 'zh-cn',
  'content-length' => '37',
  'referer' => 'http://wxdgw.wh68.wanheweb.com/html/index.html',
  'user-agent' => 'Mozilla/5.0 (iPhone; CPU iPhone OS 12_2 like Mac OS X) AppleWebKit/605.1.15 (KHTML, like Gecko) Mobile/15E148 MicroMessenger/7.0.4(0x17000428) NetType/4G Language/zh_CN',
  'accept' => 'application/json, text/javascript, */*; q=0.01',
  'connection' => 'keep-alive',
  'accept-encoding' => 'gzip, deflate',
  'openid' => 'ougGT5zYunHIBfpngnCsSYfIT1II',
  'origin' => 'http://wxdgw.wh68.wanheweb.com',
  'content-type' => 'application/x-www-form-urlencoded; charset=UTF-8',
  'host' => 'dgw.wh68.wanheweb.com',
)
[ info ] [ PARAM ] array (
  'city' => '861',
  'top' => '1',
  'type' => '11',
  'page' => '1',
  'limit' => '6',
)
[ info ] [ LANG ] /home/dagongwang/simplewind/cmf/behavior/../lang/zh-cn.php
[ info ] [ LANG ] /home/dagongwang/public/../app/admin/lang/zh-cn/common.php
[ info ] [ LANG ] /home/dagongwang/public/../app/portal/lang/zh-cn/common.php
[ info ] [ BEHAVIOR ] Run cmf\behavior\LangBehavior @app_begin [ RunTime:0.001088s ]
[ info ] [ BEHAVIOR ] Run cmf\behavior\InitAppHookBehavior @module_init [ RunTime:0.000275s ]
[ info ] [ DB ] INIT mysql
[ info ] [ RUN ] app\api\controller\WorkController->getWork[ /home/dagongwang/app/api/controller/WorkController.php ]
[ info ] [ LOG ] INIT File
[ sql ] [ DB ] CONNECT:[ UseTime:0.000456s ] mysql:host=127.0.0.1;port=3306;dbname=dgw_wh68_wanhewe;charset=utf8mb4
[ sql ] [ SQL ] SHOW COLUMNS FROM `cherry_work` [ RunTime:0.001556s ]
[ sql ] [ SQL ] SELECT COUNT(*) AS tp_count FROM `cherry_work` `w` LEFT JOIN `cherry_company` `c` ON `c`.`id`=`w`.`company_id` WHERE  `w`.`status` = 1  AND `c`.`city` = '861'  AND `w`.`top` = 1  AND `w`.`type` = '11' LIMIT 1 [ RunTime:0.000283s ]
[ sql ] [ EXPLAIN : array (
  'id' => 1,
  'select_type' => 'SIMPLE',
  'table' => 'c',
  'type' => 'ref',
  'possible_keys' => 'PRIMARY,city',
  'key' => 'city',
  'key_len' => '2',
  'ref' => 'const',
  'rows' => 10,
  'extra' => 'Using where; Using index',
) ]
[ sql ] [ SQL ] SELECT `c`.`short_name`,`w`.`supply`,`w`.`base_info`,`w`.`company_id`,`w`.`id`,`w`.`tag` FROM `cherry_work` `w` LEFT JOIN `cherry_company` `c` ON `c`.`id`=`w`.`company_id` WHERE  `w`.`status` = 1  AND `c`.`city` = '861'  AND `w`.`top` = 1  AND `w`.`type` = '11' LIMIT 0,6 [ RunTime:0.000245s ]
[ sql ] [ EXPLAIN : array (
  'id' => 1,
  'select_type' => 'SIMPLE',
  'table' => 'c',
  'type' => 'ALL',
  'possible_keys' => 'PRIMARY,city',
  'key' => NULL,
  'key_len' => NULL,
  'ref' => NULL,
  'rows' => 8,
  'extra' => 'Using where',
) ]
[ sql ] [ SQL ] SHOW COLUMNS FROM `cherry_company_picture` [ RunTime:0.000909s ]
[ sql ] [ SQL ] SELECT * FROM `cherry_company_picture` WHERE  `company_id` = 9 LIMIT 1 [ RunTime:0.000216s ]
[ sql ] [ EXPLAIN : array (
  'id' => 1,
  'select_type' => 'SIMPLE',
  'table' => 'cherry_company_picture',
  'type' => 'ref',
  'possible_keys' => 'company',
  'key' => 'company',
  'key_len' => '4',
  'ref' => 'const',
  'rows' => 1,
  'extra' => '',
) ]
[ sql ] [ SQL ] SHOW COLUMNS FROM `cherry_type` [ RunTime:0.000711s ]
[ sql ] [ SQL ] SELECT `name` FROM `cherry_type` WHERE  `id` = 2 LIMIT 1 [ RunTime:0.000214s ]
[ sql ] [ EXPLAIN : array (
  'id' => 1,
  'select_type' => 'SIMPLE',
  'table' => 'cherry_type',
  'type' => 'const',
  'possible_keys' => 'PRIMARY',
  'key' => 'PRIMARY',
  'key_len' => '4',
  'ref' => 'const',
  'rows' => 1,
  'extra' => '',
) ]
[ sql ] [ SQL ] SELECT `name` FROM `cherry_type` WHERE  `id` = 3 LIMIT 1 [ RunTime:0.000182s ]
[ sql ] [ EXPLAIN : array (
  'id' => 1,
  'select_type' => 'SIMPLE',
  'table' => 'cherry_type',
  'type' => 'const',
  'possible_keys' => 'PRIMARY',
  'key' => 'PRIMARY',
  'key_len' => '4',
  'ref' => 'const',
  'rows' => 1,
  'extra' => '',
) ]
[ sql ] [ SQL ] SELECT * FROM `cherry_company_picture` WHERE  `company_id` = 18 LIMIT 1 [ RunTime:0.000160s ]
[ sql ] [ EXPLAIN : array (
  'id' => 1,
  'select_type' => 'SIMPLE',
  'table' => 'cherry_company_picture',
  'type' => 'ref',
  'possible_keys' => 'company',
  'key' => 'company',
  'key_len' => '4',
  'ref' => 'const',
  'rows' => 2,
  'extra' => '',
) ]
[ sql ] [ SQL ] SELECT `name` FROM `cherry_type` WHERE  `id` = 1 LIMIT 1 [ RunTime:0.000158s ]
[ sql ] [ EXPLAIN : array (
  'id' => 1,
  'select_type' => 'SIMPLE',
  'table' => 'cherry_type',
  'type' => 'const',
  'possible_keys' => 'PRIMARY',
  'key' => 'PRIMARY',
  'key_len' => '4',
  'ref' => 'const',
  'rows' => 1,
  'extra' => '',
) ]
[ sql ] [ SQL ] SELECT `name` FROM `cherry_type` WHERE  `id` = 2 LIMIT 1 [ RunTime:0.000151s ]
[ sql ] [ EXPLAIN : array (
  'id' => 1,
  'select_type' => 'SIMPLE',
  'table' => 'cherry_type',
  'type' => 'const',
  'possible_keys' => 'PRIMARY',
  'key' => 'PRIMARY',
  'key_len' => '4',
  'ref' => 'const',
  'rows' => 1,
  'extra' => '',
) ]
[ sql ] [ SQL ] SELECT `name` FROM `cherry_type` WHERE  `id` = 3 LIMIT 1 [ RunTime:0.000159s ]
[ sql ] [ EXPLAIN : array (
  'id' => 1,
  'select_type' => 'SIMPLE',
  'table' => 'cherry_type',
  'type' => 'const',
  'possible_keys' => 'PRIMARY',
  'key' => 'PRIMARY',
  'key_len' => '4',
  'ref' => 'const',
  'rows' => 1,
  'extra' => '',
) ]
[ sql ] [ SQL ] SELECT `name` FROM `cherry_type` WHERE  `id` = 12 LIMIT 1 [ RunTime:0.000176s ]
[ sql ] [ EXPLAIN : array (
  'id' => 1,
  'select_type' => 'SIMPLE',
  'table' => 'cherry_type',
  'type' => 'const',
  'possible_keys' => 'PRIMARY',
  'key' => 'PRIMARY',
  'key_len' => '4',
  'ref' => 'const',
  'rows' => 1,
  'extra' => '',
) ]
[ sql ] [ SQL ] SELECT `name` FROM `cherry_type` WHERE  `id` = 15 LIMIT 1 [ RunTime:0.000168s ]
[ sql ] [ EXPLAIN : array (
  'id' => 1,
  'select_type' => 'SIMPLE',
  'table' => 'cherry_type',
  'type' => 'const',
  'possible_keys' => 'PRIMARY',
  'key' => 'PRIMARY',
  'key_len' => '4',
  'ref' => 'const',
  'rows' => 1,
  'extra' => '',
) ]
[ sql ] [ SQL ] SELECT `name` FROM `cherry_type` WHERE  `id` = 16 LIMIT 1 [ RunTime:0.000148s ]
[ sql ] [ EXPLAIN : array (
  'id' => 1,
  'select_type' => 'SIMPLE',
  'table' => 'cherry_type',
  'type' => 'const',
  'possible_keys' => 'PRIMARY',
  'key' => 'PRIMARY',
  'key_len' => '4',
  'ref' => 'const',
  'rows' => 1,
  'extra' => '',
) ]
---------------------------------------------------------------
[ 2019-06-30T19:14:04+08:00 ] 49.94.89.188 OPTIONS dgw.wh68.wanheweb.com/recommendWork
[运行时间：0.044811s] [吞吐率：22.32req/s] [内存消耗：2,217.31kb] [文件加载：113]
[ info ] [ CACHE ] INIT File
[ info ] [ BEHAVIOR ] Run cmf\behavior\InitHookBehavior @app_init [ RunTime:0.003427s ]
[ info ] [ LANG ] /home/dagongwang/simplewind/thinkphp/lang/zh-cn.php
[ info ] [ ROUTE ] array (
  'type' => 'module',
  'module' => 
  array (
    0 => 'api',
    1 => 'Work',
    2 => 'recommendWork',
  ),
  'convert' => false,
)
[ info ] [ HEADER ] array (
  'accept-encoding' => 'gzip, deflate',
  'accept-language' => 'zh-cn',
  'referer' => 'http://wxdgw.wh68.wanheweb.com/html/index.html',
  'user-agent' => 'Mozilla/5.0 (iPhone; CPU iPhone OS 12_2 like Mac OS X) AppleWebKit/605.1.15 (KHTML, like Gecko) Mobile/15E148 MicroMessenger/7.0.4(0x17000428) NetType/4G Language/zh_CN',
  'accept' => '*/*',
  'connection' => 'keep-alive',
  'access-control-request-headers' => 'openid',
  'content-length' => '0',
  'access-control-request-method' => 'POST',
  'origin' => 'http://wxdgw.wh68.wanheweb.com',
  'host' => 'dgw.wh68.wanheweb.com',
  'content-type' => '',
)
[ info ] [ PARAM ] array (
)
[ info ] [ LANG ] /home/dagongwang/simplewind/cmf/behavior/../lang/zh-cn.php
[ info ] [ LANG ] /home/dagongwang/public/../app/admin/lang/zh-cn/common.php
[ info ] [ LANG ] /home/dagongwang/public/../app/portal/lang/zh-cn/common.php
[ info ] [ BEHAVIOR ] Run cmf\behavior\LangBehavior @app_begin [ RunTime:0.001787s ]
[ info ] [ BEHAVIOR ] Run cmf\behavior\InitAppHookBehavior @module_init [ RunTime:0.000423s ]
[ info ] [ LOG ] INIT File
---------------------------------------------------------------
[ 2019-06-30T19:14:04+08:00 ] 49.94.89.188 OPTIONS dgw.wh68.wanheweb.com/workList
[运行时间：0.042033s] [吞吐率：23.79req/s] [内存消耗：2,217.28kb] [文件加载：113]
[ info ] [ CACHE ] INIT File
[ info ] [ BEHAVIOR ] Run cmf\behavior\InitHookBehavior @app_init [ RunTime:0.001979s ]
[ info ] [ LANG ] /home/dagongwang/simplewind/thinkphp/lang/zh-cn.php
[ info ] [ ROUTE ] array (
  'type' => 'module',
  'module' => 
  array (
    0 => 'api',
    1 => 'Work',
    2 => 'getWork',
  ),
  'convert' => false,
)
[ info ] [ HEADER ] array (
  'accept-encoding' => 'gzip, deflate',
  'accept-language' => 'zh-cn',
  'referer' => 'http://wxdgw.wh68.wanheweb.com/html/index.html',
  'user-agent' => 'Mozilla/5.0 (iPhone; CPU iPhone OS 12_2 like Mac OS X) AppleWebKit/605.1.15 (KHTML, like Gecko) Mobile/15E148 MicroMessenger/7.0.4(0x17000428) NetType/4G Language/zh_CN',
  'accept' => '*/*',
  'connection' => 'keep-alive',
  'access-control-request-headers' => 'openid',
  'content-length' => '0',
  'access-control-request-method' => 'POST',
  'origin' => 'http://wxdgw.wh68.wanheweb.com',
  'host' => 'dgw.wh68.wanheweb.com',
  'content-type' => '',
)
[ info ] [ PARAM ] array (
)
[ info ] [ LANG ] /home/dagongwang/simplewind/cmf/behavior/../lang/zh-cn.php
[ info ] [ LANG ] /home/dagongwang/public/../app/admin/lang/zh-cn/common.php
[ info ] [ LANG ] /home/dagongwang/public/../app/portal/lang/zh-cn/common.php
[ info ] [ BEHAVIOR ] Run cmf\behavior\LangBehavior @app_begin [ RunTime:0.000986s ]
[ info ] [ BEHAVIOR ] Run cmf\behavior\InitAppHookBehavior @module_init [ RunTime:0.000277s ]
[ info ] [ LOG ] INIT File
---------------------------------------------------------------
[ 2019-06-30T19:14:04+08:00 ] 49.94.89.188 POST dgw.wh68.wanheweb.com/recommendWork
[运行时间：0.055312s] [吞吐率：18.08req/s] [内存消耗：3,491.11kb] [文件加载：133]
[ info ] [ CACHE ] INIT File
[ info ] [ BEHAVIOR ] Run cmf\behavior\InitHookBehavior @app_init [ RunTime:0.002498s ]
[ info ] [ LANG ] /home/dagongwang/simplewind/thinkphp/lang/zh-cn.php
[ info ] [ ROUTE ] array (
  'type' => 'module',
  'module' => 
  array (
    0 => 'api',
    1 => 'Work',
    2 => 'recommendWork',
  ),
  'convert' => false,
)
[ info ] [ HEADER ] array (
  'accept-language' => 'zh-cn',
  'content-length' => '21',
  'referer' => 'http://wxdgw.wh68.wanheweb.com/html/index.html',
  'user-agent' => 'Mozilla/5.0 (iPhone; CPU iPhone OS 12_2 like Mac OS X) AppleWebKit/605.1.15 (KHTML, like Gecko) Mobile/15E148 MicroMessenger/7.0.4(0x17000428) NetType/4G Language/zh_CN',
  'accept' => 'application/json, text/javascript, */*; q=0.01',
  'connection' => 'keep-alive',
  'accept-encoding' => 'gzip, deflate',
  'openid' => 'ougGT5zYunHIBfpngnCsSYfIT1II',
  'origin' => 'http://wxdgw.wh68.wanheweb.com',
  'content-type' => 'application/x-www-form-urlencoded; charset=UTF-8',
  'host' => 'dgw.wh68.wanheweb.com',
)
[ info ] [ PARAM ] array (
  'city' => '861',
  'top' => '1',
  'type' => '8',
)
[ info ] [ LANG ] /home/dagongwang/simplewind/cmf/behavior/../lang/zh-cn.php
[ info ] [ LANG ] /home/dagongwang/public/../app/admin/lang/zh-cn/common.php
[ info ] [ LANG ] /home/dagongwang/public/../app/portal/lang/zh-cn/common.php
[ info ] [ BEHAVIOR ] Run cmf\behavior\LangBehavior @app_begin [ RunTime:0.001189s ]
[ info ] [ BEHAVIOR ] Run cmf\behavior\InitAppHookBehavior @module_init [ RunTime:0.000302s ]
[ info ] [ DB ] INIT mysql
[ info ] [ RUN ] app\api\controller\WorkController->recommendWork[ /home/dagongwang/app/api/controller/WorkController.php ]
[ info ] [ LOG ] INIT File
[ sql ] [ DB ] CONNECT:[ UseTime:0.000491s ] mysql:host=127.0.0.1;port=3306;dbname=dgw_wh68_wanhewe;charset=utf8mb4
[ sql ] [ SQL ] SHOW COLUMNS FROM `cherry_work` [ RunTime:0.001145s ]
[ sql ] [ SQL ] SELECT `c`.`short_name`,`w`.`supply`,`w`.`base_info`,`w`.`company_id`,`w`.`id`,`w`.`tag` FROM `cherry_work` `w` LEFT JOIN `cherry_company` `c` ON `c`.`id`=`w`.`company_id` WHERE  `is_recommend` = 1  AND `w`.`status` = 1  AND `c`.`city` = '861'  AND `w`.`top` = 1  AND `w`.`type` = '8' LIMIT 1 [ RunTime:0.000390s ]
[ sql ] [ EXPLAIN : array (
  'id' => 1,
  'select_type' => 'SIMPLE',
  'table' => 'c',
  'type' => 'ALL',
  'possible_keys' => 'PRIMARY,city',
  'key' => NULL,
  'key_len' => NULL,
  'ref' => NULL,
  'rows' => 8,
  'extra' => 'Using where',
) ]
---------------------------------------------------------------
[ 2019-06-30T19:14:04+08:00 ] 49.94.89.188 POST dgw.wh68.wanheweb.com/workList
[运行时间：0.064095s] [吞吐率：15.60req/s] [内存消耗：3,540.16kb] [文件加载：135]
[ info ] [ CACHE ] INIT File
[ info ] [ BEHAVIOR ] Run cmf\behavior\InitHookBehavior @app_init [ RunTime:0.002229s ]
[ info ] [ LANG ] /home/dagongwang/simplewind/thinkphp/lang/zh-cn.php
[ info ] [ ROUTE ] array (
  'type' => 'module',
  'module' => 
  array (
    0 => 'api',
    1 => 'Work',
    2 => 'getWork',
  ),
  'convert' => false,
)
[ info ] [ HEADER ] array (
  'accept-language' => 'zh-cn',
  'content-length' => '36',
  'referer' => 'http://wxdgw.wh68.wanheweb.com/html/index.html',
  'user-agent' => 'Mozilla/5.0 (iPhone; CPU iPhone OS 12_2 like Mac OS X) AppleWebKit/605.1.15 (KHTML, like Gecko) Mobile/15E148 MicroMessenger/7.0.4(0x17000428) NetType/4G Language/zh_CN',
  'accept' => 'application/json, text/javascript, */*; q=0.01',
  'connection' => 'keep-alive',
  'accept-encoding' => 'gzip, deflate',
  'openid' => 'ougGT5zYunHIBfpngnCsSYfIT1II',
  'origin' => 'http://wxdgw.wh68.wanheweb.com',
  'content-type' => 'application/x-www-form-urlencoded; charset=UTF-8',
  'host' => 'dgw.wh68.wanheweb.com',
)
[ info ] [ PARAM ] array (
  'city' => '861',
  'top' => '1',
  'type' => '8',
  'page' => '1',
  'limit' => '6',
)
[ info ] [ LANG ] /home/dagongwang/simplewind/cmf/behavior/../lang/zh-cn.php
[ info ] [ LANG ] /home/dagongwang/public/../app/admin/lang/zh-cn/common.php
[ info ] [ LANG ] /home/dagongwang/public/../app/portal/lang/zh-cn/common.php
[ info ] [ BEHAVIOR ] Run cmf\behavior\LangBehavior @app_begin [ RunTime:0.001120s ]
[ info ] [ BEHAVIOR ] Run cmf\behavior\InitAppHookBehavior @module_init [ RunTime:0.000289s ]
[ info ] [ DB ] INIT mysql
[ info ] [ RUN ] app\api\controller\WorkController->getWork[ /home/dagongwang/app/api/controller/WorkController.php ]
[ info ] [ LOG ] INIT File
[ sql ] [ DB ] CONNECT:[ UseTime:0.000431s ] mysql:host=127.0.0.1;port=3306;dbname=dgw_wh68_wanhewe;charset=utf8mb4
[ sql ] [ SQL ] SHOW COLUMNS FROM `cherry_work` [ RunTime:0.001036s ]
[ sql ] [ SQL ] SELECT COUNT(*) AS tp_count FROM `cherry_work` `w` LEFT JOIN `cherry_company` `c` ON `c`.`id`=`w`.`company_id` WHERE  `w`.`status` = 1  AND `c`.`city` = '861'  AND `w`.`top` = 1  AND `w`.`type` = '8' LIMIT 1 [ RunTime:0.000255s ]
[ sql ] [ EXPLAIN : array (
  'id' => 1,
  'select_type' => 'SIMPLE',
  'table' => 'c',
  'type' => 'ref',
  'possible_keys' => 'PRIMARY,city',
  'key' => 'city',
  'key_len' => '2',
  'ref' => 'const',
  'rows' => 10,
  'extra' => 'Using where; Using index',
) ]
[ sql ] [ SQL ] SELECT `c`.`short_name`,`w`.`supply`,`w`.`base_info`,`w`.`company_id`,`w`.`id`,`w`.`tag` FROM `cherry_work` `w` LEFT JOIN `cherry_company` `c` ON `c`.`id`=`w`.`company_id` WHERE  `w`.`status` = 1  AND `c`.`city` = '861'  AND `w`.`top` = 1  AND `w`.`type` = '8' LIMIT 0,6 [ RunTime:0.000289s ]
[ sql ] [ EXPLAIN : array (
  'id' => 1,
  'select_type' => 'SIMPLE',
  'table' => 'c',
  'type' => 'ALL',
  'possible_keys' => 'PRIMARY,city',
  'key' => NULL,
  'key_len' => NULL,
  'ref' => NULL,
  'rows' => 8,
  'extra' => 'Using where',
) ]
[ sql ] [ SQL ] SHOW COLUMNS FROM `cherry_company_picture` [ RunTime:0.000837s ]
[ sql ] [ SQL ] SELECT * FROM `cherry_company_picture` WHERE  `company_id` = 5 LIMIT 1 [ RunTime:0.000233s ]
[ sql ] [ EXPLAIN : array (
  'id' => 1,
  'select_type' => 'SIMPLE',
  'table' => 'cherry_company_picture',
  'type' => 'ref',
  'possible_keys' => 'company',
  'key' => 'company',
  'key_len' => '4',
  'ref' => 'const',
  'rows' => 6,
  'extra' => '',
) ]
[ sql ] [ SQL ] SHOW COLUMNS FROM `cherry_type` [ RunTime:0.000823s ]
[ sql ] [ SQL ] SELECT `name` FROM `cherry_type` WHERE  `id` = 1 LIMIT 1 [ RunTime:0.000238s ]
[ sql ] [ EXPLAIN : array (
  'id' => 1,
  'select_type' => 'SIMPLE',
  'table' => 'cherry_type',
  'type' => 'const',
  'possible_keys' => 'PRIMARY',
  'key' => 'PRIMARY',
  'key_len' => '4',
  'ref' => 'const',
  'rows' => 1,
  'extra' => '',
) ]
[ sql ] [ SQL ] SELECT `name` FROM `cherry_type` WHERE  `id` = 2 LIMIT 1 [ RunTime:0.000225s ]
[ sql ] [ EXPLAIN : array (
  'id' => 1,
  'select_type' => 'SIMPLE',
  'table' => 'cherry_type',
  'type' => 'const',
  'possible_keys' => 'PRIMARY',
  'key' => 'PRIMARY',
  'key_len' => '4',
  'ref' => 'const',
  'rows' => 1,
  'extra' => '',
) ]
[ sql ] [ SQL ] SELECT * FROM `cherry_company_picture` WHERE  `company_id` = 7 LIMIT 1 [ RunTime:0.000165s ]
[ sql ] [ EXPLAIN : array (
  'id' => 1,
  'select_type' => 'SIMPLE',
  'table' => 'cherry_company_picture',
  'type' => 'ref',
  'possible_keys' => 'company',
  'key' => 'company',
  'key_len' => '4',
  'ref' => 'const',
  'rows' => 3,
  'extra' => '',
) ]
[ sql ] [ SQL ] SELECT `name` FROM `cherry_type` WHERE  `id` = 1 LIMIT 1 [ RunTime:0.000161s ]
[ sql ] [ EXPLAIN : array (
  'id' => 1,
  'select_type' => 'SIMPLE',
  'table' => 'cherry_type',
  'type' => 'const',
  'possible_keys' => 'PRIMARY',
  'key' => 'PRIMARY',
  'key_len' => '4',
  'ref' => 'const',
  'rows' => 1,
  'extra' => '',
) ]
[ sql ] [ SQL ] SELECT `name` FROM `cherry_type` WHERE  `id` = 2 LIMIT 1 [ RunTime:0.000156s ]
[ sql ] [ EXPLAIN : array (
  'id' => 1,
  'select_type' => 'SIMPLE',
  'table' => 'cherry_type',
  'type' => 'const',
  'possible_keys' => 'PRIMARY',
  'key' => 'PRIMARY',
  'key_len' => '4',
  'ref' => 'const',
  'rows' => 1,
  'extra' => '',
) ]
[ sql ] [ SQL ] SELECT `name` FROM `cherry_type` WHERE  `id` = 3 LIMIT 1 [ RunTime:0.000161s ]
[ sql ] [ EXPLAIN : array (
  'id' => 1,
  'select_type' => 'SIMPLE',
  'table' => 'cherry_type',
  'type' => 'const',
  'possible_keys' => 'PRIMARY',
  'key' => 'PRIMARY',
  'key_len' => '4',
  'ref' => 'const',
  'rows' => 1,
  'extra' => '',
) ]
[ sql ] [ SQL ] SELECT * FROM `cherry_company_picture` WHERE  `company_id` = 9 LIMIT 1 [ RunTime:0.000163s ]
[ sql ] [ EXPLAIN : array (
  'id' => 1,
  'select_type' => 'SIMPLE',
  'table' => 'cherry_company_picture',
  'type' => 'ref',
  'possible_keys' => 'company',
  'key' => 'company',
  'key_len' => '4',
  'ref' => 'const',
  'rows' => 1,
  'extra' => '',
) ]
[ sql ] [ SQL ] SELECT `name` FROM `cherry_type` WHERE  `id` = 2 LIMIT 1 [ RunTime:0.000164s ]
[ sql ] [ EXPLAIN : array (
  'id' => 1,
  'select_type' => 'SIMPLE',
  'table' => 'cherry_type',
  'type' => 'const',
  'possible_keys' => 'PRIMARY',
  'key' => 'PRIMARY',
  'key_len' => '4',
  'ref' => 'const',
  'rows' => 1,
  'extra' => '',
) ]
[ sql ] [ SQL ] SELECT `name` FROM `cherry_type` WHERE  `id` = 3 LIMIT 1 [ RunTime:0.000153s ]
[ sql ] [ EXPLAIN : array (
  'id' => 1,
  'select_type' => 'SIMPLE',
  'table' => 'cherry_type',
  'type' => 'const',
  'possible_keys' => 'PRIMARY',
  'key' => 'PRIMARY',
  'key_len' => '4',
  'ref' => 'const',
  'rows' => 1,
  'extra' => '',
) ]
[ sql ] [ SQL ] SELECT * FROM `cherry_company_picture` WHERE  `company_id` = 10 LIMIT 1 [ RunTime:0.000164s ]
[ sql ] [ EXPLAIN : array (
  'id' => 1,
  'select_type' => 'SIMPLE',
  'table' => 'cherry_company_picture',
  'type' => 'ref',
  'possible_keys' => 'company',
  'key' => 'company',
  'key_len' => '4',
  'ref' => 'const',
  'rows' => 3,
  'extra' => '',
) ]
[ sql ] [ SQL ] SELECT `name` FROM `cherry_type` WHERE  `id` = 1 LIMIT 1 [ RunTime:0.000158s ]
[ sql ] [ EXPLAIN : array (
  'id' => 1,
  'select_type' => 'SIMPLE',
  'table' => 'cherry_type',
  'type' => 'const',
  'possible_keys' => 'PRIMARY',
  'key' => 'PRIMARY',
  'key_len' => '4',
  'ref' => 'const',
  'rows' => 1,
  'extra' => '',
) ]
[ sql ] [ SQL ] SELECT `name` FROM `cherry_type` WHERE  `id` = 2 LIMIT 1 [ RunTime:0.000155s ]
[ sql ] [ EXPLAIN : array (
  'id' => 1,
  'select_type' => 'SIMPLE',
  'table' => 'cherry_type',
  'type' => 'const',
  'possible_keys' => 'PRIMARY',
  'key' => 'PRIMARY',
  'key_len' => '4',
  'ref' => 'const',
  'rows' => 1,
  'extra' => '',
) ]
[ sql ] [ SQL ] SELECT * FROM `cherry_company_picture` WHERE  `company_id` = 11 LIMIT 1 [ RunTime:0.000164s ]
[ sql ] [ EXPLAIN : array (
  'id' => 1,
  'select_type' => 'SIMPLE',
  'table' => 'cherry_company_picture',
  'type' => 'ref',
  'possible_keys' => 'company',
  'key' => 'company',
  'key_len' => '4',
  'ref' => 'const',
  'rows' => 2,
  'extra' => '',
) ]
[ sql ] [ SQL ] SELECT `name` FROM `cherry_type` WHERE  `id` = 1 LIMIT 1 [ RunTime:0.000158s ]
[ sql ] [ EXPLAIN : array (
  'id' => 1,
  'select_type' => 'SIMPLE',
  'table' => 'cherry_type',
  'type' => 'const',
  'possible_keys' => 'PRIMARY',
  'key' => 'PRIMARY',
  'key_len' => '4',
  'ref' => 'const',
  'rows' => 1,
  'extra' => '',
) ]
[ sql ] [ SQL ] SELECT `name` FROM `cherry_type` WHERE  `id` = 2 LIMIT 1 [ RunTime:0.000153s ]
[ sql ] [ EXPLAIN : array (
  'id' => 1,
  'select_type' => 'SIMPLE',
  'table' => 'cherry_type',
  'type' => 'const',
  'possible_keys' => 'PRIMARY',
  'key' => 'PRIMARY',
  'key_len' => '4',
  'ref' => 'const',
  'rows' => 1,
  'extra' => '',
) ]
[ sql ] [ SQL ] SELECT * FROM `cherry_company_picture` WHERE  `company_id` = 12 LIMIT 1 [ RunTime:0.000161s ]
[ sql ] [ EXPLAIN : array (
  'id' => 1,
  'select_type' => 'SIMPLE',
  'table' => 'cherry_company_picture',
  'type' => 'ref',
  'possible_keys' => 'company',
  'key' => 'company',
  'key_len' => '4',
  'ref' => 'const',
  'rows' => 1,
  'extra' => '',
) ]
[ sql ] [ SQL ] SELECT `name` FROM `cherry_type` WHERE  `id` = 1 LIMIT 1 [ RunTime:0.000152s ]
[ sql ] [ EXPLAIN : array (
  'id' => 1,
  'select_type' => 'SIMPLE',
  'table' => 'cherry_type',
  'type' => 'const',
  'possible_keys' => 'PRIMARY',
  'key' => 'PRIMARY',
  'key_len' => '4',
  'ref' => 'const',
  'rows' => 1,
  'extra' => '',
) ]
[ sql ] [ SQL ] SELECT `name` FROM `cherry_type` WHERE  `id` = 2 LIMIT 1 [ RunTime:0.000146s ]
[ sql ] [ EXPLAIN : array (
  'id' => 1,
  'select_type' => 'SIMPLE',
  'table' => 'cherry_type',
  'type' => 'const',
  'possible_keys' => 'PRIMARY',
  'key' => 'PRIMARY',
  'key_len' => '4',
  'ref' => 'const',
  'rows' => 1,
  'extra' => '',
) ]
